mode: atomic
github.com/AlmatJuvashev/phd-students-portal/backend/internal/middleware/auth.go:19.71,21.38 2 12
github.com/AlmatJuvashev/phd-students-portal/backend/internal/middleware/auth.go:21.38,22.14 1 2
github.com/AlmatJuvashev/phd-students-portal/backend/internal/middleware/auth.go:22.14,24.4 1 1
github.com/AlmatJuvashev/phd-students-portal/backend/internal/middleware/auth.go:24.9,26.4 1 1
github.com/AlmatJuvashev/phd-students-portal/backend/internal/middleware/auth.go:27.3,27.20 1 2
github.com/AlmatJuvashev/phd-students-portal/backend/internal/middleware/auth.go:29.2,30.63 2 10
github.com/AlmatJuvashev/phd-students-portal/backend/internal/middleware/auth.go:30.63,33.3 2 3
github.com/AlmatJuvashev/phd-students-portal/backend/internal/middleware/auth.go:34.2,35.92 2 7
github.com/AlmatJuvashev/phd-students-portal/backend/internal/middleware/auth.go:35.92,37.3 1 7
github.com/AlmatJuvashev/phd-students-portal/backend/internal/middleware/auth.go:38.2,38.16 1 7
github.com/AlmatJuvashev/phd-students-portal/backend/internal/middleware/auth.go:38.16,41.3 2 2
github.com/AlmatJuvashev/phd-students-portal/backend/internal/middleware/auth.go:42.2,42.21 1 5
github.com/AlmatJuvashev/phd-students-portal/backend/internal/middleware/auth.go:48.50,49.30 1 8
github.com/AlmatJuvashev/phd-students-portal/backend/internal/middleware/auth.go:49.30,51.10 2 10
github.com/AlmatJuvashev/phd-students-portal/backend/internal/middleware/auth.go:51.10,53.4 1 7
github.com/AlmatJuvashev/phd-students-portal/backend/internal/middleware/auth.go:54.3,55.11 2 3
github.com/AlmatJuvashev/phd-students-portal/backend/internal/middleware/auth.go:60.52,62.26 2 3
github.com/AlmatJuvashev/phd-students-portal/backend/internal/middleware/auth.go:62.26,64.3 1 5
github.com/AlmatJuvashev/phd-students-portal/backend/internal/middleware/auth.go:65.2,65.30 1 3
github.com/AlmatJuvashev/phd-students-portal/backend/internal/middleware/auth.go:65.30,67.10 2 3
github.com/AlmatJuvashev/phd-students-portal/backend/internal/middleware/auth.go:67.10,70.4 2 1
github.com/AlmatJuvashev/phd-students-portal/backend/internal/middleware/auth.go:71.3,72.17 2 2
github.com/AlmatJuvashev/phd-students-portal/backend/internal/middleware/auth.go:72.17,75.4 2 1
github.com/AlmatJuvashev/phd-students-portal/backend/internal/middleware/auth.go:76.3,76.11 1 1
github.com/AlmatJuvashev/phd-students-portal/backend/internal/middleware/auth.go:90.75,93.9 3 2
github.com/AlmatJuvashev/phd-students-portal/backend/internal/middleware/auth.go:93.9,96.3 2 0
github.com/AlmatJuvashev/phd-students-portal/backend/internal/middleware/auth.go:97.2,98.15 2 2
github.com/AlmatJuvashev/phd-students-portal/backend/internal/middleware/auth.go:98.15,101.3 2 0
github.com/AlmatJuvashev/phd-students-portal/backend/internal/middleware/auth.go:102.2,106.38 3 2
github.com/AlmatJuvashev/phd-students-portal/backend/internal/middleware/auth.go:106.38,109.3 2 2
github.com/AlmatJuvashev/phd-students-portal/backend/internal/middleware/auth.go:109.8,111.3 1 0
github.com/AlmatJuvashev/phd-students-portal/backend/internal/middleware/auth.go:112.2,112.15 1 2
github.com/AlmatJuvashev/phd-students-portal/backend/internal/middleware/auth.go:112.15,113.68 1 0
github.com/AlmatJuvashev/phd-students-portal/backend/internal/middleware/auth.go:113.68,116.70 3 0
github.com/AlmatJuvashev/phd-students-portal/backend/internal/middleware/auth.go:116.70,122.5 5 0
github.com/AlmatJuvashev/phd-students-portal/backend/internal/middleware/auth.go:122.10,126.5 2 0
github.com/AlmatJuvashev/phd-students-portal/backend/internal/middleware/auth.go:127.9,129.4 1 0
github.com/AlmatJuvashev/phd-students-portal/backend/internal/middleware/auth.go:132.2,135.16 4 2
github.com/AlmatJuvashev/phd-students-portal/backend/internal/middleware/auth.go:135.16,138.3 2 1
github.com/AlmatJuvashev/phd-students-portal/backend/internal/middleware/auth.go:139.2,139.16 1 1
github.com/AlmatJuvashev/phd-students-portal/backend/internal/middleware/auth.go:139.16,142.3 2 0
github.com/AlmatJuvashev/phd-students-portal/backend/internal/middleware/auth.go:143.2,145.15 3 1
github.com/AlmatJuvashev/phd-students-portal/backend/internal/middleware/auth.go:145.15,147.3 1 0
github.com/AlmatJuvashev/phd-students-portal/backend/internal/middleware/auth.go:148.2,150.27 3 1
github.com/AlmatJuvashev/phd-students-portal/backend/internal/middleware/auth.go:153.85,154.30 1 2
github.com/AlmatJuvashev/phd-students-portal/backend/internal/middleware/auth.go:154.30,159.10 3 2
github.com/AlmatJuvashev/phd-students-portal/backend/internal/middleware/auth.go:159.10,162.4 2 0
github.com/AlmatJuvashev/phd-students-portal/backend/internal/middleware/auth.go:163.3,166.61 2 2
github.com/AlmatJuvashev/phd-students-portal/backend/internal/middleware/auth.go:166.61,168.4 1 0
github.com/AlmatJuvashev/phd-students-portal/backend/internal/middleware/auth.go:168.9,170.4 1 2
github.com/AlmatJuvashev/phd-students-portal/backend/internal/middleware/auth.go:171.3,171.55 1 2
github.com/AlmatJuvashev/phd-students-portal/backend/internal/middleware/auth.go:171.55,173.4 1 0
github.com/AlmatJuvashev/phd-students-portal/backend/internal/middleware/auth.go:175.3,180.19 5 2
github.com/AlmatJuvashev/phd-students-portal/backend/internal/middleware/auth.go:180.19,183.4 2 1
github.com/AlmatJuvashev/phd-students-portal/backend/internal/middleware/auth.go:184.3,184.50 1 1
github.com/AlmatJuvashev/phd-students-portal/backend/internal/middleware/auth.go:184.50,187.4 2 0
github.com/AlmatJuvashev/phd-students-portal/backend/internal/middleware/auth.go:188.3,189.11 2 1
github.com/AlmatJuvashev/phd-students-portal/backend/internal/middleware/logging.go:11.38,12.30 1 0
github.com/AlmatJuvashev/phd-students-portal/backend/internal/middleware/logging.go:12.30,17.3 4 0
github.com/AlmatJuvashev/phd-students-portal/backend/internal/middleware/superadmin.go:11.42,12.30 1 4
github.com/AlmatJuvashev/phd-students-portal/backend/internal/middleware/superadmin.go:12.30,15.14 2 4
github.com/AlmatJuvashev/phd-students-portal/backend/internal/middleware/superadmin.go:15.14,19.4 3 1
github.com/AlmatJuvashev/phd-students-portal/backend/internal/middleware/superadmin.go:21.3,21.64 1 3
github.com/AlmatJuvashev/phd-students-portal/backend/internal/middleware/superadmin.go:21.64,25.4 3 2
github.com/AlmatJuvashev/phd-students-portal/backend/internal/middleware/superadmin.go:27.3,27.11 1 1
github.com/AlmatJuvashev/phd-students-portal/backend/internal/middleware/tenant.go:21.52,22.30 1 0
github.com/AlmatJuvashev/phd-students-portal/backend/internal/middleware/tenant.go:22.30,24.17 2 0
github.com/AlmatJuvashev/phd-students-portal/backend/internal/middleware/tenant.go:24.17,28.4 3 0
github.com/AlmatJuvashev/phd-students-portal/backend/internal/middleware/tenant.go:31.3,32.27 2 0
github.com/AlmatJuvashev/phd-students-portal/backend/internal/middleware/tenant.go:32.27,36.4 3 0
github.com/AlmatJuvashev/phd-students-portal/backend/internal/middleware/tenant.go:37.3,37.17 1 0
github.com/AlmatJuvashev/phd-students-portal/backend/internal/middleware/tenant.go:37.17,42.4 4 0
github.com/AlmatJuvashev/phd-students-portal/backend/internal/middleware/tenant.go:44.3,44.23 1 0
github.com/AlmatJuvashev/phd-students-portal/backend/internal/middleware/tenant.go:44.23,48.4 3 0
github.com/AlmatJuvashev/phd-students-portal/backend/internal/middleware/tenant.go:51.3,59.11 5 0
github.com/AlmatJuvashev/phd-students-portal/backend/internal/middleware/tenant.go:65.47,67.58 1 0
github.com/AlmatJuvashev/phd-students-portal/backend/internal/middleware/tenant.go:67.58,69.3 1 0
github.com/AlmatJuvashev/phd-students-portal/backend/internal/middleware/tenant.go:72.2,75.58 2 0
github.com/AlmatJuvashev/phd-students-portal/backend/internal/middleware/tenant.go:75.58,77.3 1 0
github.com/AlmatJuvashev/phd-students-portal/backend/internal/middleware/tenant.go:80.2,80.48 1 0
github.com/AlmatJuvashev/phd-students-portal/backend/internal/middleware/tenant.go:80.48,83.3 1 0
github.com/AlmatJuvashev/phd-students-portal/backend/internal/middleware/tenant.go:86.2,87.21 2 0
github.com/AlmatJuvashev/phd-students-portal/backend/internal/middleware/tenant.go:87.21,91.69 2 0
github.com/AlmatJuvashev/phd-students-portal/backend/internal/middleware/tenant.go:91.69,93.4 1 0
github.com/AlmatJuvashev/phd-students-portal/backend/internal/middleware/tenant.go:96.2,96.11 1 0
github.com/AlmatJuvashev/phd-students-portal/backend/internal/middleware/tenant.go:100.72,105.16 4 0
github.com/AlmatJuvashev/phd-students-portal/backend/internal/middleware/tenant.go:105.16,107.3 1 0
github.com/AlmatJuvashev/phd-students-portal/backend/internal/middleware/tenant.go:108.2,108.21 1 0
github.com/AlmatJuvashev/phd-students-portal/backend/internal/middleware/tenant.go:112.47,113.52 1 0
github.com/AlmatJuvashev/phd-students-portal/backend/internal/middleware/tenant.go:113.52,114.45 1 0
github.com/AlmatJuvashev/phd-students-portal/backend/internal/middleware/tenant.go:114.45,116.4 1 0
github.com/AlmatJuvashev/phd-students-portal/backend/internal/middleware/tenant.go:118.2,118.12 1 0
github.com/AlmatJuvashev/phd-students-portal/backend/internal/middleware/tenant.go:122.41,123.54 1 3
github.com/AlmatJuvashev/phd-students-portal/backend/internal/middleware/tenant.go:123.54,124.33 1 2
github.com/AlmatJuvashev/phd-students-portal/backend/internal/middleware/tenant.go:124.33,126.4 1 2
github.com/AlmatJuvashev/phd-students-portal/backend/internal/middleware/tenant.go:128.2,128.11 1 1
github.com/AlmatJuvashev/phd-students-portal/backend/internal/middleware/tenant.go:132.43,133.56 1 0
github.com/AlmatJuvashev/phd-students-portal/backend/internal/middleware/tenant.go:133.56,134.35 1 0
github.com/AlmatJuvashev/phd-students-portal/backend/internal/middleware/tenant.go:134.35,136.4 1 0
github.com/AlmatJuvashev/phd-students-portal/backend/internal/middleware/tenant.go:138.2,138.11 1 0
github.com/AlmatJuvashev/phd-students-portal/backend/internal/middleware/tenant.go:142.38,143.30 1 3
github.com/AlmatJuvashev/phd-students-portal/backend/internal/middleware/tenant.go:143.30,144.27 1 3
github.com/AlmatJuvashev/phd-students-portal/backend/internal/middleware/tenant.go:144.27,148.4 3 2
github.com/AlmatJuvashev/phd-students-portal/backend/internal/middleware/tenant.go:149.3,149.11 1 1
