mode: set
github.com/AlmatJuvashev/phd-students-portal/backend/internal/auth/jwt.go:10.87,19.2 3 1
github.com/AlmatJuvashev/phd-students-portal/backend/internal/auth/jwt.go:22.119,33.2 3 1
github.com/AlmatJuvashev/phd-students-portal/backend/internal/auth/password.go:18.28,19.21 1 1
github.com/AlmatJuvashev/phd-students-portal/backend/internal/auth/password.go:19.21,22.3 2 1
github.com/AlmatJuvashev/phd-students-portal/backend/internal/auth/password.go:23.2,24.65 2 1
github.com/AlmatJuvashev/phd-students-portal/backend/internal/auth/password.go:28.46,31.2 2 1
github.com/AlmatJuvashev/phd-students-portal/backend/internal/auth/password.go:34.42,36.2 1 1
github.com/AlmatJuvashev/phd-students-portal/backend/internal/auth/password.go:39.31,44.2 4 1
github.com/AlmatJuvashev/phd-students-portal/backend/internal/auth/password.go:47.54,49.40 2 1
github.com/AlmatJuvashev/phd-students-portal/backend/internal/auth/password.go:49.40,51.3 1 0
github.com/AlmatJuvashev/phd-students-portal/backend/internal/auth/password.go:52.2,52.34 1 1
github.com/AlmatJuvashev/phd-students-portal/backend/internal/auth/password.go:56.47,57.21 1 1
github.com/AlmatJuvashev/phd-students-portal/backend/internal/auth/password.go:58.46,59.14 1 1
github.com/AlmatJuvashev/phd-students-portal/backend/internal/auth/password.go:60.10,61.15 1 1
github.com/AlmatJuvashev/phd-students-portal/backend/internal/worker/cleanup.go:24.94,30.2 1 1
github.com/AlmatJuvashev/phd-students-portal/backend/internal/worker/cleanup.go:33.52,42.6 5 1
github.com/AlmatJuvashev/phd-students-portal/backend/internal/worker/cleanup.go:42.6,43.10 1 1
github.com/AlmatJuvashev/phd-students-portal/backend/internal/worker/cleanup.go:44.19,45.21 1 0
github.com/AlmatJuvashev/phd-students-portal/backend/internal/worker/cleanup.go:46.21,48.10 2 1
github.com/AlmatJuvashev/phd-students-portal/backend/internal/worker/cleanup.go:53.57,56.23 2 1
github.com/AlmatJuvashev/phd-students-portal/backend/internal/worker/cleanup.go:56.23,59.3 2 1
github.com/AlmatJuvashev/phd-students-portal/backend/internal/worker/cleanup.go:62.2,64.16 3 1
github.com/AlmatJuvashev/phd-students-portal/backend/internal/worker/cleanup.go:64.16,67.3 2 0
github.com/AlmatJuvashev/phd-students-portal/backend/internal/worker/cleanup.go:70.2,71.29 2 1
github.com/AlmatJuvashev/phd-students-portal/backend/internal/worker/cleanup.go:71.29,73.3 1 1
github.com/AlmatJuvashev/phd-students-portal/backend/internal/worker/cleanup.go:75.2,93.6 6 1
github.com/AlmatJuvashev/phd-students-portal/backend/internal/worker/cleanup.go:93.6,95.17 2 1
github.com/AlmatJuvashev/phd-students-portal/backend/internal/worker/cleanup.go:95.17,97.9 2 1
github.com/AlmatJuvashev/phd-students-portal/backend/internal/worker/cleanup.go:100.3,100.42 1 1
github.com/AlmatJuvashev/phd-students-portal/backend/internal/worker/cleanup.go:100.42,101.25 1 1
github.com/AlmatJuvashev/phd-students-portal/backend/internal/worker/cleanup.go:101.25,102.13 1 0
github.com/AlmatJuvashev/phd-students-portal/backend/internal/worker/cleanup.go:106.4,106.51 1 1
github.com/AlmatJuvashev/phd-students-portal/backend/internal/worker/cleanup.go:106.51,111.77 2 1
github.com/AlmatJuvashev/phd-students-portal/backend/internal/worker/cleanup.go:111.77,116.20 2 1
github.com/AlmatJuvashev/phd-students-portal/backend/internal/worker/cleanup.go:116.20,118.7 1 1
github.com/AlmatJuvashev/phd-students-portal/backend/internal/worker/cleanup.go:118.12,121.7 2 1
github.com/AlmatJuvashev/phd-students-portal/backend/internal/worker/cleanup.go:122.11,122.42 1 1
github.com/AlmatJuvashev/phd-students-portal/backend/internal/worker/cleanup.go:122.42,124.6 1 1
github.com/AlmatJuvashev/phd-students-portal/backend/internal/worker/cleanup.go:128.3,128.55 1 1
github.com/AlmatJuvashev/phd-students-portal/backend/internal/worker/cleanup.go:128.55,130.4 1 1
github.com/AlmatJuvashev/phd-students-portal/backend/internal/worker/cleanup.go:130.9,131.9 1 1
github.com/AlmatJuvashev/phd-students-portal/backend/internal/worker/cleanup.go:135.2,135.112 1 1
