mode: set
github.com/AlmatJuvashev/phd-students-portal/backend/cmd/mock/main.go:26.13,28.46 2 0
github.com/AlmatJuvashev/phd-students-portal/backend/cmd/mock/main.go:28.46,30.3 1 0
github.com/AlmatJuvashev/phd-students-portal/backend/cmd/mock/main.go:31.2,36.16 5 0
github.com/AlmatJuvashev/phd-students-portal/backend/cmd/mock/main.go:36.16,37.13 1 0
github.com/AlmatJuvashev/phd-students-portal/backend/cmd/mock/main.go:40.2,46.31 6 0
github.com/AlmatJuvashev/phd-students-portal/backend/cmd/mock/main.go:46.31,49.28 3 0
github.com/AlmatJuvashev/phd-students-portal/backend/cmd/mock/main.go:49.28,53.4 3 0
github.com/AlmatJuvashev/phd-students-portal/backend/cmd/mock/main.go:56.2,59.51 4 0
github.com/AlmatJuvashev/phd-students-portal/backend/cmd/mock/main.go:62.27,64.29 2 0
github.com/AlmatJuvashev/phd-students-portal/backend/cmd/mock/main.go:64.29,66.3 1 0
github.com/AlmatJuvashev/phd-students-portal/backend/cmd/mock/main.go:67.2,68.66 2 0
github.com/AlmatJuvashev/phd-students-portal/backend/cmd/mock/main.go:80.47,83.26 3 0
github.com/AlmatJuvashev/phd-students-portal/backend/cmd/mock/main.go:83.26,91.17 7 0
github.com/AlmatJuvashev/phd-students-portal/backend/cmd/mock/main.go:91.17,93.12 2 0
github.com/AlmatJuvashev/phd-students-portal/backend/cmd/mock/main.go:95.3,95.118 1 0
github.com/AlmatJuvashev/phd-students-portal/backend/cmd/mock/main.go:97.2,97.12 1 0
github.com/AlmatJuvashev/phd-students-portal/backend/cmd/mock/main.go:100.64,111.16 10 0
github.com/AlmatJuvashev/phd-students-portal/backend/cmd/mock/main.go:111.16,114.3 2 0
github.com/AlmatJuvashev/phd-students-portal/backend/cmd/mock/main.go:115.2,125.101 8 0
github.com/AlmatJuvashev/phd-students-portal/backend/cmd/mock/main.go:128.117,131.35 3 0
github.com/AlmatJuvashev/phd-students-portal/backend/cmd/mock/main.go:131.35,133.22 2 0
github.com/AlmatJuvashev/phd-students-portal/backend/cmd/mock/main.go:133.22,134.12 1 0
github.com/AlmatJuvashev/phd-students-portal/backend/cmd/mock/main.go:136.3,137.34 2 0
github.com/AlmatJuvashev/phd-students-portal/backend/cmd/mock/main.go:137.34,139.19 2 0
github.com/AlmatJuvashev/phd-students-portal/backend/cmd/mock/main.go:139.19,141.5 1 0
github.com/AlmatJuvashev/phd-students-portal/backend/cmd/mock/main.go:142.4,144.25 3 0
github.com/AlmatJuvashev/phd-students-portal/backend/cmd/mock/main.go:144.25,146.5 1 0
github.com/AlmatJuvashev/phd-students-portal/backend/cmd/mock/main.go:147.4,149.47 2 0
github.com/AlmatJuvashev/phd-students-portal/backend/cmd/mock/main.go:149.47,153.5 2 0
github.com/AlmatJuvashev/phd-students-portal/backend/cmd/mock/main.go:158.73,170.36 5 0
github.com/AlmatJuvashev/phd-students-portal/backend/cmd/mock/main.go:170.36,173.29 3 0
github.com/AlmatJuvashev/phd-students-portal/backend/cmd/mock/main.go:173.29,175.4 1 0
github.com/AlmatJuvashev/phd-students-portal/backend/cmd/mock/main.go:176.3,176.20 1 0
github.com/AlmatJuvashev/phd-students-portal/backend/cmd/mock/main.go:178.2,178.21 1 0
github.com/AlmatJuvashev/phd-students-portal/backend/cmd/mock/main.go:181.27,184.2 2 0
github.com/AlmatJuvashev/phd-students-portal/backend/cmd/mock/main.go:186.26,189.2 2 0
github.com/AlmatJuvashev/phd-students-portal/backend/cmd/mock/main.go:191.27,193.2 1 0
github.com/AlmatJuvashev/phd-students-portal/backend/cmd/mock/main.go:195.29,198.2 2 0
github.com/AlmatJuvashev/phd-students-portal/backend/cmd/mock/main.go:200.32,203.2 2 0
github.com/AlmatJuvashev/phd-students-portal/backend/cmd/mock/main.go:205.28,208.2 2 0
github.com/AlmatJuvashev/phd-students-portal/backend/cmd/clean_test_data/main.go:12.13,15.17 3 0
github.com/AlmatJuvashev/phd-students-portal/backend/cmd/clean_test_data/main.go:15.17,17.3 1 0
github.com/AlmatJuvashev/phd-students-portal/backend/cmd/clean_test_data/main.go:19.2,28.16 6 0
github.com/AlmatJuvashev/phd-students-portal/backend/cmd/clean_test_data/main.go:28.16,30.3 1 0
github.com/AlmatJuvashev/phd-students-portal/backend/cmd/clean_test_data/main.go:31.2,32.55 2 0
github.com/AlmatJuvashev/phd-students-portal/backend/cmd/clean_test_data/main.go:32.55,34.3 1 0
github.com/AlmatJuvashev/phd-students-portal/backend/cmd/clean_test_data/main.go:37.2,39.16 3 0
github.com/AlmatJuvashev/phd-students-portal/backend/cmd/clean_test_data/main.go:39.16,41.3 1 0
github.com/AlmatJuvashev/phd-students-portal/backend/cmd/clean_test_data/main.go:42.2,43.55 2 0
github.com/AlmatJuvashev/phd-students-portal/backend/cmd/clean_test_data/main.go:43.55,45.3 1 0
github.com/AlmatJuvashev/phd-students-portal/backend/cmd/clean_test_data/main.go:46.2,46.16 1 0
github.com/AlmatJuvashev/phd-students-portal/backend/cmd/clean_test_data/main.go:46.16,48.3 1 0
github.com/AlmatJuvashev/phd-students-portal/backend/cmd/clean_test_data/main.go:48.8,50.3 1 0
github.com/AlmatJuvashev/phd-students-portal/backend/cmd/seed_test_users/main.go:14.13,15.49 1 0
github.com/AlmatJuvashev/phd-students-portal/backend/cmd/seed_test_users/main.go:15.49,17.3 1 0
github.com/AlmatJuvashev/phd-students-portal/backend/cmd/seed_test_users/main.go:18.2,19.17 2 0
github.com/AlmatJuvashev/phd-students-portal/backend/cmd/seed_test_users/main.go:19.17,21.3 1 0
github.com/AlmatJuvashev/phd-students-portal/backend/cmd/seed_test_users/main.go:22.2,23.16 2 0
github.com/AlmatJuvashev/phd-students-portal/backend/cmd/seed_test_users/main.go:23.16,25.3 1 0
github.com/AlmatJuvashev/phd-students-portal/backend/cmd/seed_test_users/main.go:26.2,34.16 5 0
github.com/AlmatJuvashev/phd-students-portal/backend/cmd/seed_test_users/main.go:34.16,36.3 1 0
github.com/AlmatJuvashev/phd-students-portal/backend/cmd/seed_test_users/main.go:36.8,38.3 1 0
github.com/AlmatJuvashev/phd-students-portal/backend/cmd/seed_test_users/main.go:41.2,46.16 4 0
github.com/AlmatJuvashev/phd-students-portal/backend/cmd/seed_test_users/main.go:46.16,48.3 1 0
github.com/AlmatJuvashev/phd-students-portal/backend/cmd/seed_test_users/main.go:48.8,50.3 1 0
github.com/AlmatJuvashev/phd-students-portal/backend/cmd/seed_test_users/main.go:52.2,52.22 1 0
github.com/AlmatJuvashev/phd-students-portal/backend/cmd/seed_playbook/main.go:13.13,21.17 5 0
github.com/AlmatJuvashev/phd-students-portal/backend/cmd/seed_playbook/main.go:21.17,23.3 1 0
github.com/AlmatJuvashev/phd-students-portal/backend/cmd/seed_playbook/main.go:25.2,30.16 5 0
github.com/AlmatJuvashev/phd-students-portal/backend/cmd/seed_playbook/main.go:30.16,32.3 1 0
github.com/AlmatJuvashev/phd-students-portal/backend/cmd/seed_playbook/main.go:34.2,34.45 1 0
github.com/AlmatJuvashev/phd-students-portal/backend/cmd/server/main.go:30.13,41.16 8 0
github.com/AlmatJuvashev/phd-students-portal/backend/cmd/server/main.go:41.16,43.3 1 0
github.com/AlmatJuvashev/phd-students-portal/backend/cmd/server/main.go:45.2,45.15 1 0
github.com/AlmatJuvashev/phd-students-portal/backend/cmd/server/main.go:45.15,46.40 1 0
github.com/AlmatJuvashev/phd-students-portal/backend/cmd/server/main.go:46.40,48.4 1 0
github.com/AlmatJuvashev/phd-students-portal/backend/cmd/server/main.go:49.3,50.9 2 0
github.com/AlmatJuvashev/phd-students-portal/backend/cmd/server/main.go:53.2,53.21 1 0
github.com/AlmatJuvashev/phd-students-portal/backend/cmd/server/main.go:53.21,54.63 1 0
github.com/AlmatJuvashev/phd-students-portal/backend/cmd/server/main.go:54.63,56.4 1 0
github.com/AlmatJuvashev/phd-students-portal/backend/cmd/server/main.go:56.9,56.23 1 0
github.com/AlmatJuvashev/phd-students-portal/backend/cmd/server/main.go:56.23,58.4 1 0
github.com/AlmatJuvashev/phd-students-portal/backend/cmd/server/main.go:58.9,60.4 1 0
github.com/AlmatJuvashev/phd-students-portal/backend/cmd/server/main.go:61.3,61.9 1 0
github.com/AlmatJuvashev/phd-students-portal/backend/cmd/server/main.go:65.2,65.62 1 0
github.com/AlmatJuvashev/phd-students-portal/backend/cmd/server/main.go:65.62,67.3 1 0
github.com/AlmatJuvashev/phd-students-portal/backend/cmd/server/main.go:67.8,67.22 1 0
github.com/AlmatJuvashev/phd-students-portal/backend/cmd/server/main.go:67.22,69.3 1 0
github.com/AlmatJuvashev/phd-students-portal/backend/cmd/server/main.go:70.2,70.50 1 0
github.com/AlmatJuvashev/phd-students-portal/backend/cmd/server/main.go:70.50,72.3 1 0
github.com/AlmatJuvashev/phd-students-portal/backend/cmd/server/main.go:74.2,82.16 5 0
github.com/AlmatJuvashev/phd-students-portal/backend/cmd/server/main.go:82.16,84.3 1 0
github.com/AlmatJuvashev/phd-students-portal/backend/cmd/server/main.go:86.2,89.49 3 0
github.com/AlmatJuvashev/phd-students-portal/backend/cmd/server/main.go:89.49,93.3 3 0
github.com/AlmatJuvashev/phd-students-portal/backend/cmd/server/main.go:93.8,95.3 1 0
github.com/AlmatJuvashev/phd-students-portal/backend/cmd/server/main.go:98.2,101.12 3 0
github.com/AlmatJuvashev/phd-students-portal/backend/cmd/server/main.go:101.12,103.49 2 0
github.com/AlmatJuvashev/phd-students-portal/backend/cmd/server/main.go:103.49,105.4 1 0
github.com/AlmatJuvashev/phd-students-portal/backend/cmd/server/main.go:108.2,111.31 4 0
github.com/AlmatJuvashev/phd-students-portal/backend/internal/config/config.go:34.27,56.27 2 0
github.com/AlmatJuvashev/phd-students-portal/backend/internal/config/config.go:56.27,58.3 1 0
github.com/AlmatJuvashev/phd-students-portal/backend/internal/config/config.go:59.2,64.12 3 0
github.com/AlmatJuvashev/phd-students-portal/backend/internal/config/config.go:67.32,68.32 1 0
github.com/AlmatJuvashev/phd-students-portal/backend/internal/config/config.go:68.32,70.3 1 0
github.com/AlmatJuvashev/phd-students-portal/backend/internal/config/config.go:71.2,71.12 1 0
github.com/AlmatJuvashev/phd-students-portal/backend/internal/config/config.go:74.25,78.2 3 0
github.com/AlmatJuvashev/phd-students-portal/backend/internal/auth/jwt.go:10.87,19.2 3 0
github.com/AlmatJuvashev/phd-students-portal/backend/internal/auth/password.go:18.28,19.21 1 0
github.com/AlmatJuvashev/phd-students-portal/backend/internal/auth/password.go:19.21,22.3 2 0
github.com/AlmatJuvashev/phd-students-portal/backend/internal/auth/password.go:23.2,24.65 2 0
github.com/AlmatJuvashev/phd-students-portal/backend/internal/auth/password.go:28.46,31.2 2 0
github.com/AlmatJuvashev/phd-students-portal/backend/internal/auth/password.go:34.42,36.2 1 0
github.com/AlmatJuvashev/phd-students-portal/backend/internal/auth/password.go:39.31,44.2 4 0
github.com/AlmatJuvashev/phd-students-portal/backend/internal/db/db.go:11.36,13.16 2 0
github.com/AlmatJuvashev/phd-students-portal/backend/internal/db/db.go:13.16,15.3 1 0
github.com/AlmatJuvashev/phd-students-portal/backend/internal/db/db.go:16.2,16.11 1 0
github.com/AlmatJuvashev/phd-students-portal/backend/internal/db/redis.go:12.31,14.15 2 0
github.com/AlmatJuvashev/phd-students-portal/backend/internal/db/redis.go:14.15,16.3 1 0
github.com/AlmatJuvashev/phd-students-portal/backend/internal/db/redis.go:17.2,18.16 2 0
github.com/AlmatJuvashev/phd-students-portal/backend/internal/db/redis.go:18.16,20.3 1 0
github.com/AlmatJuvashev/phd-students-portal/backend/internal/db/redis.go:21.2,24.10 3 0
github.com/AlmatJuvashev/phd-students-portal/backend/internal/db/redis.go:28.75,29.14 1 0
github.com/AlmatJuvashev/phd-students-portal/backend/internal/db/redis.go:29.14,31.3 1 0
github.com/AlmatJuvashev/phd-students-portal/backend/internal/db/redis.go:32.2,32.54 1 0
github.com/AlmatJuvashev/phd-students-portal/backend/internal/db/redis.go:36.60,37.14 1 0
github.com/AlmatJuvashev/phd-students-portal/backend/internal/db/redis.go:37.14,39.3 1 0
github.com/AlmatJuvashev/phd-students-portal/backend/internal/db/redis.go:40.2,40.50 1 0
github.com/AlmatJuvashev/phd-students-portal/backend/internal/seed/contacts.go:22.58,24.25 2 0
github.com/AlmatJuvashev/phd-students-portal/backend/internal/seed/contacts.go:25.14,26.16 1 0
github.com/AlmatJuvashev/phd-students-portal/backend/internal/seed/contacts.go:26.16,28.4 1 0
github.com/AlmatJuvashev/phd-students-portal/backend/internal/seed/contacts.go:29.30,30.26 1 0
github.com/AlmatJuvashev/phd-students-portal/backend/internal/seed/contacts.go:30.26,31.43 1 0
github.com/AlmatJuvashev/phd-students-portal/backend/internal/seed/contacts.go:31.43,33.5 1 0
github.com/AlmatJuvashev/phd-students-portal/backend/internal/seed/contacts.go:35.25,36.25 1 0
github.com/AlmatJuvashev/phd-students-portal/backend/internal/seed/contacts.go:36.25,37.15 1 0
github.com/AlmatJuvashev/phd-students-portal/backend/internal/seed/contacts.go:37.15,39.5 1 0
github.com/AlmatJuvashev/phd-students-portal/backend/internal/seed/contacts.go:42.2,42.19 1 0
github.com/AlmatJuvashev/phd-students-portal/backend/internal/seed/contacts.go:42.19,44.3 1 0
github.com/AlmatJuvashev/phd-students-portal/backend/internal/seed/contacts.go:45.2,45.12 1 0
github.com/AlmatJuvashev/phd-students-portal/backend/internal/seed/contacts.go:49.40,51.73 2 0
github.com/AlmatJuvashev/phd-students-portal/backend/internal/seed/contacts.go:51.73,52.48 1 0
github.com/AlmatJuvashev/phd-students-portal/backend/internal/seed/contacts.go:52.48,55.4 1 0
github.com/AlmatJuvashev/phd-students-portal/backend/internal/seed/contacts.go:56.3,56.13 1 0
github.com/AlmatJuvashev/phd-students-portal/backend/internal/seed/contacts.go:58.2,58.16 1 0
github.com/AlmatJuvashev/phd-students-portal/backend/internal/seed/contacts.go:58.16,60.3 1 0
github.com/AlmatJuvashev/phd-students-portal/backend/internal/seed/contacts.go:62.2,69.26 3 0
github.com/AlmatJuvashev/phd-students-portal/backend/internal/seed/contacts.go:69.26,70.43 1 0
github.com/AlmatJuvashev/phd-students-portal/backend/internal/seed/contacts.go:70.43,72.9 2 0
github.com/AlmatJuvashev/phd-students-portal/backend/internal/seed/contacts.go:75.2,75.17 1 0
github.com/AlmatJuvashev/phd-students-portal/backend/internal/seed/contacts.go:75.17,77.3 1 0
github.com/AlmatJuvashev/phd-students-portal/backend/internal/seed/contacts.go:79.2,80.51 2 0
github.com/AlmatJuvashev/phd-students-portal/backend/internal/seed/contacts.go:80.51,82.3 1 0
github.com/AlmatJuvashev/phd-students-portal/backend/internal/seed/contacts.go:84.2,85.16 2 0
github.com/AlmatJuvashev/phd-students-portal/backend/internal/seed/contacts.go:85.16,87.3 1 0
github.com/AlmatJuvashev/phd-students-portal/backend/internal/seed/contacts.go:88.2,91.25 3 0
github.com/AlmatJuvashev/phd-students-portal/backend/internal/seed/contacts.go:91.25,93.18 2 0
github.com/AlmatJuvashev/phd-students-portal/backend/internal/seed/contacts.go:93.18,94.12 1 0
github.com/AlmatJuvashev/phd-students-portal/backend/internal/seed/contacts.go:96.3,100.17 2 0
github.com/AlmatJuvashev/phd-students-portal/backend/internal/seed/contacts.go:100.17,102.4 1 0
github.com/AlmatJuvashev/phd-students-portal/backend/internal/seed/contacts.go:103.3,103.10 1 0
github.com/AlmatJuvashev/phd-students-portal/backend/internal/seed/contacts.go:106.2,106.20 1 0
github.com/AlmatJuvashev/phd-students-portal/backend/internal/seed/contacts.go:109.43,110.13 1 0
github.com/AlmatJuvashev/phd-students-portal/backend/internal/seed/contacts.go:110.13,112.3 1 0
github.com/AlmatJuvashev/phd-students-portal/backend/internal/seed/contacts.go:113.2,113.10 1 0
github.com/AlmatJuvashev/phd-students-portal/backend/internal/seed/contacts.go:116.46,117.29 1 0
github.com/AlmatJuvashev/phd-students-portal/backend/internal/seed/contacts.go:117.29,119.3 1 0
github.com/AlmatJuvashev/phd-students-portal/backend/internal/seed/contacts.go:120.2,121.16 2 0
github.com/AlmatJuvashev/phd-students-portal/backend/internal/seed/contacts.go:121.16,123.3 1 0
github.com/AlmatJuvashev/phd-students-portal/backend/internal/seed/contacts.go:124.2,124.10 1 0
github.com/AlmatJuvashev/phd-students-portal/backend/internal/seed/seed.go:25.29,29.16 4 0
github.com/AlmatJuvashev/phd-students-portal/backend/internal/seed/seed.go:29.16,31.3 1 0
github.com/AlmatJuvashev/phd-students-portal/backend/internal/seed/seed.go:32.2,33.46 2 0
github.com/AlmatJuvashev/phd-students-portal/backend/internal/seed/seed.go:33.46,35.3 1 0
github.com/AlmatJuvashev/phd-students-portal/backend/internal/seed/seed.go:37.2,39.30 2 0
github.com/AlmatJuvashev/phd-students-portal/backend/internal/seed/seed.go:39.30,44.3 1 0
github.com/AlmatJuvashev/phd-students-portal/backend/internal/seed/seed.go:46.2,50.25 5 0
github.com/AlmatJuvashev/phd-students-portal/backend/internal/seed/seed.go:50.25,52.3 1 0
github.com/AlmatJuvashev/phd-students-portal/backend/internal/seed/seed.go:55.2,55.30 1 0
github.com/AlmatJuvashev/phd-students-portal/backend/internal/seed/seed.go:55.30,56.29 1 0
github.com/AlmatJuvashev/phd-students-portal/backend/internal/seed/seed.go:56.29,61.4 1 0
github.com/AlmatJuvashev/phd-students-portal/backend/internal/seed/seed.go:63.2,63.20 1 0
github.com/AlmatJuvashev/phd-students-portal/backend/internal/seed/superadmin.go:14.88,16.17 2 0
github.com/AlmatJuvashev/phd-students-portal/backend/internal/seed/superadmin.go:16.17,18.3 1 0
github.com/AlmatJuvashev/phd-students-portal/backend/internal/seed/superadmin.go:19.2,20.14 2 0
github.com/AlmatJuvashev/phd-students-portal/backend/internal/seed/superadmin.go:20.14,23.3 2 0
github.com/AlmatJuvashev/phd-students-portal/backend/internal/seed/superadmin.go:24.2,28.16 4 0
github.com/AlmatJuvashev/phd-students-portal/backend/internal/seed/superadmin.go:28.16,29.27 1 0
github.com/AlmatJuvashev/phd-students-portal/backend/internal/seed/superadmin.go:29.27,37.4 5 0
github.com/AlmatJuvashev/phd-students-portal/backend/internal/seed/superadmin.go:38.3,38.24 1 0
github.com/AlmatJuvashev/phd-students-portal/backend/internal/seed/superadmin.go:41.2,41.29 1 0
github.com/AlmatJuvashev/phd-students-portal/backend/internal/seed/superadmin.go:41.29,43.3 1 0
github.com/AlmatJuvashev/phd-students-portal/backend/internal/seed/superadmin.go:44.2,44.23 1 0
github.com/AlmatJuvashev/phd-students-portal/backend/internal/models/chat.go:72.56,74.2 1 0
github.com/AlmatJuvashev/phd-students-portal/backend/internal/models/chat.go:76.57,78.9 2 0
github.com/AlmatJuvashev/phd-students-portal/backend/internal/models/chat.go:78.9,80.3 1 0
github.com/AlmatJuvashev/phd-students-portal/backend/internal/models/chat.go:81.2,81.30 1 0
github.com/AlmatJuvashev/phd-students-portal/backend/internal/logging/logging.go:8.35,8.88 1 0
github.com/AlmatJuvashev/phd-students-portal/backend/internal/logging/logging.go:9.35,9.88 1 0
github.com/AlmatJuvashev/phd-students-portal/backend/internal/logging/logging.go:10.35,10.89 1 0
github.com/AlmatJuvashev/phd-students-portal/backend/internal/permissions/policy.go:26.88,27.18 1 0
github.com/AlmatJuvashev/phd-students-portal/backend/internal/permissions/policy.go:28.20,29.40 1 0
github.com/AlmatJuvashev/phd-students-portal/backend/internal/permissions/policy.go:30.21,31.41 1 0
github.com/AlmatJuvashev/phd-students-portal/backend/internal/permissions/policy.go:32.10,33.15 1 0
github.com/AlmatJuvashev/phd-students-portal/backend/internal/permissions/policy.go:37.73,39.9 2 0
github.com/AlmatJuvashev/phd-students-portal/backend/internal/permissions/policy.go:39.9,41.20 1 0
github.com/AlmatJuvashev/phd-students-portal/backend/internal/permissions/policy.go:41.20,43.30 1 0
github.com/AlmatJuvashev/phd-students-portal/backend/internal/permissions/policy.go:43.30,45.5 1 0
github.com/AlmatJuvashev/phd-students-portal/backend/internal/permissions/policy.go:47.3,47.15 1 0
github.com/AlmatJuvashev/phd-students-portal/backend/internal/permissions/policy.go:51.2,51.41 1 0
github.com/AlmatJuvashev/phd-students-portal/backend/internal/permissions/policy.go:51.41,53.3 1 0
github.com/AlmatJuvashev/phd-students-portal/backend/internal/permissions/policy.go:56.2,56.36 1 0
github.com/AlmatJuvashev/phd-students-portal/backend/internal/permissions/policy.go:56.36,58.3 1 0
github.com/AlmatJuvashev/phd-students-portal/backend/internal/permissions/policy.go:61.2,61.31 1 0
github.com/AlmatJuvashev/phd-students-portal/backend/internal/permissions/policy.go:61.31,63.3 1 0
github.com/AlmatJuvashev/phd-students-portal/backend/internal/permissions/policy.go:67.2,67.79 1 0
github.com/AlmatJuvashev/phd-students-portal/backend/internal/permissions/policy.go:67.79,69.3 1 0
github.com/AlmatJuvashev/phd-students-portal/backend/internal/permissions/policy.go:71.2,71.14 1 0
github.com/AlmatJuvashev/phd-students-portal/backend/internal/permissions/policy.go:74.74,76.9 2 0
github.com/AlmatJuvashev/phd-students-portal/backend/internal/permissions/policy.go:76.9,77.20 1 0
github.com/AlmatJuvashev/phd-students-portal/backend/internal/permissions/policy.go:77.20,80.4 1 0
github.com/AlmatJuvashev/phd-students-portal/backend/internal/permissions/policy.go:81.3,81.15 1 0
github.com/AlmatJuvashev/phd-students-portal/backend/internal/permissions/policy.go:84.2,84.75 1 0
github.com/AlmatJuvashev/phd-students-portal/backend/internal/permissions/policy.go:84.75,86.3 1 0
github.com/AlmatJuvashev/phd-students-portal/backend/internal/permissions/policy.go:89.2,89.39 1 0
github.com/AlmatJuvashev/phd-students-portal/backend/internal/permissions/policy.go:89.39,91.3 1 0
github.com/AlmatJuvashev/phd-students-portal/backend/internal/permissions/policy.go:94.2,94.26 1 0
github.com/AlmatJuvashev/phd-students-portal/backend/internal/permissions/policy.go:94.26,99.3 1 0
github.com/AlmatJuvashev/phd-students-portal/backend/internal/permissions/policy.go:101.2,101.14 1 0
github.com/AlmatJuvashev/phd-students-portal/backend/internal/services/chat/store.go:18.35,20.2 1 0
github.com/AlmatJuvashev/phd-students-portal/backend/internal/services/chat/store.go:23.158,24.20 1 0
github.com/AlmatJuvashev/phd-students-portal/backend/internal/services/chat/store.go:24.20,26.3 1 0
github.com/AlmatJuvashev/phd-students-portal/backend/internal/services/chat/store.go:27.2,42.16 3 0
github.com/AlmatJuvashev/phd-students-portal/backend/internal/services/chat/store.go:42.16,44.3 1 0
github.com/AlmatJuvashev/phd-students-portal/backend/internal/services/chat/store.go:45.2,45.19 1 0
github.com/AlmatJuvashev/phd-students-portal/backend/internal/services/chat/store.go:49.120,59.16 3 0
github.com/AlmatJuvashev/phd-students-portal/backend/internal/services/chat/store.go:59.16,61.3 1 0
github.com/AlmatJuvashev/phd-students-portal/backend/internal/services/chat/store.go:62.2,62.19 1 0
github.com/AlmatJuvashev/phd-students-portal/backend/internal/services/chat/store.go:66.87,73.16 3 0
github.com/AlmatJuvashev/phd-students-portal/backend/internal/services/chat/store.go:73.16,75.3 1 0
github.com/AlmatJuvashev/phd-students-portal/backend/internal/services/chat/store.go:76.2,76.19 1 0
github.com/AlmatJuvashev/phd-students-portal/backend/internal/services/chat/store.go:80.97,108.2 3 0
github.com/AlmatJuvashev/phd-students-portal/backend/internal/services/chat/store.go:111.84,119.2 3 0
github.com/AlmatJuvashev/phd-students-portal/backend/internal/services/chat/store.go:122.109,130.2 2 0
github.com/AlmatJuvashev/phd-students-portal/backend/internal/services/chat/store.go:133.80,138.2 2 0
github.com/AlmatJuvashev/phd-students-portal/backend/internal/services/chat/store.go:150.91,160.2 3 0
github.com/AlmatJuvashev/phd-students-portal/backend/internal/services/chat/store.go:163.168,164.24 1 0
github.com/AlmatJuvashev/phd-students-portal/backend/internal/services/chat/store.go:164.24,166.3 1 0
github.com/AlmatJuvashev/phd-students-portal/backend/internal/services/chat/store.go:167.2,181.16 3 0
github.com/AlmatJuvashev/phd-students-portal/backend/internal/services/chat/store.go:181.16,183.3 1 0
github.com/AlmatJuvashev/phd-students-portal/backend/internal/services/chat/store.go:184.2,184.18 1 0
github.com/AlmatJuvashev/phd-students-portal/backend/internal/services/chat/store.go:188.133,189.31 1 0
github.com/AlmatJuvashev/phd-students-portal/backend/internal/services/chat/store.go:189.31,191.3 1 0
github.com/AlmatJuvashev/phd-students-portal/backend/internal/services/chat/store.go:193.2,213.19 4 0
github.com/AlmatJuvashev/phd-students-portal/backend/internal/services/chat/store.go:213.19,217.3 3 0
github.com/AlmatJuvashev/phd-students-portal/backend/internal/services/chat/store.go:218.2,218.18 1 0
github.com/AlmatJuvashev/phd-students-portal/backend/internal/services/chat/store.go:218.18,222.3 3 0
github.com/AlmatJuvashev/phd-students-portal/backend/internal/services/chat/store.go:224.2,229.22 5 0
github.com/AlmatJuvashev/phd-students-portal/backend/internal/services/chat/store.go:233.112,241.16 3 0
github.com/AlmatJuvashev/phd-students-portal/backend/internal/services/chat/store.go:241.16,243.3 1 0
github.com/AlmatJuvashev/phd-students-portal/backend/internal/services/chat/store.go:244.2,244.18 1 0
github.com/AlmatJuvashev/phd-students-portal/backend/internal/services/chat/store.go:248.80,254.16 2 0
github.com/AlmatJuvashev/phd-students-portal/backend/internal/services/chat/store.go:254.16,256.3 1 0
github.com/AlmatJuvashev/phd-students-portal/backend/internal/services/chat/store.go:257.2,258.16 2 0
github.com/AlmatJuvashev/phd-students-portal/backend/internal/services/chat/store.go:258.16,260.3 1 0
github.com/AlmatJuvashev/phd-students-portal/backend/internal/services/chat/store.go:261.2,261.15 1 0
github.com/AlmatJuvashev/phd-students-portal/backend/internal/services/chat/store.go:261.15,263.3 1 0
github.com/AlmatJuvashev/phd-students-portal/backend/internal/services/chat/store.go:264.2,264.12 1 0
github.com/AlmatJuvashev/phd-students-portal/backend/internal/services/chat/store.go:268.82,276.2 2 0
github.com/AlmatJuvashev/phd-students-portal/backend/internal/services/chat/store.go:278.25,280.2 1 0
github.com/AlmatJuvashev/phd-students-portal/backend/internal/services/debouncer/debouncer.go:18.56,20.21 2 0
github.com/AlmatJuvashev/phd-students-portal/backend/internal/services/debouncer/debouncer.go:20.21,22.3 1 0
github.com/AlmatJuvashev/phd-students-portal/backend/internal/services/debouncer/debouncer.go:24.2,27.66 3 0
github.com/AlmatJuvashev/phd-students-portal/backend/internal/services/debouncer/debouncer.go:27.66,28.63 1 0
github.com/AlmatJuvashev/phd-students-portal/backend/internal/services/debouncer/debouncer.go:28.63,30.4 1 0
github.com/AlmatJuvashev/phd-students-portal/backend/internal/services/debouncer/debouncer.go:33.2,44.47 5 0
github.com/AlmatJuvashev/phd-students-portal/backend/internal/services/debouncer/debouncer.go:44.47,47.3 2 0
github.com/AlmatJuvashev/phd-students-portal/backend/internal/services/debouncer/debouncer.go:49.2,53.3 1 0
github.com/AlmatJuvashev/phd-students-portal/backend/internal/services/debouncer/debouncer.go:58.113,59.16 1 0
github.com/AlmatJuvashev/phd-students-portal/backend/internal/services/debouncer/debouncer.go:59.16,61.3 1 0
github.com/AlmatJuvashev/phd-students-portal/backend/internal/services/debouncer/debouncer.go:63.2,67.16 3 0
github.com/AlmatJuvashev/phd-students-portal/backend/internal/services/debouncer/debouncer.go:67.16,70.3 2 0
github.com/AlmatJuvashev/phd-students-portal/backend/internal/services/debouncer/debouncer.go:72.2,72.16 1 0
github.com/AlmatJuvashev/phd-students-portal/backend/internal/services/debouncer/debouncer.go:72.16,75.3 1 0
github.com/AlmatJuvashev/phd-students-portal/backend/internal/services/debouncer/debouncer.go:78.2,78.82 1 0
github.com/AlmatJuvashev/phd-students-portal/backend/internal/services/debouncer/debouncer.go:78.82,80.3 1 0
github.com/AlmatJuvashev/phd-students-portal/backend/internal/services/debouncer/debouncer.go:82.2,82.13 1 0
github.com/AlmatJuvashev/phd-students-portal/backend/internal/services/debouncer/debouncer.go:85.90,87.2 1 0
github.com/AlmatJuvashev/phd-students-portal/backend/internal/services/debouncer/debouncer.go:89.47,90.21 1 0
github.com/AlmatJuvashev/phd-students-portal/backend/internal/services/debouncer/debouncer.go:90.21,92.3 1 0
github.com/AlmatJuvashev/phd-students-portal/backend/internal/services/debouncer/debouncer.go:93.2,93.12 1 0
github.com/AlmatJuvashev/phd-students-portal/backend/internal/services/mailer/mailer.go:20.26,28.2 1 0
github.com/AlmatJuvashev/phd-students-portal/backend/internal/services/mailer/mailer.go:30.72,31.34 1 0
github.com/AlmatJuvashev/phd-students-portal/backend/internal/services/mailer/mailer.go:31.34,34.3 2 0
github.com/AlmatJuvashev/phd-students-portal/backend/internal/services/mailer/mailer.go:36.2,40.38 4 0
github.com/AlmatJuvashev/phd-students-portal/backend/internal/services/mailer/mailer.go:40.38,42.3 1 0
github.com/AlmatJuvashev/phd-students-portal/backend/internal/services/mailer/mailer.go:44.2,45.16 2 0
github.com/AlmatJuvashev/phd-students-portal/backend/internal/services/mailer/mailer.go:45.16,48.3 2 0
github.com/AlmatJuvashev/phd-students-portal/backend/internal/services/mailer/mailer.go:50.2,51.12 2 0
github.com/AlmatJuvashev/phd-students-portal/backend/internal/services/mailer/mailer.go:54.117,104.16 4 0
github.com/AlmatJuvashev/phd-students-portal/backend/internal/services/mailer/mailer.go:104.16,106.3 1 0
github.com/AlmatJuvashev/phd-students-portal/backend/internal/services/mailer/mailer.go:108.2,116.16 3 0
github.com/AlmatJuvashev/phd-students-portal/backend/internal/services/mailer/mailer.go:116.16,118.3 1 0
github.com/AlmatJuvashev/phd-students-portal/backend/internal/services/mailer/mailer.go:120.2,120.59 1 0
github.com/AlmatJuvashev/phd-students-portal/backend/internal/services/mailer/mailer.go:123.64,132.2 8 0
github.com/AlmatJuvashev/phd-students-portal/backend/internal/storage/object_key.go:13.74,18.23 5 0
github.com/AlmatJuvashev/phd-students-portal/backend/internal/storage/object_key.go:18.23,20.3 1 0
github.com/AlmatJuvashev/phd-students-portal/backend/internal/storage/object_key.go:21.2,21.23 1 0
github.com/AlmatJuvashev/phd-students-portal/backend/internal/storage/object_key.go:21.23,23.3 1 0
github.com/AlmatJuvashev/phd-students-portal/backend/internal/storage/object_key.go:24.2,24.23 1 0
github.com/AlmatJuvashev/phd-students-portal/backend/internal/storage/object_key.go:24.23,26.3 1 0
github.com/AlmatJuvashev/phd-students-portal/backend/internal/storage/object_key.go:27.2,28.122 2 0
github.com/AlmatJuvashev/phd-students-portal/backend/internal/storage/object_key.go:32.65,35.22 3 0
github.com/AlmatJuvashev/phd-students-portal/backend/internal/storage/object_key.go:35.22,37.3 1 0
github.com/AlmatJuvashev/phd-students-portal/backend/internal/storage/object_key.go:38.2,39.72 2 0
github.com/AlmatJuvashev/phd-students-portal/backend/internal/storage/object_key.go:42.43,44.16 2 0
github.com/AlmatJuvashev/phd-students-portal/backend/internal/storage/object_key.go:44.16,46.3 1 0
github.com/AlmatJuvashev/phd-students-portal/backend/internal/storage/object_key.go:47.2,49.25 3 0
github.com/AlmatJuvashev/phd-students-portal/backend/internal/storage/object_key.go:49.25,50.10 1 0
github.com/AlmatJuvashev/phd-students-portal/backend/internal/storage/object_key.go:51.29,52.18 1 0
github.com/AlmatJuvashev/phd-students-portal/backend/internal/storage/object_key.go:53.29,54.18 1 0
github.com/AlmatJuvashev/phd-students-portal/backend/internal/storage/object_key.go:55.41,56.18 1 0
github.com/AlmatJuvashev/phd-students-portal/backend/internal/storage/object_key.go:57.11,58.20 1 0
github.com/AlmatJuvashev/phd-students-portal/backend/internal/storage/object_key.go:61.2,62.15 2 0
github.com/AlmatJuvashev/phd-students-portal/backend/internal/storage/object_key.go:62.15,64.3 1 0
github.com/AlmatJuvashev/phd-students-portal/backend/internal/storage/object_key.go:65.2,65.19 1 0
github.com/AlmatJuvashev/phd-students-portal/backend/internal/storage/object_key.go:65.19,67.3 1 0
github.com/AlmatJuvashev/phd-students-portal/backend/internal/storage/object_key.go:68.2,68.12 1 0
github.com/AlmatJuvashev/phd-students-portal/backend/internal/storage/object_key.go:71.41,75.24 4 0
github.com/AlmatJuvashev/phd-students-portal/backend/internal/storage/object_key.go:75.24,76.10 1 0
github.com/AlmatJuvashev/phd-students-portal/backend/internal/storage/object_key.go:77.29,78.18 1 0
github.com/AlmatJuvashev/phd-students-portal/backend/internal/storage/object_key.go:79.29,80.18 1 0
github.com/AlmatJuvashev/phd-students-portal/backend/internal/storage/object_key.go:81.29,82.18 1 0
github.com/AlmatJuvashev/phd-students-portal/backend/internal/storage/object_key.go:83.11,83.11 0 0
github.com/AlmatJuvashev/phd-students-portal/backend/internal/storage/object_key.go:86.2,87.19 2 0
github.com/AlmatJuvashev/phd-students-portal/backend/internal/storage/object_key.go:87.19,89.3 1 0
github.com/AlmatJuvashev/phd-students-portal/backend/internal/storage/object_key.go:90.2,90.12 1 0
github.com/AlmatJuvashev/phd-students-portal/backend/internal/worker/cleanup.go:18.87,24.2 1 0
github.com/AlmatJuvashev/phd-students-portal/backend/internal/worker/cleanup.go:27.52,36.6 5 0
github.com/AlmatJuvashev/phd-students-portal/backend/internal/worker/cleanup.go:36.6,37.10 1 0
github.com/AlmatJuvashev/phd-students-portal/backend/internal/worker/cleanup.go:38.19,39.21 1 0
github.com/AlmatJuvashev/phd-students-portal/backend/internal/worker/cleanup.go:40.21,42.10 2 0
github.com/AlmatJuvashev/phd-students-portal/backend/internal/worker/cleanup.go:47.57,50.23 2 0
github.com/AlmatJuvashev/phd-students-portal/backend/internal/worker/cleanup.go:50.23,53.3 2 0
github.com/AlmatJuvashev/phd-students-portal/backend/internal/worker/cleanup.go:56.2,58.16 3 0
github.com/AlmatJuvashev/phd-students-portal/backend/internal/worker/cleanup.go:58.16,61.3 2 0
github.com/AlmatJuvashev/phd-students-portal/backend/internal/worker/cleanup.go:64.2,65.29 2 0
github.com/AlmatJuvashev/phd-students-portal/backend/internal/worker/cleanup.go:65.29,67.3 1 0
github.com/AlmatJuvashev/phd-students-portal/backend/internal/worker/cleanup.go:69.2,80.31 6 0
github.com/AlmatJuvashev/phd-students-portal/backend/internal/worker/cleanup.go:80.31,82.17 2 0
github.com/AlmatJuvashev/phd-students-portal/backend/internal/worker/cleanup.go:82.17,84.9 2 0
github.com/AlmatJuvashev/phd-students-portal/backend/internal/worker/cleanup.go:87.3,87.40 1 0
github.com/AlmatJuvashev/phd-students-portal/backend/internal/worker/cleanup.go:87.40,88.25 1 0
github.com/AlmatJuvashev/phd-students-portal/backend/internal/worker/cleanup.go:88.25,89.13 1 0
github.com/AlmatJuvashev/phd-students-portal/backend/internal/worker/cleanup.go:93.4,93.51 1 0
github.com/AlmatJuvashev/phd-students-portal/backend/internal/worker/cleanup.go:93.51,98.77 2 0
github.com/AlmatJuvashev/phd-students-portal/backend/internal/worker/cleanup.go:98.77,103.20 2 0
github.com/AlmatJuvashev/phd-students-portal/backend/internal/worker/cleanup.go:103.20,105.7 1 0
github.com/AlmatJuvashev/phd-students-portal/backend/internal/worker/cleanup.go:105.12,108.7 2 0
github.com/AlmatJuvashev/phd-students-portal/backend/internal/worker/cleanup.go:109.11,109.42 1 0
github.com/AlmatJuvashev/phd-students-portal/backend/internal/worker/cleanup.go:109.42,111.6 1 0
github.com/AlmatJuvashev/phd-students-portal/backend/internal/worker/cleanup.go:116.2,116.112 1 0
github.com/AlmatJuvashev/phd-students-portal/backend/internal/services/analytics_service.go:13.57,15.2 1 0
github.com/AlmatJuvashev/phd-students-portal/backend/internal/services/analytics_service.go:22.97,34.16 4 0
github.com/AlmatJuvashev/phd-students-portal/backend/internal/services/analytics_service.go:34.16,36.3 1 0
github.com/AlmatJuvashev/phd-students-portal/backend/internal/services/analytics_service.go:37.2,37.19 1 0
github.com/AlmatJuvashev/phd-students-portal/backend/internal/services/analytics_service.go:45.92,58.16 4 0
github.com/AlmatJuvashev/phd-students-portal/backend/internal/services/analytics_service.go:58.16,60.3 1 0
github.com/AlmatJuvashev/phd-students-portal/backend/internal/services/analytics_service.go:61.2,61.19 1 0
github.com/AlmatJuvashev/phd-students-portal/backend/internal/services/analytics_service.go:69.93,83.16 4 0
github.com/AlmatJuvashev/phd-students-portal/backend/internal/services/analytics_service.go:83.16,85.3 1 0
github.com/AlmatJuvashev/phd-students-portal/backend/internal/services/analytics_service.go:86.2,86.19 1 0
github.com/AlmatJuvashev/phd-students-portal/backend/internal/services/calendar_service.go:16.55,18.2 1 0
github.com/AlmatJuvashev/phd-students-portal/backend/internal/services/calendar_service.go:20.107,22.16 2 0
github.com/AlmatJuvashev/phd-students-portal/backend/internal/services/calendar_service.go:22.16,24.3 1 0
github.com/AlmatJuvashev/phd-students-portal/backend/internal/services/calendar_service.go:25.2,34.16 4 0
github.com/AlmatJuvashev/phd-students-portal/backend/internal/services/calendar_service.go:34.16,36.3 1 0
github.com/AlmatJuvashev/phd-students-portal/backend/internal/services/calendar_service.go:37.2,37.17 1 0
github.com/AlmatJuvashev/phd-students-portal/backend/internal/services/calendar_service.go:37.17,39.3 1 0
github.com/AlmatJuvashev/phd-students-portal/backend/internal/services/calendar_service.go:40.2,43.24 2 0
github.com/AlmatJuvashev/phd-students-portal/backend/internal/services/calendar_service.go:43.24,48.36 2 0
github.com/AlmatJuvashev/phd-students-portal/backend/internal/services/calendar_service.go:48.36,50.18 2 0
github.com/AlmatJuvashev/phd-students-portal/backend/internal/services/calendar_service.go:50.18,52.5 1 0
github.com/AlmatJuvashev/phd-students-portal/backend/internal/services/calendar_service.go:56.2,56.20 1 0
github.com/AlmatJuvashev/phd-students-portal/backend/internal/services/calendar_service.go:59.119,69.16 4 0
github.com/AlmatJuvashev/phd-students-portal/backend/internal/services/calendar_service.go:69.16,71.3 1 0
github.com/AlmatJuvashev/phd-students-portal/backend/internal/services/calendar_service.go:72.2,72.20 1 0
github.com/AlmatJuvashev/phd-students-portal/backend/internal/services/calendar_service.go:75.96,79.16 4 0
github.com/AlmatJuvashev/phd-students-portal/backend/internal/services/calendar_service.go:79.16,81.3 1 0
github.com/AlmatJuvashev/phd-students-portal/backend/internal/services/calendar_service.go:82.2,82.20 1 0
github.com/AlmatJuvashev/phd-students-portal/backend/internal/services/calendar_service.go:85.87,94.16 3 0
github.com/AlmatJuvashev/phd-students-portal/backend/internal/services/calendar_service.go:94.16,96.3 1 0
github.com/AlmatJuvashev/phd-students-portal/backend/internal/services/calendar_service.go:98.2,99.16 2 0
github.com/AlmatJuvashev/phd-students-portal/backend/internal/services/calendar_service.go:99.16,101.3 1 0
github.com/AlmatJuvashev/phd-students-portal/backend/internal/services/calendar_service.go:102.2,102.15 1 0
github.com/AlmatJuvashev/phd-students-portal/backend/internal/services/calendar_service.go:102.15,104.3 1 0
github.com/AlmatJuvashev/phd-students-portal/backend/internal/services/calendar_service.go:105.2,105.12 1 0
github.com/AlmatJuvashev/phd-students-portal/backend/internal/services/calendar_service.go:108.90,111.16 3 0
github.com/AlmatJuvashev/phd-students-portal/backend/internal/services/calendar_service.go:111.16,113.3 1 0
github.com/AlmatJuvashev/phd-students-portal/backend/internal/services/calendar_service.go:114.2,115.16 2 0
github.com/AlmatJuvashev/phd-students-portal/backend/internal/services/calendar_service.go:115.16,117.3 1 0
github.com/AlmatJuvashev/phd-students-portal/backend/internal/services/calendar_service.go:118.2,118.15 1 0
github.com/AlmatJuvashev/phd-students-portal/backend/internal/services/calendar_service.go:118.15,120.3 1 0
github.com/AlmatJuvashev/phd-students-portal/backend/internal/services/calendar_service.go:121.2,121.12 1 0
github.com/AlmatJuvashev/phd-students-portal/backend/internal/services/email.go:20.38,28.20 7 0
github.com/AlmatJuvashev/phd-students-portal/backend/internal/services/email.go:28.20,30.3 1 0
github.com/AlmatJuvashev/phd-students-portal/backend/internal/services/email.go:32.2,33.14 2 0
github.com/AlmatJuvashev/phd-students-portal/backend/internal/services/email.go:33.14,35.3 1 0
github.com/AlmatJuvashev/phd-students-portal/backend/internal/services/email.go:37.2,45.3 1 0
github.com/AlmatJuvashev/phd-students-portal/backend/internal/services/email.go:48.80,49.16 1 0
github.com/AlmatJuvashev/phd-students-portal/backend/internal/services/email.go:49.16,52.3 2 0
github.com/AlmatJuvashev/phd-students-portal/backend/internal/services/email.go:54.2,71.39 4 0
github.com/AlmatJuvashev/phd-students-portal/backend/internal/services/email.go:74.79,75.16 1 0
github.com/AlmatJuvashev/phd-students-portal/backend/internal/services/email.go:75.16,78.3 2 0
github.com/AlmatJuvashev/phd-students-portal/backend/internal/services/email.go:80.2,90.39 3 0
github.com/AlmatJuvashev/phd-students-portal/backend/internal/services/email.go:93.89,94.16 1 0
github.com/AlmatJuvashev/phd-students-portal/backend/internal/services/email.go:94.16,97.3 2 0
github.com/AlmatJuvashev/phd-students-portal/backend/internal/services/email.go:99.2,110.39 3 0
github.com/AlmatJuvashev/phd-students-portal/backend/internal/services/email.go:113.66,115.16 2 0
github.com/AlmatJuvashev/phd-students-portal/backend/internal/services/email.go:115.16,117.3 1 0
github.com/AlmatJuvashev/phd-students-portal/backend/internal/services/email.go:119.2,125.16 5 0
github.com/AlmatJuvashev/phd-students-portal/backend/internal/services/email.go:125.16,128.3 2 0
github.com/AlmatJuvashev/phd-students-portal/backend/internal/services/email.go:130.2,131.12 2 0
github.com/AlmatJuvashev/phd-students-portal/backend/internal/services/notification_service.go:15.63,17.2 1 0
github.com/AlmatJuvashev/phd-students-portal/backend/internal/services/notification_service.go:19.105,26.16 3 0
github.com/AlmatJuvashev/phd-students-portal/backend/internal/services/notification_service.go:26.16,28.3 1 0
github.com/AlmatJuvashev/phd-students-portal/backend/internal/services/notification_service.go:29.2,29.17 1 0
github.com/AlmatJuvashev/phd-students-portal/backend/internal/services/notification_service.go:29.17,31.3 1 0
github.com/AlmatJuvashev/phd-students-portal/backend/internal/services/notification_service.go:32.2,33.12 2 0
github.com/AlmatJuvashev/phd-students-portal/backend/internal/services/notification_service.go:36.121,44.16 4 0
github.com/AlmatJuvashev/phd-students-portal/backend/internal/services/notification_service.go:44.16,46.3 1 0
github.com/AlmatJuvashev/phd-students-portal/backend/internal/services/notification_service.go:47.2,47.20 1 0
github.com/AlmatJuvashev/phd-students-portal/backend/internal/services/notification_service.go:50.100,53.16 3 0
github.com/AlmatJuvashev/phd-students-portal/backend/internal/services/notification_service.go:53.16,55.3 1 0
github.com/AlmatJuvashev/phd-students-portal/backend/internal/services/notification_service.go:56.2,57.19 2 0
github.com/AlmatJuvashev/phd-students-portal/backend/internal/services/notification_service.go:57.19,59.3 1 0
github.com/AlmatJuvashev/phd-students-portal/backend/internal/services/notification_service.go:60.2,60.12 1 0
github.com/AlmatJuvashev/phd-students-portal/backend/internal/services/notification_service.go:63.87,67.2 3 0
github.com/AlmatJuvashev/phd-students-portal/backend/internal/services/redis.go:9.41,11.16 2 0
github.com/AlmatJuvashev/phd-students-portal/backend/internal/services/redis.go:11.16,13.3 1 0
github.com/AlmatJuvashev/phd-students-portal/backend/internal/services/redis.go:14.2,14.29 1 0
github.com/AlmatJuvashev/phd-students-portal/backend/internal/services/s3.go:32.40,34.18 2 1
github.com/AlmatJuvashev/phd-students-portal/backend/internal/services/s3.go:34.18,36.3 1 1
github.com/AlmatJuvashev/phd-students-portal/backend/internal/services/s3.go:37.2,43.34 5 1
github.com/AlmatJuvashev/phd-students-portal/backend/internal/services/s3.go:43.34,45.3 1 1
github.com/AlmatJuvashev/phd-students-portal/backend/internal/services/s3.go:47.2,49.27 3 1
github.com/AlmatJuvashev/phd-students-portal/backend/internal/services/s3.go:49.27,51.3 1 1
github.com/AlmatJuvashev/phd-students-portal/backend/internal/services/s3.go:52.2,65.20 5 1
github.com/AlmatJuvashev/phd-students-portal/backend/internal/services/s3.go:65.20,66.126 1 1
github.com/AlmatJuvashev/phd-students-portal/backend/internal/services/s3.go:66.126,68.4 1 0
github.com/AlmatJuvashev/phd-students-portal/backend/internal/services/s3.go:69.3,74.69 2 1
github.com/AlmatJuvashev/phd-students-portal/backend/internal/services/s3.go:75.8,81.3 2 0
github.com/AlmatJuvashev/phd-students-portal/backend/internal/services/s3.go:82.2,82.16 1 1
github.com/AlmatJuvashev/phd-students-portal/backend/internal/services/s3.go:82.16,84.3 1 0
github.com/AlmatJuvashev/phd-students-portal/backend/internal/services/s3.go:85.2,85.54 1 1
github.com/AlmatJuvashev/phd-students-portal/backend/internal/services/s3.go:85.54,85.92 1 1
github.com/AlmatJuvashev/phd-students-portal/backend/internal/services/s3.go:86.2,86.50 1 1
github.com/AlmatJuvashev/phd-students-portal/backend/internal/services/s3.go:89.101,90.33 1 1
github.com/AlmatJuvashev/phd-students-portal/backend/internal/services/s3.go:90.33,92.3 1 1
github.com/AlmatJuvashev/phd-students-portal/backend/internal/services/s3.go:93.2,100.16 4 0
github.com/AlmatJuvashev/phd-students-portal/backend/internal/services/s3.go:100.16,103.3 2 0
github.com/AlmatJuvashev/phd-students-portal/backend/internal/services/s3.go:104.2,104.21 1 0
github.com/AlmatJuvashev/phd-students-portal/backend/internal/services/s3.go:107.35,108.32 1 1
github.com/AlmatJuvashev/phd-students-portal/backend/internal/services/s3.go:108.32,110.3 1 0
github.com/AlmatJuvashev/phd-students-portal/backend/internal/services/s3.go:111.2,111.12 1 1
github.com/AlmatJuvashev/phd-students-portal/backend/internal/services/s3.go:114.88,115.33 1 1
github.com/AlmatJuvashev/phd-students-portal/backend/internal/services/s3.go:115.33,117.3 1 1
github.com/AlmatJuvashev/phd-students-portal/backend/internal/services/s3.go:118.2,124.16 4 0
github.com/AlmatJuvashev/phd-students-portal/backend/internal/services/s3.go:124.16,127.3 2 0
github.com/AlmatJuvashev/phd-students-portal/backend/internal/services/s3.go:128.2,128.21 1 0
github.com/AlmatJuvashev/phd-students-portal/backend/internal/services/s3.go:131.36,132.14 1 1
github.com/AlmatJuvashev/phd-students-portal/backend/internal/services/s3.go:132.14,134.3 1 1
github.com/AlmatJuvashev/phd-students-portal/backend/internal/services/s3.go:135.2,135.21 1 1
github.com/AlmatJuvashev/phd-students-portal/backend/internal/services/s3.go:139.40,140.14 1 1
github.com/AlmatJuvashev/phd-students-portal/backend/internal/services/s3.go:140.14,142.3 1 1
github.com/AlmatJuvashev/phd-students-portal/backend/internal/services/s3.go:143.2,143.17 1 0
github.com/AlmatJuvashev/phd-students-portal/backend/internal/services/s3.go:146.45,147.27 1 1
github.com/AlmatJuvashev/phd-students-portal/backend/internal/services/s3.go:147.27,148.33 1 1
github.com/AlmatJuvashev/phd-students-portal/backend/internal/services/s3.go:148.33,150.4 1 1
github.com/AlmatJuvashev/phd-students-portal/backend/internal/services/s3.go:152.2,152.11 1 1
github.com/AlmatJuvashev/phd-students-portal/backend/internal/services/s3.go:156.65,157.33 1 1
github.com/AlmatJuvashev/phd-students-portal/backend/internal/services/s3.go:157.33,159.3 1 1
github.com/AlmatJuvashev/phd-students-portal/backend/internal/services/s3.go:160.2,164.16 2 0
github.com/AlmatJuvashev/phd-students-portal/backend/internal/services/s3.go:164.16,167.3 1 0
github.com/AlmatJuvashev/phd-students-portal/backend/internal/services/s3.go:168.2,168.18 1 0
github.com/AlmatJuvashev/phd-students-portal/backend/internal/services/s3.go:172.40,175.2 2 1
github.com/AlmatJuvashev/phd-students-portal/backend/internal/services/s3.go:178.52,191.32 2 1
github.com/AlmatJuvashev/phd-students-portal/backend/internal/services/s3.go:191.32,193.3 1 1
github.com/AlmatJuvashev/phd-students-portal/backend/internal/services/s3.go:194.2,194.12 1 1
github.com/AlmatJuvashev/phd-students-portal/backend/internal/services/s3.go:198.46,200.25 2 1
github.com/AlmatJuvashev/phd-students-portal/backend/internal/services/s3.go:200.25,202.3 1 1
github.com/AlmatJuvashev/phd-students-portal/backend/internal/services/s3.go:203.2,203.20 1 1
github.com/AlmatJuvashev/phd-students-portal/backend/internal/services/s3.go:203.20,205.3 1 1
github.com/AlmatJuvashev/phd-students-portal/backend/internal/services/s3.go:206.2,206.12 1 1
github.com/AlmatJuvashev/phd-students-portal/backend/internal/services/s3.go:209.48,211.15 2 1
github.com/AlmatJuvashev/phd-students-portal/backend/internal/services/s3.go:211.15,213.3 1 1
github.com/AlmatJuvashev/phd-students-portal/backend/internal/services/s3.go:214.2,215.16 2 1
github.com/AlmatJuvashev/phd-students-portal/backend/internal/services/s3.go:215.16,217.3 1 0
github.com/AlmatJuvashev/phd-students-portal/backend/internal/services/s3.go:218.2,218.15 1 1
