mode: set
github.com/AlmatJuvashev/phd-students-portal/backend/internal/middleware/auth.go:19.71,24.32 3 1
github.com/AlmatJuvashev/phd-students-portal/backend/internal/middleware/auth.go:24.32,26.3 1 0
github.com/AlmatJuvashev/phd-students-portal/backend/internal/middleware/auth.go:26.8,29.38 2 1
github.com/AlmatJuvashev/phd-students-portal/backend/internal/middleware/auth.go:29.38,31.4 1 1
github.com/AlmatJuvashev/phd-students-portal/backend/internal/middleware/auth.go:34.2,34.18 1 1
github.com/AlmatJuvashev/phd-students-portal/backend/internal/middleware/auth.go:34.18,37.3 2 1
github.com/AlmatJuvashev/phd-students-portal/backend/internal/middleware/auth.go:39.2,40.91 2 1
github.com/AlmatJuvashev/phd-students-portal/backend/internal/middleware/auth.go:40.91,42.3 1 1
github.com/AlmatJuvashev/phd-students-portal/backend/internal/middleware/auth.go:43.2,43.16 1 1
github.com/AlmatJuvashev/phd-students-portal/backend/internal/middleware/auth.go:43.16,46.3 2 1
github.com/AlmatJuvashev/phd-students-portal/backend/internal/middleware/auth.go:47.2,47.21 1 1
github.com/AlmatJuvashev/phd-students-portal/backend/internal/middleware/auth.go:53.50,54.30 1 1
github.com/AlmatJuvashev/phd-students-portal/backend/internal/middleware/auth.go:54.30,56.10 2 1
github.com/AlmatJuvashev/phd-students-portal/backend/internal/middleware/auth.go:56.10,58.4 1 1
github.com/AlmatJuvashev/phd-students-portal/backend/internal/middleware/auth.go:59.3,60.11 2 1
github.com/AlmatJuvashev/phd-students-portal/backend/internal/middleware/auth.go:65.52,67.26 2 1
github.com/AlmatJuvashev/phd-students-portal/backend/internal/middleware/auth.go:67.26,69.3 1 1
github.com/AlmatJuvashev/phd-students-portal/backend/internal/middleware/auth.go:70.2,70.30 1 1
github.com/AlmatJuvashev/phd-students-portal/backend/internal/middleware/auth.go:70.30,72.10 2 1
github.com/AlmatJuvashev/phd-students-portal/backend/internal/middleware/auth.go:72.10,75.4 2 1
github.com/AlmatJuvashev/phd-students-portal/backend/internal/middleware/auth.go:76.3,77.17 2 1
github.com/AlmatJuvashev/phd-students-portal/backend/internal/middleware/auth.go:77.17,80.4 2 1
github.com/AlmatJuvashev/phd-students-portal/backend/internal/middleware/auth.go:81.3,81.11 1 1
github.com/AlmatJuvashev/phd-students-portal/backend/internal/middleware/auth.go:105.75,108.9 3 1
github.com/AlmatJuvashev/phd-students-portal/backend/internal/middleware/auth.go:108.9,111.3 2 1
github.com/AlmatJuvashev/phd-students-portal/backend/internal/middleware/auth.go:112.2,113.15 2 1
github.com/AlmatJuvashev/phd-students-portal/backend/internal/middleware/auth.go:113.15,116.3 2 1
github.com/AlmatJuvashev/phd-students-portal/backend/internal/middleware/auth.go:117.2,121.38 3 1
github.com/AlmatJuvashev/phd-students-portal/backend/internal/middleware/auth.go:121.38,124.3 2 1
github.com/AlmatJuvashev/phd-students-portal/backend/internal/middleware/auth.go:124.8,126.3 1 1
github.com/AlmatJuvashev/phd-students-portal/backend/internal/middleware/auth.go:127.2,127.15 1 1
github.com/AlmatJuvashev/phd-students-portal/backend/internal/middleware/auth.go:127.15,128.68 1 0
github.com/AlmatJuvashev/phd-students-portal/backend/internal/middleware/auth.go:128.68,131.70 3 0
github.com/AlmatJuvashev/phd-students-portal/backend/internal/middleware/auth.go:131.70,137.5 5 0
github.com/AlmatJuvashev/phd-students-portal/backend/internal/middleware/auth.go:137.10,141.5 2 0
github.com/AlmatJuvashev/phd-students-portal/backend/internal/middleware/auth.go:142.9,144.4 1 0
github.com/AlmatJuvashev/phd-students-portal/backend/internal/middleware/auth.go:147.2,158.16 5 1
github.com/AlmatJuvashev/phd-students-portal/backend/internal/middleware/auth.go:158.16,161.3 2 1
github.com/AlmatJuvashev/phd-students-portal/backend/internal/middleware/auth.go:162.2,162.16 1 1
github.com/AlmatJuvashev/phd-students-portal/backend/internal/middleware/auth.go:162.16,165.3 2 0
github.com/AlmatJuvashev/phd-students-portal/backend/internal/middleware/auth.go:166.2,168.15 3 1
github.com/AlmatJuvashev/phd-students-portal/backend/internal/middleware/auth.go:168.15,170.3 1 0
github.com/AlmatJuvashev/phd-students-portal/backend/internal/middleware/auth.go:171.2,173.27 3 1
github.com/AlmatJuvashev/phd-students-portal/backend/internal/middleware/auth.go:176.85,177.30 1 1
github.com/AlmatJuvashev/phd-students-portal/backend/internal/middleware/auth.go:177.30,182.10 3 1
github.com/AlmatJuvashev/phd-students-portal/backend/internal/middleware/auth.go:182.10,185.4 2 1
github.com/AlmatJuvashev/phd-students-portal/backend/internal/middleware/auth.go:186.3,189.61 2 1
github.com/AlmatJuvashev/phd-students-portal/backend/internal/middleware/auth.go:189.61,191.4 1 0
github.com/AlmatJuvashev/phd-students-portal/backend/internal/middleware/auth.go:191.9,193.4 1 1
github.com/AlmatJuvashev/phd-students-portal/backend/internal/middleware/auth.go:194.3,194.55 1 1
github.com/AlmatJuvashev/phd-students-portal/backend/internal/middleware/auth.go:194.55,196.4 1 0
github.com/AlmatJuvashev/phd-students-portal/backend/internal/middleware/auth.go:198.3,203.19 5 1
github.com/AlmatJuvashev/phd-students-portal/backend/internal/middleware/auth.go:203.19,206.4 2 1
github.com/AlmatJuvashev/phd-students-portal/backend/internal/middleware/auth.go:207.3,207.50 1 1
github.com/AlmatJuvashev/phd-students-portal/backend/internal/middleware/auth.go:207.50,210.4 2 0
github.com/AlmatJuvashev/phd-students-portal/backend/internal/middleware/auth.go:211.3,212.11 2 1
github.com/AlmatJuvashev/phd-students-portal/backend/internal/middleware/logging.go:11.38,12.30 1 1
github.com/AlmatJuvashev/phd-students-portal/backend/internal/middleware/logging.go:12.30,17.3 4 1
github.com/AlmatJuvashev/phd-students-portal/backend/internal/middleware/rate_limit.go:16.63,18.2 1 1
github.com/AlmatJuvashev/phd-students-portal/backend/internal/middleware/rate_limit.go:23.111,24.19 1 1
github.com/AlmatJuvashev/phd-students-portal/backend/internal/middleware/rate_limit.go:24.19,26.3 1 1
github.com/AlmatJuvashev/phd-students-portal/backend/internal/middleware/rate_limit.go:27.2,30.22 3 0
github.com/AlmatJuvashev/phd-students-portal/backend/internal/middleware/rate_limit.go:30.22,32.3 1 0
github.com/AlmatJuvashev/phd-students-portal/backend/internal/middleware/rate_limit.go:32.8,32.23 1 0
github.com/AlmatJuvashev/phd-students-portal/backend/internal/middleware/rate_limit.go:32.23,34.3 1 0
github.com/AlmatJuvashev/phd-students-portal/backend/internal/middleware/rate_limit.go:36.2,36.14 1 0
github.com/AlmatJuvashev/phd-students-portal/backend/internal/middleware/rate_limit.go:36.14,39.17 2 0
github.com/AlmatJuvashev/phd-students-portal/backend/internal/middleware/rate_limit.go:39.17,41.4 1 0
github.com/AlmatJuvashev/phd-students-portal/backend/internal/middleware/rate_limit.go:42.3,42.25 1 0
github.com/AlmatJuvashev/phd-students-portal/backend/internal/middleware/rate_limit.go:45.2,45.21 1 0
github.com/AlmatJuvashev/phd-students-portal/backend/internal/middleware/rate_limit.go:50.89,51.19 1 1
github.com/AlmatJuvashev/phd-students-portal/backend/internal/middleware/rate_limit.go:51.19,53.3 1 1
github.com/AlmatJuvashev/phd-students-portal/backend/internal/middleware/rate_limit.go:54.2,58.16 3 0
github.com/AlmatJuvashev/phd-students-portal/backend/internal/middleware/rate_limit.go:58.16,60.3 1 0
github.com/AlmatJuvashev/phd-students-portal/backend/internal/middleware/rate_limit.go:63.2,63.14 1 0
github.com/AlmatJuvashev/phd-students-portal/backend/internal/middleware/rate_limit.go:63.14,65.3 1 0
github.com/AlmatJuvashev/phd-students-portal/backend/internal/middleware/rate_limit.go:67.2,67.12 1 0
github.com/AlmatJuvashev/phd-students-portal/backend/internal/middleware/rate_limit.go:71.75,72.19 1 1
github.com/AlmatJuvashev/phd-students-portal/backend/internal/middleware/rate_limit.go:72.19,74.3 1 1
github.com/AlmatJuvashev/phd-students-portal/backend/internal/middleware/rate_limit.go:75.2,76.22 2 0
github.com/AlmatJuvashev/phd-students-portal/backend/internal/middleware/rbac.go:8.46,10.2 1 1
github.com/AlmatJuvashev/phd-students-portal/backend/internal/middleware/superadmin.go:11.42,12.30 1 1
github.com/AlmatJuvashev/phd-students-portal/backend/internal/middleware/superadmin.go:12.30,15.14 2 1
github.com/AlmatJuvashev/phd-students-portal/backend/internal/middleware/superadmin.go:15.14,19.4 3 1
github.com/AlmatJuvashev/phd-students-portal/backend/internal/middleware/superadmin.go:21.3,21.64 1 1
github.com/AlmatJuvashev/phd-students-portal/backend/internal/middleware/superadmin.go:21.64,25.4 3 1
github.com/AlmatJuvashev/phd-students-portal/backend/internal/middleware/superadmin.go:27.3,27.11 1 1
github.com/AlmatJuvashev/phd-students-portal/backend/internal/middleware/tenant.go:21.52,22.30 1 1
github.com/AlmatJuvashev/phd-students-portal/backend/internal/middleware/tenant.go:22.30,24.17 2 1
github.com/AlmatJuvashev/phd-students-portal/backend/internal/middleware/tenant.go:24.17,28.4 3 1
github.com/AlmatJuvashev/phd-students-portal/backend/internal/middleware/tenant.go:31.3,32.27 2 1
github.com/AlmatJuvashev/phd-students-portal/backend/internal/middleware/tenant.go:32.27,36.4 3 1
github.com/AlmatJuvashev/phd-students-portal/backend/internal/middleware/tenant.go:37.3,37.17 1 1
github.com/AlmatJuvashev/phd-students-portal/backend/internal/middleware/tenant.go:37.17,42.4 4 1
github.com/AlmatJuvashev/phd-students-portal/backend/internal/middleware/tenant.go:44.3,44.23 1 1
github.com/AlmatJuvashev/phd-students-portal/backend/internal/middleware/tenant.go:44.23,48.4 3 1
github.com/AlmatJuvashev/phd-students-portal/backend/internal/middleware/tenant.go:51.3,59.11 5 1
github.com/AlmatJuvashev/phd-students-portal/backend/internal/middleware/tenant.go:65.47,67.58 1 1
github.com/AlmatJuvashev/phd-students-portal/backend/internal/middleware/tenant.go:67.58,69.3 1 1
github.com/AlmatJuvashev/phd-students-portal/backend/internal/middleware/tenant.go:72.2,75.58 2 1
github.com/AlmatJuvashev/phd-students-portal/backend/internal/middleware/tenant.go:75.58,77.3 1 1
github.com/AlmatJuvashev/phd-students-portal/backend/internal/middleware/tenant.go:80.2,80.48 1 1
github.com/AlmatJuvashev/phd-students-portal/backend/internal/middleware/tenant.go:80.48,83.3 1 1
github.com/AlmatJuvashev/phd-students-portal/backend/internal/middleware/tenant.go:86.2,87.21 2 1
github.com/AlmatJuvashev/phd-students-portal/backend/internal/middleware/tenant.go:87.21,91.69 2 1
github.com/AlmatJuvashev/phd-students-portal/backend/internal/middleware/tenant.go:91.69,93.4 1 1
github.com/AlmatJuvashev/phd-students-portal/backend/internal/middleware/tenant.go:96.2,96.11 1 1
github.com/AlmatJuvashev/phd-students-portal/backend/internal/middleware/tenant.go:100.72,105.16 4 1
github.com/AlmatJuvashev/phd-students-portal/backend/internal/middleware/tenant.go:105.16,107.3 1 1
github.com/AlmatJuvashev/phd-students-portal/backend/internal/middleware/tenant.go:108.2,108.21 1 1
github.com/AlmatJuvashev/phd-students-portal/backend/internal/middleware/tenant.go:112.47,113.52 1 1
github.com/AlmatJuvashev/phd-students-portal/backend/internal/middleware/tenant.go:113.52,114.45 1 1
github.com/AlmatJuvashev/phd-students-portal/backend/internal/middleware/tenant.go:114.45,116.4 1 1
github.com/AlmatJuvashev/phd-students-portal/backend/internal/middleware/tenant.go:118.2,118.12 1 1
github.com/AlmatJuvashev/phd-students-portal/backend/internal/middleware/tenant.go:122.41,123.54 1 1
github.com/AlmatJuvashev/phd-students-portal/backend/internal/middleware/tenant.go:123.54,124.33 1 1
github.com/AlmatJuvashev/phd-students-portal/backend/internal/middleware/tenant.go:124.33,126.4 1 1
github.com/AlmatJuvashev/phd-students-portal/backend/internal/middleware/tenant.go:128.2,128.11 1 1
github.com/AlmatJuvashev/phd-students-portal/backend/internal/middleware/tenant.go:132.43,133.56 1 1
github.com/AlmatJuvashev/phd-students-portal/backend/internal/middleware/tenant.go:133.56,134.35 1 1
github.com/AlmatJuvashev/phd-students-portal/backend/internal/middleware/tenant.go:134.35,136.4 1 1
github.com/AlmatJuvashev/phd-students-portal/backend/internal/middleware/tenant.go:138.2,138.11 1 1
github.com/AlmatJuvashev/phd-students-portal/backend/internal/middleware/tenant.go:142.38,143.30 1 1
github.com/AlmatJuvashev/phd-students-portal/backend/internal/middleware/tenant.go:143.30,144.27 1 1
github.com/AlmatJuvashev/phd-students-portal/backend/internal/middleware/tenant.go:144.27,148.4 3 1
github.com/AlmatJuvashev/phd-students-portal/backend/internal/middleware/tenant.go:149.3,149.11 1 1
