mode: set
github.com/AlmatJuvashev/phd-students-portal/backend/internal/middleware/auth.go:19.71,24.32 3 1
github.com/AlmatJuvashev/phd-students-portal/backend/internal/middleware/auth.go:24.32,27.3 2 0
github.com/AlmatJuvashev/phd-students-portal/backend/internal/middleware/auth.go:27.8,28.44 1 1
github.com/AlmatJuvashev/phd-students-portal/backend/internal/middleware/auth.go:28.44,30.4 1 0
github.com/AlmatJuvashev/phd-students-portal/backend/internal/middleware/auth.go:32.3,33.38 2 1
github.com/AlmatJuvashev/phd-students-portal/backend/internal/middleware/auth.go:33.38,36.4 2 1
github.com/AlmatJuvashev/phd-students-portal/backend/internal/middleware/auth.go:39.2,39.18 1 1
github.com/AlmatJuvashev/phd-students-portal/backend/internal/middleware/auth.go:39.18,43.3 3 1
github.com/AlmatJuvashev/phd-students-portal/backend/internal/middleware/auth.go:45.2,46.91 2 1
github.com/AlmatJuvashev/phd-students-portal/backend/internal/middleware/auth.go:46.91,48.3 1 1
github.com/AlmatJuvashev/phd-students-portal/backend/internal/middleware/auth.go:49.2,49.16 1 1
github.com/AlmatJuvashev/phd-students-portal/backend/internal/middleware/auth.go:49.16,52.3 2 1
github.com/AlmatJuvashev/phd-students-portal/backend/internal/middleware/auth.go:53.2,53.21 1 1
github.com/AlmatJuvashev/phd-students-portal/backend/internal/middleware/auth.go:59.50,60.30 1 1
github.com/AlmatJuvashev/phd-students-portal/backend/internal/middleware/auth.go:60.30,62.10 2 1
github.com/AlmatJuvashev/phd-students-portal/backend/internal/middleware/auth.go:62.10,64.4 1 1
github.com/AlmatJuvashev/phd-students-portal/backend/internal/middleware/auth.go:65.3,66.11 2 1
github.com/AlmatJuvashev/phd-students-portal/backend/internal/middleware/auth.go:71.52,73.26 2 1
github.com/AlmatJuvashev/phd-students-portal/backend/internal/middleware/auth.go:73.26,75.3 1 1
github.com/AlmatJuvashev/phd-students-portal/backend/internal/middleware/auth.go:76.2,76.30 1 1
github.com/AlmatJuvashev/phd-students-portal/backend/internal/middleware/auth.go:76.30,78.10 2 1
github.com/AlmatJuvashev/phd-students-portal/backend/internal/middleware/auth.go:78.10,81.4 2 1
github.com/AlmatJuvashev/phd-students-portal/backend/internal/middleware/auth.go:83.3,87.55 3 1
github.com/AlmatJuvashev/phd-students-portal/backend/internal/middleware/auth.go:87.55,88.28 1 0
github.com/AlmatJuvashev/phd-students-portal/backend/internal/middleware/auth.go:88.28,89.35 1 0
github.com/AlmatJuvashev/phd-students-portal/backend/internal/middleware/auth.go:89.35,91.6 1 0
github.com/AlmatJuvashev/phd-students-portal/backend/internal/middleware/auth.go:93.9,93.53 1 1
github.com/AlmatJuvashev/phd-students-portal/backend/internal/middleware/auth.go:93.53,96.4 1 1
github.com/AlmatJuvashev/phd-students-portal/backend/internal/middleware/auth.go:99.3,99.32 1 1
github.com/AlmatJuvashev/phd-students-portal/backend/internal/middleware/auth.go:99.32,100.15 1 1
github.com/AlmatJuvashev/phd-students-portal/backend/internal/middleware/auth.go:100.15,103.5 2 1
github.com/AlmatJuvashev/phd-students-portal/backend/internal/middleware/auth.go:106.3,106.58 1 1
github.com/AlmatJuvashev/phd-students-portal/backend/internal/middleware/auth.go:130.75,133.9 3 1
github.com/AlmatJuvashev/phd-students-portal/backend/internal/middleware/auth.go:133.9,136.3 2 1
github.com/AlmatJuvashev/phd-students-portal/backend/internal/middleware/auth.go:137.2,138.15 2 1
github.com/AlmatJuvashev/phd-students-portal/backend/internal/middleware/auth.go:138.15,141.3 2 1
github.com/AlmatJuvashev/phd-students-portal/backend/internal/middleware/auth.go:142.2,146.38 3 1
github.com/AlmatJuvashev/phd-students-portal/backend/internal/middleware/auth.go:146.38,149.3 2 1
github.com/AlmatJuvashev/phd-students-portal/backend/internal/middleware/auth.go:149.8,151.3 1 1
github.com/AlmatJuvashev/phd-students-portal/backend/internal/middleware/auth.go:152.2,152.15 1 1
github.com/AlmatJuvashev/phd-students-portal/backend/internal/middleware/auth.go:152.15,153.68 1 0
github.com/AlmatJuvashev/phd-students-portal/backend/internal/middleware/auth.go:153.68,156.70 3 0
github.com/AlmatJuvashev/phd-students-portal/backend/internal/middleware/auth.go:156.70,162.5 5 0
github.com/AlmatJuvashev/phd-students-portal/backend/internal/middleware/auth.go:162.10,166.5 2 0
github.com/AlmatJuvashev/phd-students-portal/backend/internal/middleware/auth.go:167.9,169.4 1 0
github.com/AlmatJuvashev/phd-students-portal/backend/internal/middleware/auth.go:172.2,183.16 5 1
github.com/AlmatJuvashev/phd-students-portal/backend/internal/middleware/auth.go:183.16,186.3 2 1
github.com/AlmatJuvashev/phd-students-portal/backend/internal/middleware/auth.go:187.2,187.16 1 1
github.com/AlmatJuvashev/phd-students-portal/backend/internal/middleware/auth.go:187.16,190.3 2 0
github.com/AlmatJuvashev/phd-students-portal/backend/internal/middleware/auth.go:191.2,193.15 3 1
github.com/AlmatJuvashev/phd-students-portal/backend/internal/middleware/auth.go:193.15,195.3 1 0
github.com/AlmatJuvashev/phd-students-portal/backend/internal/middleware/auth.go:196.2,198.27 3 1
github.com/AlmatJuvashev/phd-students-portal/backend/internal/middleware/auth.go:201.85,202.30 1 1
github.com/AlmatJuvashev/phd-students-portal/backend/internal/middleware/auth.go:202.30,207.10 3 1
github.com/AlmatJuvashev/phd-students-portal/backend/internal/middleware/auth.go:207.10,210.4 2 1
github.com/AlmatJuvashev/phd-students-portal/backend/internal/middleware/auth.go:211.3,214.61 2 1
github.com/AlmatJuvashev/phd-students-portal/backend/internal/middleware/auth.go:214.61,216.4 1 0
github.com/AlmatJuvashev/phd-students-portal/backend/internal/middleware/auth.go:216.9,218.4 1 1
github.com/AlmatJuvashev/phd-students-portal/backend/internal/middleware/auth.go:219.3,219.55 1 1
github.com/AlmatJuvashev/phd-students-portal/backend/internal/middleware/auth.go:219.55,221.4 1 0
github.com/AlmatJuvashev/phd-students-portal/backend/internal/middleware/auth.go:223.3,228.19 5 1
github.com/AlmatJuvashev/phd-students-portal/backend/internal/middleware/auth.go:228.19,231.4 2 1
github.com/AlmatJuvashev/phd-students-portal/backend/internal/middleware/auth.go:232.3,233.14 2 1
github.com/AlmatJuvashev/phd-students-portal/backend/internal/middleware/auth.go:233.14,236.4 2 0
github.com/AlmatJuvashev/phd-students-portal/backend/internal/middleware/auth.go:239.3,239.39 1 1
github.com/AlmatJuvashev/phd-students-portal/backend/internal/middleware/auth.go:239.39,242.4 1 1
github.com/AlmatJuvashev/phd-students-portal/backend/internal/middleware/auth.go:244.3,245.11 2 1
github.com/AlmatJuvashev/phd-students-portal/backend/internal/middleware/auth.go:250.39,252.2 1 0
github.com/AlmatJuvashev/phd-students-portal/backend/internal/middleware/logging.go:11.38,12.30 1 1
github.com/AlmatJuvashev/phd-students-portal/backend/internal/middleware/logging.go:12.30,17.3 4 1
github.com/AlmatJuvashev/phd-students-portal/backend/internal/middleware/rate_limit.go:16.63,18.2 1 1
github.com/AlmatJuvashev/phd-students-portal/backend/internal/middleware/rate_limit.go:23.111,24.19 1 1
github.com/AlmatJuvashev/phd-students-portal/backend/internal/middleware/rate_limit.go:24.19,26.3 1 1
github.com/AlmatJuvashev/phd-students-portal/backend/internal/middleware/rate_limit.go:27.2,30.22 3 1
github.com/AlmatJuvashev/phd-students-portal/backend/internal/middleware/rate_limit.go:30.22,32.3 1 1
github.com/AlmatJuvashev/phd-students-portal/backend/internal/middleware/rate_limit.go:32.8,32.23 1 1
github.com/AlmatJuvashev/phd-students-portal/backend/internal/middleware/rate_limit.go:32.23,34.3 1 1
github.com/AlmatJuvashev/phd-students-portal/backend/internal/middleware/rate_limit.go:36.2,36.14 1 1
github.com/AlmatJuvashev/phd-students-portal/backend/internal/middleware/rate_limit.go:36.14,39.17 2 1
github.com/AlmatJuvashev/phd-students-portal/backend/internal/middleware/rate_limit.go:39.17,41.4 1 0
github.com/AlmatJuvashev/phd-students-portal/backend/internal/middleware/rate_limit.go:42.3,42.25 1 1
github.com/AlmatJuvashev/phd-students-portal/backend/internal/middleware/rate_limit.go:45.2,45.21 1 1
github.com/AlmatJuvashev/phd-students-portal/backend/internal/middleware/rate_limit.go:50.89,51.19 1 1
github.com/AlmatJuvashev/phd-students-portal/backend/internal/middleware/rate_limit.go:51.19,53.3 1 1
github.com/AlmatJuvashev/phd-students-portal/backend/internal/middleware/rate_limit.go:54.2,58.16 3 1
github.com/AlmatJuvashev/phd-students-portal/backend/internal/middleware/rate_limit.go:58.16,60.3 1 1
github.com/AlmatJuvashev/phd-students-portal/backend/internal/middleware/rate_limit.go:63.2,63.14 1 1
github.com/AlmatJuvashev/phd-students-portal/backend/internal/middleware/rate_limit.go:63.14,65.3 1 1
github.com/AlmatJuvashev/phd-students-portal/backend/internal/middleware/rate_limit.go:67.2,67.12 1 1
github.com/AlmatJuvashev/phd-students-portal/backend/internal/middleware/rate_limit.go:71.75,72.19 1 1
github.com/AlmatJuvashev/phd-students-portal/backend/internal/middleware/rate_limit.go:72.19,74.3 1 1
github.com/AlmatJuvashev/phd-students-portal/backend/internal/middleware/rate_limit.go:75.2,76.22 2 1
github.com/AlmatJuvashev/phd-students-portal/backend/internal/middleware/rbac.go:8.46,10.2 1 1
github.com/AlmatJuvashev/phd-students-portal/backend/internal/middleware/superadmin.go:11.42,12.30 1 1
github.com/AlmatJuvashev/phd-students-portal/backend/internal/middleware/superadmin.go:12.30,15.14 2 1
github.com/AlmatJuvashev/phd-students-portal/backend/internal/middleware/superadmin.go:15.14,19.4 3 1
github.com/AlmatJuvashev/phd-students-portal/backend/internal/middleware/superadmin.go:21.3,21.64 1 1
github.com/AlmatJuvashev/phd-students-portal/backend/internal/middleware/superadmin.go:21.64,25.4 3 1
github.com/AlmatJuvashev/phd-students-portal/backend/internal/middleware/superadmin.go:27.3,27.11 1 1
github.com/AlmatJuvashev/phd-students-portal/backend/internal/middleware/tenant.go:21.52,22.30 1 1
github.com/AlmatJuvashev/phd-students-portal/backend/internal/middleware/tenant.go:22.30,24.17 2 1
github.com/AlmatJuvashev/phd-students-portal/backend/internal/middleware/tenant.go:24.17,28.4 3 1
github.com/AlmatJuvashev/phd-students-portal/backend/internal/middleware/tenant.go:31.3,32.27 2 1
github.com/AlmatJuvashev/phd-students-portal/backend/internal/middleware/tenant.go:32.27,36.4 3 1
github.com/AlmatJuvashev/phd-students-portal/backend/internal/middleware/tenant.go:37.3,37.17 1 1
github.com/AlmatJuvashev/phd-students-portal/backend/internal/middleware/tenant.go:37.17,42.4 4 1
github.com/AlmatJuvashev/phd-students-portal/backend/internal/middleware/tenant.go:44.3,44.23 1 1
github.com/AlmatJuvashev/phd-students-portal/backend/internal/middleware/tenant.go:44.23,48.4 3 1
github.com/AlmatJuvashev/phd-students-portal/backend/internal/middleware/tenant.go:51.3,59.11 5 1
github.com/AlmatJuvashev/phd-students-portal/backend/internal/middleware/tenant.go:65.47,67.58 1 1
github.com/AlmatJuvashev/phd-students-portal/backend/internal/middleware/tenant.go:67.58,69.3 1 1
github.com/AlmatJuvashev/phd-students-portal/backend/internal/middleware/tenant.go:72.2,75.58 2 1
github.com/AlmatJuvashev/phd-students-portal/backend/internal/middleware/tenant.go:75.58,77.3 1 1
github.com/AlmatJuvashev/phd-students-portal/backend/internal/middleware/tenant.go:80.2,80.48 1 1
github.com/AlmatJuvashev/phd-students-portal/backend/internal/middleware/tenant.go:80.48,83.3 1 1
github.com/AlmatJuvashev/phd-students-portal/backend/internal/middleware/tenant.go:86.2,87.21 2 1
github.com/AlmatJuvashev/phd-students-portal/backend/internal/middleware/tenant.go:87.21,91.69 2 1
github.com/AlmatJuvashev/phd-students-portal/backend/internal/middleware/tenant.go:91.69,93.4 1 1
github.com/AlmatJuvashev/phd-students-portal/backend/internal/middleware/tenant.go:96.2,96.11 1 1
github.com/AlmatJuvashev/phd-students-portal/backend/internal/middleware/tenant.go:100.72,105.16 4 1
github.com/AlmatJuvashev/phd-students-portal/backend/internal/middleware/tenant.go:105.16,107.3 1 1
github.com/AlmatJuvashev/phd-students-portal/backend/internal/middleware/tenant.go:108.2,108.21 1 1
github.com/AlmatJuvashev/phd-students-portal/backend/internal/middleware/tenant.go:112.47,113.52 1 1
github.com/AlmatJuvashev/phd-students-portal/backend/internal/middleware/tenant.go:113.52,114.45 1 1
github.com/AlmatJuvashev/phd-students-portal/backend/internal/middleware/tenant.go:114.45,116.4 1 1
github.com/AlmatJuvashev/phd-students-portal/backend/internal/middleware/tenant.go:118.2,118.12 1 1
github.com/AlmatJuvashev/phd-students-portal/backend/internal/middleware/tenant.go:122.41,123.54 1 1
github.com/AlmatJuvashev/phd-students-portal/backend/internal/middleware/tenant.go:123.54,124.33 1 1
github.com/AlmatJuvashev/phd-students-portal/backend/internal/middleware/tenant.go:124.33,126.4 1 1
github.com/AlmatJuvashev/phd-students-portal/backend/internal/middleware/tenant.go:128.2,128.11 1 1
github.com/AlmatJuvashev/phd-students-portal/backend/internal/middleware/tenant.go:132.43,133.56 1 1
github.com/AlmatJuvashev/phd-students-portal/backend/internal/middleware/tenant.go:133.56,134.35 1 1
github.com/AlmatJuvashev/phd-students-portal/backend/internal/middleware/tenant.go:134.35,136.4 1 1
github.com/AlmatJuvashev/phd-students-portal/backend/internal/middleware/tenant.go:138.2,138.11 1 1
github.com/AlmatJuvashev/phd-students-portal/backend/internal/middleware/tenant.go:142.38,143.30 1 1
github.com/AlmatJuvashev/phd-students-portal/backend/internal/middleware/tenant.go:143.30,144.27 1 1
github.com/AlmatJuvashev/phd-students-portal/backend/internal/middleware/tenant.go:144.27,148.4 3 1
github.com/AlmatJuvashev/phd-students-portal/backend/internal/middleware/tenant.go:149.3,149.11 1 1
