mode: set
github.com/AlmatJuvashev/phd-students-portal/backend/internal/repository/admin_repository.go:73.61,75.2 1 1
github.com/AlmatJuvashev/phd-students-portal/backend/internal/repository/admin_repository.go:77.148,98.2 4 1
github.com/AlmatJuvashev/phd-students-portal/backend/internal/repository/admin_repository.go:100.138,114.28 4 1
github.com/AlmatJuvashev/phd-students-portal/backend/internal/repository/admin_repository.go:114.28,119.3 3 1
github.com/AlmatJuvashev/phd-students-portal/backend/internal/repository/admin_repository.go:122.2,122.50 1 1
github.com/AlmatJuvashev/phd-students-portal/backend/internal/repository/admin_repository.go:122.50,125.3 2 1
github.com/AlmatJuvashev/phd-students-portal/backend/internal/repository/admin_repository.go:127.2,127.26 1 1
github.com/AlmatJuvashev/phd-students-portal/backend/internal/repository/admin_repository.go:127.26,129.3 1 1
github.com/AlmatJuvashev/phd-students-portal/backend/internal/repository/admin_repository.go:130.2,130.29 1 1
github.com/AlmatJuvashev/phd-students-portal/backend/internal/repository/admin_repository.go:130.29,132.3 1 0
github.com/AlmatJuvashev/phd-students-portal/backend/internal/repository/admin_repository.go:133.2,133.25 1 1
github.com/AlmatJuvashev/phd-students-portal/backend/internal/repository/admin_repository.go:133.25,135.3 1 0
github.com/AlmatJuvashev/phd-students-portal/backend/internal/repository/admin_repository.go:136.2,136.24 1 1
github.com/AlmatJuvashev/phd-students-portal/backend/internal/repository/admin_repository.go:136.24,142.3 4 1
github.com/AlmatJuvashev/phd-students-portal/backend/internal/repository/admin_repository.go:144.2,145.22 2 1
github.com/AlmatJuvashev/phd-students-portal/backend/internal/repository/admin_repository.go:145.22,147.3 1 0
github.com/AlmatJuvashev/phd-students-portal/backend/internal/repository/admin_repository.go:149.2,151.18 3 1
github.com/AlmatJuvashev/phd-students-portal/backend/internal/repository/admin_repository.go:154.139,155.26 1 0
github.com/AlmatJuvashev/phd-students-portal/backend/internal/repository/admin_repository.go:155.26,157.3 1 0
github.com/AlmatJuvashev/phd-students-portal/backend/internal/repository/admin_repository.go:158.2,163.16 2 0
github.com/AlmatJuvashev/phd-students-portal/backend/internal/repository/admin_repository.go:163.16,165.3 1 0
github.com/AlmatJuvashev/phd-students-portal/backend/internal/repository/admin_repository.go:166.2,169.16 3 0
github.com/AlmatJuvashev/phd-students-portal/backend/internal/repository/admin_repository.go:169.16,171.3 1 0
github.com/AlmatJuvashev/phd-students-portal/backend/internal/repository/admin_repository.go:172.2,175.18 3 0
github.com/AlmatJuvashev/phd-students-portal/backend/internal/repository/admin_repository.go:175.18,178.73 3 0
github.com/AlmatJuvashev/phd-students-portal/backend/internal/repository/admin_repository.go:178.73,180.4 1 0
github.com/AlmatJuvashev/phd-students-portal/backend/internal/repository/admin_repository.go:182.2,182.17 1 0
github.com/AlmatJuvashev/phd-students-portal/backend/internal/repository/admin_repository.go:185.121,186.26 1 0
github.com/AlmatJuvashev/phd-students-portal/backend/internal/repository/admin_repository.go:186.26,188.3 1 0
github.com/AlmatJuvashev/phd-students-portal/backend/internal/repository/admin_repository.go:190.2,191.16 2 0
github.com/AlmatJuvashev/phd-students-portal/backend/internal/repository/admin_repository.go:191.16,193.3 1 0
github.com/AlmatJuvashev/phd-students-portal/backend/internal/repository/admin_repository.go:194.2,197.16 3 0
github.com/AlmatJuvashev/phd-students-portal/backend/internal/repository/admin_repository.go:197.16,199.3 1 0
github.com/AlmatJuvashev/phd-students-portal/backend/internal/repository/admin_repository.go:200.2,203.18 3 0
github.com/AlmatJuvashev/phd-students-portal/backend/internal/repository/admin_repository.go:203.18,206.47 3 0
github.com/AlmatJuvashev/phd-students-portal/backend/internal/repository/admin_repository.go:206.47,208.4 1 0
github.com/AlmatJuvashev/phd-students-portal/backend/internal/repository/admin_repository.go:210.2,210.17 1 0
github.com/AlmatJuvashev/phd-students-portal/backend/internal/repository/admin_repository.go:213.128,217.26 1 0
github.com/AlmatJuvashev/phd-students-portal/backend/internal/repository/admin_repository.go:217.26,219.3 1 0
github.com/AlmatJuvashev/phd-students-portal/backend/internal/repository/admin_repository.go:221.2,224.41 2 0
github.com/AlmatJuvashev/phd-students-portal/backend/internal/repository/admin_repository.go:224.41,225.50 1 0
github.com/AlmatJuvashev/phd-students-portal/backend/internal/repository/admin_repository.go:225.50,227.4 1 0
github.com/AlmatJuvashev/phd-students-portal/backend/internal/repository/admin_repository.go:231.2,232.77 2 0
github.com/AlmatJuvashev/phd-students-portal/backend/internal/repository/admin_repository.go:232.77,233.19 1 0
github.com/AlmatJuvashev/phd-students-portal/backend/internal/repository/admin_repository.go:233.19,238.4 4 0
github.com/AlmatJuvashev/phd-students-portal/backend/internal/repository/admin_repository.go:239.3,239.15 1 0
github.com/AlmatJuvashev/phd-students-portal/backend/internal/repository/admin_repository.go:243.2,244.77 2 0
github.com/AlmatJuvashev/phd-students-portal/backend/internal/repository/admin_repository.go:244.77,245.19 1 0
github.com/AlmatJuvashev/phd-students-portal/backend/internal/repository/admin_repository.go:245.19,250.4 4 0
github.com/AlmatJuvashev/phd-students-portal/backend/internal/repository/admin_repository.go:251.3,251.15 1 0
github.com/AlmatJuvashev/phd-students-portal/backend/internal/repository/admin_repository.go:255.2,256.77 2 0
github.com/AlmatJuvashev/phd-students-portal/backend/internal/repository/admin_repository.go:256.77,257.19 1 0
github.com/AlmatJuvashev/phd-students-portal/backend/internal/repository/admin_repository.go:257.19,262.4 4 0
github.com/AlmatJuvashev/phd-students-portal/backend/internal/repository/admin_repository.go:263.3,263.15 1 0
github.com/AlmatJuvashev/phd-students-portal/backend/internal/repository/admin_repository.go:267.2,268.77 2 0
github.com/AlmatJuvashev/phd-students-portal/backend/internal/repository/admin_repository.go:268.77,269.19 1 0
github.com/AlmatJuvashev/phd-students-portal/backend/internal/repository/admin_repository.go:269.19,274.4 4 0
github.com/AlmatJuvashev/phd-students-portal/backend/internal/repository/admin_repository.go:275.3,275.15 1 0
github.com/AlmatJuvashev/phd-students-portal/backend/internal/repository/admin_repository.go:278.2,278.20 1 0
github.com/AlmatJuvashev/phd-students-portal/backend/internal/repository/admin_repository.go:281.122,282.26 1 0
github.com/AlmatJuvashev/phd-students-portal/backend/internal/repository/admin_repository.go:282.26,284.3 1 0
github.com/AlmatJuvashev/phd-students-portal/backend/internal/repository/admin_repository.go:285.2,288.16 4 0
github.com/AlmatJuvashev/phd-students-portal/backend/internal/repository/admin_repository.go:288.16,290.3 1 0
github.com/AlmatJuvashev/phd-students-portal/backend/internal/repository/admin_repository.go:291.2,294.18 3 0
github.com/AlmatJuvashev/phd-students-portal/backend/internal/repository/admin_repository.go:294.18,297.47 3 0
github.com/AlmatJuvashev/phd-students-portal/backend/internal/repository/admin_repository.go:297.47,305.38 2 0
github.com/AlmatJuvashev/phd-students-portal/backend/internal/repository/admin_repository.go:305.38,306.68 1 0
github.com/AlmatJuvashev/phd-students-portal/backend/internal/repository/admin_repository.go:306.68,308.6 1 0
github.com/AlmatJuvashev/phd-students-portal/backend/internal/repository/admin_repository.go:312.2,312.17 1 0
github.com/AlmatJuvashev/phd-students-portal/backend/internal/repository/admin_repository.go:316.129,331.16 4 1
github.com/AlmatJuvashev/phd-students-portal/backend/internal/repository/admin_repository.go:331.16,333.3 1 0
github.com/AlmatJuvashev/phd-students-portal/backend/internal/repository/admin_repository.go:334.2,335.19 2 1
github.com/AlmatJuvashev/phd-students-portal/backend/internal/repository/admin_repository.go:338.124,351.2 6 1
github.com/AlmatJuvashev/phd-students-portal/backend/internal/repository/admin_repository.go:354.150,357.2 1 0
github.com/AlmatJuvashev/phd-students-portal/backend/internal/repository/admin_repository.go:360.128,361.26 1 1
github.com/AlmatJuvashev/phd-students-portal/backend/internal/repository/admin_repository.go:361.26,363.3 1 0
github.com/AlmatJuvashev/phd-students-portal/backend/internal/repository/admin_repository.go:364.2,365.16 2 1
github.com/AlmatJuvashev/phd-students-portal/backend/internal/repository/admin_repository.go:365.16,367.3 1 0
github.com/AlmatJuvashev/phd-students-portal/backend/internal/repository/admin_repository.go:368.2,371.19 4 1
github.com/AlmatJuvashev/phd-students-portal/backend/internal/repository/admin_repository.go:374.150,375.47 1 1
github.com/AlmatJuvashev/phd-students-portal/backend/internal/repository/admin_repository.go:375.47,377.3 1 0
github.com/AlmatJuvashev/phd-students-portal/backend/internal/repository/admin_repository.go:383.2,384.16 2 1
github.com/AlmatJuvashev/phd-students-portal/backend/internal/repository/admin_repository.go:384.16,386.3 1 0
github.com/AlmatJuvashev/phd-students-portal/backend/internal/repository/admin_repository.go:387.2,390.16 3 1
github.com/AlmatJuvashev/phd-students-portal/backend/internal/repository/admin_repository.go:390.16,392.3 1 0
github.com/AlmatJuvashev/phd-students-portal/backend/internal/repository/admin_repository.go:393.2,396.18 3 1
github.com/AlmatJuvashev/phd-students-portal/backend/internal/repository/admin_repository.go:396.18,399.55 3 1
github.com/AlmatJuvashev/phd-students-portal/backend/internal/repository/admin_repository.go:399.55,400.26 1 1
github.com/AlmatJuvashev/phd-students-portal/backend/internal/repository/admin_repository.go:400.26,403.5 2 1
github.com/AlmatJuvashev/phd-students-portal/backend/internal/repository/admin_repository.go:406.2,406.23 1 1
github.com/AlmatJuvashev/phd-students-portal/backend/internal/repository/admin_repository.go:409.150,410.26 1 1
github.com/AlmatJuvashev/phd-students-portal/backend/internal/repository/admin_repository.go:410.26,412.3 1 0
github.com/AlmatJuvashev/phd-students-portal/backend/internal/repository/admin_repository.go:414.2,418.16 2 1
github.com/AlmatJuvashev/phd-students-portal/backend/internal/repository/admin_repository.go:418.16,420.3 1 0
github.com/AlmatJuvashev/phd-students-portal/backend/internal/repository/admin_repository.go:421.2,426.26 5 1
github.com/AlmatJuvashev/phd-students-portal/backend/internal/repository/admin_repository.go:426.26,428.3 1 0
github.com/AlmatJuvashev/phd-students-portal/backend/internal/repository/admin_repository.go:429.2,429.27 1 1
github.com/AlmatJuvashev/phd-students-portal/backend/internal/repository/admin_repository.go:432.113,436.2 3 1
github.com/AlmatJuvashev/phd-students-portal/backend/internal/repository/admin_repository.go:438.129,448.16 4 1
github.com/AlmatJuvashev/phd-students-portal/backend/internal/repository/admin_repository.go:448.16,450.3 1 0
github.com/AlmatJuvashev/phd-students-portal/backend/internal/repository/admin_repository.go:451.2,451.21 1 1
github.com/AlmatJuvashev/phd-students-portal/backend/internal/repository/admin_repository.go:451.21,453.3 1 0
github.com/AlmatJuvashev/phd-students-portal/backend/internal/repository/admin_repository.go:457.2,458.26 2 1
github.com/AlmatJuvashev/phd-students-portal/backend/internal/repository/admin_repository.go:458.26,460.3 1 1
github.com/AlmatJuvashev/phd-students-portal/backend/internal/repository/admin_repository.go:462.2,470.16 2 1
github.com/AlmatJuvashev/phd-students-portal/backend/internal/repository/admin_repository.go:470.16,472.3 1 0
github.com/AlmatJuvashev/phd-students-portal/backend/internal/repository/admin_repository.go:473.2,476.16 3 1
github.com/AlmatJuvashev/phd-students-portal/backend/internal/repository/admin_repository.go:476.16,478.3 1 0
github.com/AlmatJuvashev/phd-students-portal/backend/internal/repository/admin_repository.go:479.2,482.18 3 1
github.com/AlmatJuvashev/phd-students-portal/backend/internal/repository/admin_repository.go:482.18,485.97 3 1
github.com/AlmatJuvashev/phd-students-portal/backend/internal/repository/admin_repository.go:485.97,488.4 2 1
github.com/AlmatJuvashev/phd-students-portal/backend/internal/repository/admin_repository.go:492.2,492.23 1 1
github.com/AlmatJuvashev/phd-students-portal/backend/internal/repository/admin_repository.go:492.23,494.28 2 1
github.com/AlmatJuvashev/phd-students-portal/backend/internal/repository/admin_repository.go:494.28,496.4 1 0
github.com/AlmatJuvashev/phd-students-portal/backend/internal/repository/admin_repository.go:497.3,497.45 1 1
github.com/AlmatJuvashev/phd-students-portal/backend/internal/repository/admin_repository.go:500.2,500.19 1 1
github.com/AlmatJuvashev/phd-students-portal/backend/internal/repository/admin_repository.go:503.117,507.16 3 1
github.com/AlmatJuvashev/phd-students-portal/backend/internal/repository/admin_repository.go:507.16,509.3 1 0
github.com/AlmatJuvashev/phd-students-portal/backend/internal/repository/admin_repository.go:511.2,534.16 3 1
github.com/AlmatJuvashev/phd-students-portal/backend/internal/repository/admin_repository.go:534.16,536.3 1 0
github.com/AlmatJuvashev/phd-students-portal/backend/internal/repository/admin_repository.go:537.2,540.18 3 1
github.com/AlmatJuvashev/phd-students-portal/backend/internal/repository/admin_repository.go:540.18,549.17 3 1
github.com/AlmatJuvashev/phd-students-portal/backend/internal/repository/admin_repository.go:549.17,552.12 1 0
github.com/AlmatJuvashev/phd-students-portal/backend/internal/repository/admin_repository.go:556.3,556.25 1 1
github.com/AlmatJuvashev/phd-students-portal/backend/internal/repository/admin_repository.go:556.25,558.4 1 1
github.com/AlmatJuvashev/phd-students-portal/backend/internal/repository/admin_repository.go:560.3,560.57 1 1
github.com/AlmatJuvashev/phd-students-portal/backend/internal/repository/admin_repository.go:560.57,565.34 2 1
github.com/AlmatJuvashev/phd-students-portal/backend/internal/repository/admin_repository.go:565.34,565.89 1 1
github.com/AlmatJuvashev/phd-students-portal/backend/internal/repository/admin_repository.go:566.4,566.32 1 1
github.com/AlmatJuvashev/phd-students-portal/backend/internal/repository/admin_repository.go:566.32,566.87 1 1
github.com/AlmatJuvashev/phd-students-portal/backend/internal/repository/admin_repository.go:567.4,567.28 1 1
github.com/AlmatJuvashev/phd-students-portal/backend/internal/repository/admin_repository.go:567.28,567.79 1 1
github.com/AlmatJuvashev/phd-students-portal/backend/internal/repository/admin_repository.go:570.3,570.24 1 1
github.com/AlmatJuvashev/phd-students-portal/backend/internal/repository/admin_repository.go:572.2,572.17 1 1
github.com/AlmatJuvashev/phd-students-portal/backend/internal/repository/admin_repository.go:575.122,585.2 4 0
github.com/AlmatJuvashev/phd-students-portal/backend/internal/repository/admin_repository.go:587.124,589.88 2 1
github.com/AlmatJuvashev/phd-students-portal/backend/internal/repository/admin_repository.go:589.88,592.3 1 1
github.com/AlmatJuvashev/phd-students-portal/backend/internal/repository/admin_repository.go:592.8,595.3 1 0
github.com/AlmatJuvashev/phd-students-portal/backend/internal/repository/admin_repository.go:596.2,596.12 1 1
github.com/AlmatJuvashev/phd-students-portal/backend/internal/repository/admin_repository.go:599.121,603.2 2 0
github.com/AlmatJuvashev/phd-students-portal/backend/internal/repository/admin_repository.go:605.112,614.26 4 0
github.com/AlmatJuvashev/phd-students-portal/backend/internal/repository/admin_repository.go:614.26,616.3 1 0
github.com/AlmatJuvashev/phd-students-portal/backend/internal/repository/admin_repository.go:617.2,617.20 1 0
github.com/AlmatJuvashev/phd-students-portal/backend/internal/repository/admin_repository.go:620.137,630.2 3 1
github.com/AlmatJuvashev/phd-students-portal/backend/internal/repository/admin_repository.go:632.107,634.53 2 0
github.com/AlmatJuvashev/phd-students-portal/backend/internal/repository/admin_repository.go:634.53,636.3 1 0
github.com/AlmatJuvashev/phd-students-portal/backend/internal/repository/admin_repository.go:637.2,638.12 2 0
github.com/AlmatJuvashev/phd-students-portal/backend/internal/repository/admin_repository.go:641.125,646.2 2 0
github.com/AlmatJuvashev/phd-students-portal/backend/internal/repository/admin_repository.go:648.119,653.2 2 0
github.com/AlmatJuvashev/phd-students-portal/backend/internal/repository/admin_repository.go:655.133,660.2 3 0
github.com/AlmatJuvashev/phd-students-portal/backend/internal/repository/admin_repository.go:662.150,663.26 1 0
github.com/AlmatJuvashev/phd-students-portal/backend/internal/repository/admin_repository.go:663.26,663.40 1 0
github.com/AlmatJuvashev/phd-students-portal/backend/internal/repository/admin_repository.go:667.2,668.16 2 0
github.com/AlmatJuvashev/phd-students-portal/backend/internal/repository/admin_repository.go:668.16,668.30 1 0
github.com/AlmatJuvashev/phd-students-portal/backend/internal/repository/admin_repository.go:669.2,671.33 2 0
github.com/AlmatJuvashev/phd-students-portal/backend/internal/repository/admin_repository.go:671.33,672.19 1 0
github.com/AlmatJuvashev/phd-students-portal/backend/internal/repository/admin_repository.go:672.19,674.4 1 0
github.com/AlmatJuvashev/phd-students-portal/backend/internal/repository/admin_repository.go:674.9,676.4 1 0
github.com/AlmatJuvashev/phd-students-portal/backend/internal/repository/admin_repository.go:677.3,677.17 1 0
github.com/AlmatJuvashev/phd-students-portal/backend/internal/repository/admin_repository.go:677.17,677.31 1 0
github.com/AlmatJuvashev/phd-students-portal/backend/internal/repository/admin_repository.go:679.2,679.20 1 0
github.com/AlmatJuvashev/phd-students-portal/backend/internal/repository/admin_repository.go:682.135,687.2 2 0
github.com/AlmatJuvashev/phd-students-portal/backend/internal/repository/admin_repository.go:689.199,696.2 3 0
github.com/AlmatJuvashev/phd-students-portal/backend/internal/repository/admin_repository.go:698.46,699.13 1 0
github.com/AlmatJuvashev/phd-students-portal/backend/internal/repository/admin_repository.go:699.13,701.3 1 0
github.com/AlmatJuvashev/phd-students-portal/backend/internal/repository/admin_repository.go:702.2,702.47 1 0
github.com/AlmatJuvashev/phd-students-portal/backend/internal/repository/admin_repository.go:705.127,723.16 2 1
github.com/AlmatJuvashev/phd-students-portal/backend/internal/repository/admin_repository.go:723.16,725.3 1 1
github.com/AlmatJuvashev/phd-students-portal/backend/internal/repository/admin_repository.go:727.2,731.16 4 1
github.com/AlmatJuvashev/phd-students-portal/backend/internal/repository/admin_repository.go:731.16,733.3 1 0
github.com/AlmatJuvashev/phd-students-portal/backend/internal/repository/admin_repository.go:734.2,734.26 1 1
github.com/AlmatJuvashev/phd-students-portal/backend/internal/repository/admin_repository.go:734.26,736.3 1 0
github.com/AlmatJuvashev/phd-students-portal/backend/internal/repository/admin_repository.go:737.2,737.27 1 1
github.com/AlmatJuvashev/phd-students-portal/backend/internal/repository/admin_repository.go:741.84,745.2 3 1
github.com/AlmatJuvashev/phd-students-portal/backend/internal/repository/admin_repository.go:747.94,750.2 2 1
github.com/AlmatJuvashev/phd-students-portal/backend/internal/repository/admin_repository.go:752.87,755.2 2 0
github.com/AlmatJuvashev/phd-students-portal/backend/internal/repository/analytics_repository.go:20.69,22.2 1 0
github.com/AlmatJuvashev/phd-students-portal/backend/internal/repository/analytics_repository.go:24.110,36.16 4 0
github.com/AlmatJuvashev/phd-students-portal/backend/internal/repository/analytics_repository.go:36.16,38.3 1 0
github.com/AlmatJuvashev/phd-students-portal/backend/internal/repository/analytics_repository.go:39.2,39.19 1 0
github.com/AlmatJuvashev/phd-students-portal/backend/internal/repository/analytics_repository.go:42.105,55.16 4 0
github.com/AlmatJuvashev/phd-students-portal/backend/internal/repository/analytics_repository.go:55.16,57.3 1 0
github.com/AlmatJuvashev/phd-students-portal/backend/internal/repository/analytics_repository.go:58.2,58.19 1 0
github.com/AlmatJuvashev/phd-students-portal/backend/internal/repository/analytics_repository.go:61.106,75.16 4 0
github.com/AlmatJuvashev/phd-students-portal/backend/internal/repository/analytics_repository.go:75.16,77.3 1 0
github.com/AlmatJuvashev/phd-students-portal/backend/internal/repository/analytics_repository.go:78.2,78.19 1 0
github.com/AlmatJuvashev/phd-students-portal/backend/internal/repository/chat_repository.go:48.55,50.2 1 1
github.com/AlmatJuvashev/phd-students-portal/backend/internal/repository/chat_repository.go:53.180,54.20 1 1
github.com/AlmatJuvashev/phd-students-portal/backend/internal/repository/chat_repository.go:54.20,56.3 1 1
github.com/AlmatJuvashev/phd-students-portal/backend/internal/repository/chat_repository.go:57.2,72.16 3 1
github.com/AlmatJuvashev/phd-students-portal/backend/internal/repository/chat_repository.go:72.16,74.3 1 0
github.com/AlmatJuvashev/phd-students-portal/backend/internal/repository/chat_repository.go:75.2,75.19 1 1
github.com/AlmatJuvashev/phd-students-portal/backend/internal/repository/chat_repository.go:79.132,89.16 3 1
github.com/AlmatJuvashev/phd-students-portal/backend/internal/repository/chat_repository.go:89.16,91.3 1 0
github.com/AlmatJuvashev/phd-students-portal/backend/internal/repository/chat_repository.go:92.2,92.19 1 1
github.com/AlmatJuvashev/phd-students-portal/backend/internal/repository/chat_repository.go:96.99,103.16 3 1
github.com/AlmatJuvashev/phd-students-portal/backend/internal/repository/chat_repository.go:103.16,105.3 1 0
github.com/AlmatJuvashev/phd-students-portal/backend/internal/repository/chat_repository.go:106.2,106.19 1 1
github.com/AlmatJuvashev/phd-students-portal/backend/internal/repository/chat_repository.go:110.119,138.2 3 1
github.com/AlmatJuvashev/phd-students-portal/backend/internal/repository/chat_repository.go:141.113,163.2 3 0
github.com/AlmatJuvashev/phd-students-portal/backend/internal/repository/chat_repository.go:166.96,174.2 3 1
github.com/AlmatJuvashev/phd-students-portal/backend/internal/repository/chat_repository.go:177.121,185.2 2 1
github.com/AlmatJuvashev/phd-students-portal/backend/internal/repository/chat_repository.go:188.92,193.2 2 1
github.com/AlmatJuvashev/phd-students-portal/backend/internal/repository/chat_repository.go:196.110,209.2 3 1
github.com/AlmatJuvashev/phd-students-portal/backend/internal/repository/chat_repository.go:212.202,213.20 1 1
github.com/AlmatJuvashev/phd-students-portal/backend/internal/repository/chat_repository.go:213.20,215.3 1 1
github.com/AlmatJuvashev/phd-students-portal/backend/internal/repository/chat_repository.go:217.2,233.16 3 1
github.com/AlmatJuvashev/phd-students-portal/backend/internal/repository/chat_repository.go:233.16,235.3 1 0
github.com/AlmatJuvashev/phd-students-portal/backend/internal/repository/chat_repository.go:236.2,236.18 1 1
github.com/AlmatJuvashev/phd-students-portal/backend/internal/repository/chat_repository.go:240.145,241.31 1 1
github.com/AlmatJuvashev/phd-students-portal/backend/internal/repository/chat_repository.go:241.31,243.3 1 0
github.com/AlmatJuvashev/phd-students-portal/backend/internal/repository/chat_repository.go:245.2,266.19 4 1
github.com/AlmatJuvashev/phd-students-portal/backend/internal/repository/chat_repository.go:266.19,270.3 3 0
github.com/AlmatJuvashev/phd-students-portal/backend/internal/repository/chat_repository.go:271.2,271.18 1 1
github.com/AlmatJuvashev/phd-students-portal/backend/internal/repository/chat_repository.go:271.18,275.3 3 0
github.com/AlmatJuvashev/phd-students-portal/backend/internal/repository/chat_repository.go:277.2,282.22 5 1
github.com/AlmatJuvashev/phd-students-portal/backend/internal/repository/chat_repository.go:286.124,294.16 3 1
github.com/AlmatJuvashev/phd-students-portal/backend/internal/repository/chat_repository.go:294.16,296.3 1 0
github.com/AlmatJuvashev/phd-students-portal/backend/internal/repository/chat_repository.go:297.2,297.18 1 1
github.com/AlmatJuvashev/phd-students-portal/backend/internal/repository/chat_repository.go:301.92,307.16 2 1
github.com/AlmatJuvashev/phd-students-portal/backend/internal/repository/chat_repository.go:307.16,309.3 1 0
github.com/AlmatJuvashev/phd-students-portal/backend/internal/repository/chat_repository.go:310.2,311.16 2 1
github.com/AlmatJuvashev/phd-students-portal/backend/internal/repository/chat_repository.go:311.16,313.3 1 0
github.com/AlmatJuvashev/phd-students-portal/backend/internal/repository/chat_repository.go:314.2,314.15 1 1
github.com/AlmatJuvashev/phd-students-portal/backend/internal/repository/chat_repository.go:314.15,316.3 1 0
github.com/AlmatJuvashev/phd-students-portal/backend/internal/repository/chat_repository.go:317.2,317.12 1 1
github.com/AlmatJuvashev/phd-students-portal/backend/internal/repository/chat_repository.go:321.94,329.2 2 1
github.com/AlmatJuvashev/phd-students-portal/backend/internal/repository/chat_repository.go:332.113,337.33 4 0
github.com/AlmatJuvashev/phd-students-portal/backend/internal/repository/chat_repository.go:337.33,338.45 1 0
github.com/AlmatJuvashev/phd-students-portal/backend/internal/repository/chat_repository.go:338.45,341.4 2 0
github.com/AlmatJuvashev/phd-students-portal/backend/internal/repository/chat_repository.go:344.2,346.21 3 0
github.com/AlmatJuvashev/phd-students-portal/backend/internal/repository/chat_repository.go:350.109,351.23 1 0
github.com/AlmatJuvashev/phd-students-portal/backend/internal/repository/chat_repository.go:351.23,353.3 1 0
github.com/AlmatJuvashev/phd-students-portal/backend/internal/repository/chat_repository.go:354.2,359.16 2 0
github.com/AlmatJuvashev/phd-students-portal/backend/internal/repository/chat_repository.go:359.16,361.3 1 0
github.com/AlmatJuvashev/phd-students-portal/backend/internal/repository/chat_repository.go:362.2,365.19 4 0
github.com/AlmatJuvashev/phd-students-portal/backend/internal/repository/checklist_repository.go:30.69,32.2 1 1
github.com/AlmatJuvashev/phd-students-portal/backend/internal/repository/checklist_repository.go:34.101,38.2 3 1
github.com/AlmatJuvashev/phd-students-portal/backend/internal/repository/checklist_repository.go:40.124,45.2 3 1
github.com/AlmatJuvashev/phd-students-portal/backend/internal/repository/checklist_repository.go:50.11,57.2 3 1
github.com/AlmatJuvashev/phd-students-portal/backend/internal/repository/checklist_repository.go:59.132,64.2 2 1
github.com/AlmatJuvashev/phd-students-portal/backend/internal/repository/checklist_repository.go:66.106,78.2 3 1
github.com/AlmatJuvashev/phd-students-portal/backend/internal/repository/checklist_repository.go:80.96,85.2 2 1
github.com/AlmatJuvashev/phd-students-portal/backend/internal/repository/checklist_repository.go:87.95,92.2 2 1
github.com/AlmatJuvashev/phd-students-portal/backend/internal/repository/checklist_repository.go:94.154,108.2 3 0
github.com/AlmatJuvashev/phd-students-portal/backend/internal/repository/comment_repository.go:19.65,21.2 1 0
github.com/AlmatJuvashev/phd-students-portal/backend/internal/repository/comment_repository.go:23.100,31.2 3 0
github.com/AlmatJuvashev/phd-students-portal/backend/internal/repository/comment_repository.go:33.126,52.16 3 0
github.com/AlmatJuvashev/phd-students-portal/backend/internal/repository/comment_repository.go:52.16,54.3 1 0
github.com/AlmatJuvashev/phd-students-portal/backend/internal/repository/comment_repository.go:55.2,55.21 1 0
github.com/AlmatJuvashev/phd-students-portal/backend/internal/repository/comment_repository.go:55.21,57.3 1 0
github.com/AlmatJuvashev/phd-students-portal/backend/internal/repository/comment_repository.go:58.2,58.22 1 0
github.com/AlmatJuvashev/phd-students-portal/backend/internal/repository/contact_repository.go:26.65,28.2 1 0
github.com/AlmatJuvashev/phd-students-portal/backend/internal/repository/contact_repository.go:30.107,42.16 3 0
github.com/AlmatJuvashev/phd-students-portal/backend/internal/repository/contact_repository.go:42.16,44.3 1 0
github.com/AlmatJuvashev/phd-students-portal/backend/internal/repository/contact_repository.go:45.2,45.21 1 0
github.com/AlmatJuvashev/phd-students-portal/backend/internal/repository/contact_repository.go:45.21,47.3 1 0
github.com/AlmatJuvashev/phd-students-portal/backend/internal/repository/contact_repository.go:48.2,48.22 1 0
github.com/AlmatJuvashev/phd-students-portal/backend/internal/repository/contact_repository.go:51.128,57.22 2 0
github.com/AlmatJuvashev/phd-students-portal/backend/internal/repository/contact_repository.go:57.22,59.3 1 0
github.com/AlmatJuvashev/phd-students-portal/backend/internal/repository/contact_repository.go:60.2,63.76 3 0
github.com/AlmatJuvashev/phd-students-portal/backend/internal/repository/contact_repository.go:63.76,65.3 1 0
github.com/AlmatJuvashev/phd-students-portal/backend/internal/repository/contact_repository.go:66.2,66.21 1 0
github.com/AlmatJuvashev/phd-students-portal/backend/internal/repository/contact_repository.go:66.21,68.3 1 0
github.com/AlmatJuvashev/phd-students-portal/backend/internal/repository/contact_repository.go:69.2,69.22 1 0
github.com/AlmatJuvashev/phd-students-portal/backend/internal/repository/contact_repository.go:72.117,86.2 3 0
github.com/AlmatJuvashev/phd-students-portal/backend/internal/repository/contact_repository.go:88.126,94.25 4 0
github.com/AlmatJuvashev/phd-students-portal/backend/internal/repository/contact_repository.go:94.25,96.3 1 0
github.com/AlmatJuvashev/phd-students-portal/backend/internal/repository/contact_repository.go:97.2,99.25 2 0
github.com/AlmatJuvashev/phd-students-portal/backend/internal/repository/contact_repository.go:99.25,111.35 2 0
github.com/AlmatJuvashev/phd-students-portal/backend/internal/repository/contact_repository.go:111.35,114.37 1 0
github.com/AlmatJuvashev/phd-students-portal/backend/internal/repository/contact_repository.go:114.37,116.5 1 0
github.com/AlmatJuvashev/phd-students-portal/backend/internal/repository/contact_repository.go:116.10,116.43 1 0
github.com/AlmatJuvashev/phd-students-portal/backend/internal/repository/contact_repository.go:116.43,118.5 1 0
github.com/AlmatJuvashev/phd-students-portal/backend/internal/repository/contact_repository.go:121.3,122.27 2 0
github.com/AlmatJuvashev/phd-students-portal/backend/internal/repository/contact_repository.go:125.2,125.24 1 0
github.com/AlmatJuvashev/phd-students-portal/backend/internal/repository/contact_repository.go:125.24,127.3 1 0
github.com/AlmatJuvashev/phd-students-portal/backend/internal/repository/contact_repository.go:129.2,133.12 4 0
github.com/AlmatJuvashev/phd-students-portal/backend/internal/repository/contact_repository.go:136.94,139.2 2 0
github.com/AlmatJuvashev/phd-students-portal/backend/internal/repository/contact_repository.go:142.50,143.32 1 0
github.com/AlmatJuvashev/phd-students-portal/backend/internal/repository/contact_repository.go:143.32,145.3 1 0
github.com/AlmatJuvashev/phd-students-portal/backend/internal/repository/contact_repository.go:146.2,146.10 1 0
github.com/AlmatJuvashev/phd-students-portal/backend/internal/repository/contact_repository.go:149.48,150.14 1 0
github.com/AlmatJuvashev/phd-students-portal/backend/internal/repository/contact_repository.go:150.14,152.3 1 0
github.com/AlmatJuvashev/phd-students-portal/backend/internal/repository/contact_repository.go:153.2,153.34 1 0
github.com/AlmatJuvashev/phd-students-portal/backend/internal/repository/dictionary_repository.go:42.71,44.2 1 0
github.com/AlmatJuvashev/phd-students-portal/backend/internal/repository/dictionary_repository.go:47.37,48.13 1 0
github.com/AlmatJuvashev/phd-students-portal/backend/internal/repository/dictionary_repository.go:48.13,50.3 1 0
github.com/AlmatJuvashev/phd-students-portal/backend/internal/repository/dictionary_repository.go:51.2,51.11 1 0
github.com/AlmatJuvashev/phd-students-portal/backend/internal/repository/dictionary_repository.go:55.25,57.2 1 0
github.com/AlmatJuvashev/phd-students-portal/backend/internal/repository/dictionary_repository.go:61.129,68.16 3 0
github.com/AlmatJuvashev/phd-students-portal/backend/internal/repository/dictionary_repository.go:68.16,70.3 1 0
github.com/AlmatJuvashev/phd-students-portal/backend/internal/repository/dictionary_repository.go:71.2,74.75 3 0
github.com/AlmatJuvashev/phd-students-portal/backend/internal/repository/dictionary_repository.go:74.75,76.3 1 0
github.com/AlmatJuvashev/phd-students-portal/backend/internal/repository/dictionary_repository.go:77.2,77.21 1 0
github.com/AlmatJuvashev/phd-students-portal/backend/internal/repository/dictionary_repository.go:77.21,79.3 1 0
github.com/AlmatJuvashev/phd-students-portal/backend/internal/repository/dictionary_repository.go:80.2,80.22 1 0
github.com/AlmatJuvashev/phd-students-portal/backend/internal/repository/dictionary_repository.go:83.115,88.2 3 0
github.com/AlmatJuvashev/phd-students-portal/backend/internal/repository/dictionary_repository.go:90.132,95.16 4 0
github.com/AlmatJuvashev/phd-students-portal/backend/internal/repository/dictionary_repository.go:95.16,99.3 3 0
github.com/AlmatJuvashev/phd-students-portal/backend/internal/repository/dictionary_repository.go:100.2,100.16 1 0
github.com/AlmatJuvashev/phd-students-portal/backend/internal/repository/dictionary_repository.go:100.16,104.3 3 0
github.com/AlmatJuvashev/phd-students-portal/backend/internal/repository/dictionary_repository.go:105.2,105.21 1 0
github.com/AlmatJuvashev/phd-students-portal/backend/internal/repository/dictionary_repository.go:105.21,109.3 3 0
github.com/AlmatJuvashev/phd-students-portal/backend/internal/repository/dictionary_repository.go:111.2,115.12 4 0
github.com/AlmatJuvashev/phd-students-portal/backend/internal/repository/dictionary_repository.go:118.97,121.2 2 0
github.com/AlmatJuvashev/phd-students-portal/backend/internal/repository/dictionary_repository.go:125.152,134.16 4 0
github.com/AlmatJuvashev/phd-students-portal/backend/internal/repository/dictionary_repository.go:134.16,136.3 1 0
github.com/AlmatJuvashev/phd-students-portal/backend/internal/repository/dictionary_repository.go:137.2,137.21 1 0
github.com/AlmatJuvashev/phd-students-portal/backend/internal/repository/dictionary_repository.go:137.21,140.3 2 0
github.com/AlmatJuvashev/phd-students-portal/backend/internal/repository/dictionary_repository.go:141.2,153.80 4 0
github.com/AlmatJuvashev/phd-students-portal/backend/internal/repository/dictionary_repository.go:153.80,155.3 1 0
github.com/AlmatJuvashev/phd-students-portal/backend/internal/repository/dictionary_repository.go:157.2,158.34 2 0
github.com/AlmatJuvashev/phd-students-portal/backend/internal/repository/dictionary_repository.go:158.34,161.17 3 0
github.com/AlmatJuvashev/phd-students-portal/backend/internal/repository/dictionary_repository.go:161.17,163.4 1 0
github.com/AlmatJuvashev/phd-students-portal/backend/internal/repository/dictionary_repository.go:165.3,173.4 1 0
github.com/AlmatJuvashev/phd-students-portal/backend/internal/repository/dictionary_repository.go:176.2,176.25 1 0
github.com/AlmatJuvashev/phd-students-portal/backend/internal/repository/dictionary_repository.go:179.138,181.16 2 0
github.com/AlmatJuvashev/phd-students-portal/backend/internal/repository/dictionary_repository.go:181.16,183.3 1 0
github.com/AlmatJuvashev/phd-students-portal/backend/internal/repository/dictionary_repository.go:184.2,189.16 4 0
github.com/AlmatJuvashev/phd-students-portal/backend/internal/repository/dictionary_repository.go:189.16,191.3 1 0
github.com/AlmatJuvashev/phd-students-portal/backend/internal/repository/dictionary_repository.go:193.2,193.33 1 0
github.com/AlmatJuvashev/phd-students-portal/backend/internal/repository/dictionary_repository.go:193.33,194.39 1 0
github.com/AlmatJuvashev/phd-students-portal/backend/internal/repository/dictionary_repository.go:194.39,196.18 2 0
github.com/AlmatJuvashev/phd-students-portal/backend/internal/repository/dictionary_repository.go:196.18,198.13 1 0
github.com/AlmatJuvashev/phd-students-portal/backend/internal/repository/dictionary_repository.go:203.2,203.36 1 0
github.com/AlmatJuvashev/phd-students-portal/backend/internal/repository/dictionary_repository.go:203.36,205.3 1 0
github.com/AlmatJuvashev/phd-students-portal/backend/internal/repository/dictionary_repository.go:207.2,207.16 1 0
github.com/AlmatJuvashev/phd-students-portal/backend/internal/repository/dictionary_repository.go:210.148,212.16 2 0
github.com/AlmatJuvashev/phd-students-portal/backend/internal/repository/dictionary_repository.go:212.16,214.3 1 0
github.com/AlmatJuvashev/phd-students-portal/backend/internal/repository/dictionary_repository.go:215.2,221.16 5 0
github.com/AlmatJuvashev/phd-students-portal/backend/internal/repository/dictionary_repository.go:221.16,225.3 3 0
github.com/AlmatJuvashev/phd-students-portal/backend/internal/repository/dictionary_repository.go:226.2,226.16 1 0
github.com/AlmatJuvashev/phd-students-portal/backend/internal/repository/dictionary_repository.go:226.16,230.3 3 0
github.com/AlmatJuvashev/phd-students-portal/backend/internal/repository/dictionary_repository.go:231.2,231.21 1 0
github.com/AlmatJuvashev/phd-students-portal/backend/internal/repository/dictionary_repository.go:231.21,235.3 3 0
github.com/AlmatJuvashev/phd-students-portal/backend/internal/repository/dictionary_repository.go:237.2,237.23 1 0
github.com/AlmatJuvashev/phd-students-portal/backend/internal/repository/dictionary_repository.go:237.23,241.17 4 0
github.com/AlmatJuvashev/phd-students-portal/backend/internal/repository/dictionary_repository.go:241.17,243.4 1 0
github.com/AlmatJuvashev/phd-students-portal/backend/internal/repository/dictionary_repository.go:246.2,246.23 1 0
github.com/AlmatJuvashev/phd-students-portal/backend/internal/repository/dictionary_repository.go:246.23,248.34 2 0
github.com/AlmatJuvashev/phd-students-portal/backend/internal/repository/dictionary_repository.go:248.34,249.40 1 0
github.com/AlmatJuvashev/phd-students-portal/backend/internal/repository/dictionary_repository.go:249.40,251.19 2 0
github.com/AlmatJuvashev/phd-students-portal/backend/internal/repository/dictionary_repository.go:251.19,252.14 1 0
github.com/AlmatJuvashev/phd-students-portal/backend/internal/repository/dictionary_repository.go:258.2,258.20 1 0
github.com/AlmatJuvashev/phd-students-portal/backend/internal/repository/dictionary_repository.go:261.99,264.2 2 0
github.com/AlmatJuvashev/phd-students-portal/backend/internal/repository/dictionary_repository.go:268.127,278.16 3 0
github.com/AlmatJuvashev/phd-students-portal/backend/internal/repository/dictionary_repository.go:278.16,280.3 1 0
github.com/AlmatJuvashev/phd-students-portal/backend/internal/repository/dictionary_repository.go:281.2,284.74 3 0
github.com/AlmatJuvashev/phd-students-portal/backend/internal/repository/dictionary_repository.go:284.74,286.3 1 0
github.com/AlmatJuvashev/phd-students-portal/backend/internal/repository/dictionary_repository.go:287.2,287.20 1 0
github.com/AlmatJuvashev/phd-students-portal/backend/internal/repository/dictionary_repository.go:287.20,289.3 1 0
github.com/AlmatJuvashev/phd-students-portal/backend/internal/repository/dictionary_repository.go:290.2,290.21 1 0
github.com/AlmatJuvashev/phd-students-portal/backend/internal/repository/dictionary_repository.go:293.128,298.2 3 0
github.com/AlmatJuvashev/phd-students-portal/backend/internal/repository/dictionary_repository.go:300.138,305.16 4 0
github.com/AlmatJuvashev/phd-students-portal/backend/internal/repository/dictionary_repository.go:305.16,309.3 3 0
github.com/AlmatJuvashev/phd-students-portal/backend/internal/repository/dictionary_repository.go:310.2,310.21 1 0
github.com/AlmatJuvashev/phd-students-portal/backend/internal/repository/dictionary_repository.go:310.21,314.3 3 0
github.com/AlmatJuvashev/phd-students-portal/backend/internal/repository/dictionary_repository.go:315.2,315.19 1 0
github.com/AlmatJuvashev/phd-students-portal/backend/internal/repository/dictionary_repository.go:315.19,319.3 3 0
github.com/AlmatJuvashev/phd-students-portal/backend/internal/repository/dictionary_repository.go:320.2,320.21 1 0
github.com/AlmatJuvashev/phd-students-portal/backend/internal/repository/dictionary_repository.go:320.21,324.3 3 0
github.com/AlmatJuvashev/phd-students-portal/backend/internal/repository/dictionary_repository.go:326.2,330.12 4 0
github.com/AlmatJuvashev/phd-students-portal/backend/internal/repository/dictionary_repository.go:333.96,336.2 2 0
github.com/AlmatJuvashev/phd-students-portal/backend/internal/repository/dictionary_repository.go:340.135,347.16 3 0
github.com/AlmatJuvashev/phd-students-portal/backend/internal/repository/dictionary_repository.go:347.16,349.3 1 0
github.com/AlmatJuvashev/phd-students-portal/backend/internal/repository/dictionary_repository.go:350.2,353.78 3 0
github.com/AlmatJuvashev/phd-students-portal/backend/internal/repository/dictionary_repository.go:353.78,355.3 1 0
github.com/AlmatJuvashev/phd-students-portal/backend/internal/repository/dictionary_repository.go:356.2,356.24 1 0
github.com/AlmatJuvashev/phd-students-portal/backend/internal/repository/dictionary_repository.go:356.24,358.3 1 0
github.com/AlmatJuvashev/phd-students-portal/backend/internal/repository/dictionary_repository.go:359.2,359.25 1 0
github.com/AlmatJuvashev/phd-students-portal/backend/internal/repository/dictionary_repository.go:362.118,367.2 3 0
github.com/AlmatJuvashev/phd-students-portal/backend/internal/repository/dictionary_repository.go:369.128,374.16 4 0
github.com/AlmatJuvashev/phd-students-portal/backend/internal/repository/dictionary_repository.go:374.16,378.3 3 0
github.com/AlmatJuvashev/phd-students-portal/backend/internal/repository/dictionary_repository.go:379.2,379.16 1 0
github.com/AlmatJuvashev/phd-students-portal/backend/internal/repository/dictionary_repository.go:379.16,383.3 3 0
github.com/AlmatJuvashev/phd-students-portal/backend/internal/repository/dictionary_repository.go:384.2,384.21 1 0
github.com/AlmatJuvashev/phd-students-portal/backend/internal/repository/dictionary_repository.go:384.21,388.3 3 0
github.com/AlmatJuvashev/phd-students-portal/backend/internal/repository/dictionary_repository.go:390.2,394.12 4 0
github.com/AlmatJuvashev/phd-students-portal/backend/internal/repository/dictionary_repository.go:397.100,400.2 2 0
github.com/AlmatJuvashev/phd-students-portal/backend/internal/repository/document_repository.go:29.67,31.2 1 1
github.com/AlmatJuvashev/phd-students-portal/backend/internal/repository/document_repository.go:33.99,40.2 4 1
github.com/AlmatJuvashev/phd-students-portal/backend/internal/repository/document_repository.go:42.99,46.26 4 1
github.com/AlmatJuvashev/phd-students-portal/backend/internal/repository/document_repository.go:46.26,48.3 1 1
github.com/AlmatJuvashev/phd-students-portal/backend/internal/repository/document_repository.go:49.2,49.18 1 1
github.com/AlmatJuvashev/phd-students-portal/backend/internal/repository/document_repository.go:52.109,57.2 4 1
github.com/AlmatJuvashev/phd-students-portal/backend/internal/repository/document_repository.go:59.78,62.2 2 1
github.com/AlmatJuvashev/phd-students-portal/backend/internal/repository/document_repository.go:64.113,71.2 4 1
github.com/AlmatJuvashev/phd-students-portal/backend/internal/repository/document_repository.go:73.109,78.26 5 1
github.com/AlmatJuvashev/phd-students-portal/backend/internal/repository/document_repository.go:78.26,80.3 1 0
github.com/AlmatJuvashev/phd-students-portal/backend/internal/repository/document_repository.go:81.2,81.18 1 1
github.com/AlmatJuvashev/phd-students-portal/backend/internal/repository/document_repository.go:84.126,92.2 5 1
github.com/AlmatJuvashev/phd-students-portal/backend/internal/repository/document_repository.go:94.118,100.26 5 1
github.com/AlmatJuvashev/phd-students-portal/backend/internal/repository/document_repository.go:100.26,102.3 1 0
github.com/AlmatJuvashev/phd-students-portal/backend/internal/repository/document_repository.go:103.2,103.18 1 1
github.com/AlmatJuvashev/phd-students-portal/backend/internal/repository/document_repository.go:106.99,109.2 2 1
github.com/AlmatJuvashev/phd-students-portal/backend/internal/repository/event_repository.go:24.61,26.2 1 0
github.com/AlmatJuvashev/phd-students-portal/backend/internal/repository/event_repository.go:28.110,30.16 2 0
github.com/AlmatJuvashev/phd-students-portal/backend/internal/repository/event_repository.go:30.16,32.3 1 0
github.com/AlmatJuvashev/phd-students-portal/backend/internal/repository/event_repository.go:33.2,42.16 4 0
github.com/AlmatJuvashev/phd-students-portal/backend/internal/repository/event_repository.go:42.16,44.3 1 0
github.com/AlmatJuvashev/phd-students-portal/backend/internal/repository/event_repository.go:45.2,45.17 1 0
github.com/AlmatJuvashev/phd-students-portal/backend/internal/repository/event_repository.go:45.17,47.3 1 0
github.com/AlmatJuvashev/phd-students-portal/backend/internal/repository/event_repository.go:48.2,51.24 2 0
github.com/AlmatJuvashev/phd-students-portal/backend/internal/repository/event_repository.go:51.24,56.36 2 0
github.com/AlmatJuvashev/phd-students-portal/backend/internal/repository/event_repository.go:56.36,58.18 2 0
github.com/AlmatJuvashev/phd-students-portal/backend/internal/repository/event_repository.go:58.18,60.5 1 0
github.com/AlmatJuvashev/phd-students-portal/backend/internal/repository/event_repository.go:64.2,64.20 1 0
github.com/AlmatJuvashev/phd-students-portal/backend/internal/repository/event_repository.go:67.132,78.16 4 0
github.com/AlmatJuvashev/phd-students-portal/backend/internal/repository/event_repository.go:78.16,80.3 1 0
github.com/AlmatJuvashev/phd-students-portal/backend/internal/repository/event_repository.go:81.2,81.20 1 0
github.com/AlmatJuvashev/phd-students-portal/backend/internal/repository/event_repository.go:84.99,88.16 4 0
github.com/AlmatJuvashev/phd-students-portal/backend/internal/repository/event_repository.go:88.16,90.3 1 0
github.com/AlmatJuvashev/phd-students-portal/backend/internal/repository/event_repository.go:91.2,91.20 1 0
github.com/AlmatJuvashev/phd-students-portal/backend/internal/repository/event_repository.go:94.90,103.16 3 0
github.com/AlmatJuvashev/phd-students-portal/backend/internal/repository/event_repository.go:103.16,105.3 1 0
github.com/AlmatJuvashev/phd-students-portal/backend/internal/repository/event_repository.go:107.2,108.16 2 0
github.com/AlmatJuvashev/phd-students-portal/backend/internal/repository/event_repository.go:108.16,110.3 1 0
github.com/AlmatJuvashev/phd-students-portal/backend/internal/repository/event_repository.go:111.2,111.15 1 0
github.com/AlmatJuvashev/phd-students-portal/backend/internal/repository/event_repository.go:111.15,113.3 1 0
github.com/AlmatJuvashev/phd-students-portal/backend/internal/repository/event_repository.go:114.2,114.12 1 0
github.com/AlmatJuvashev/phd-students-portal/backend/internal/repository/event_repository.go:117.93,120.16 3 0
github.com/AlmatJuvashev/phd-students-portal/backend/internal/repository/event_repository.go:120.16,122.3 1 0
github.com/AlmatJuvashev/phd-students-portal/backend/internal/repository/event_repository.go:123.2,124.16 2 0
github.com/AlmatJuvashev/phd-students-portal/backend/internal/repository/event_repository.go:124.16,126.3 1 0
github.com/AlmatJuvashev/phd-students-portal/backend/internal/repository/event_repository.go:127.2,127.15 1 0
github.com/AlmatJuvashev/phd-students-portal/backend/internal/repository/event_repository.go:127.15,129.3 1 0
github.com/AlmatJuvashev/phd-students-portal/backend/internal/repository/event_repository.go:130.2,130.12 1 0
github.com/AlmatJuvashev/phd-students-portal/backend/internal/repository/journey_repository.go:64.65,66.2 1 1
github.com/AlmatJuvashev/phd-students-portal/backend/internal/repository/journey_repository.go:69.74,71.2 1 1
github.com/AlmatJuvashev/phd-students-portal/backend/internal/repository/journey_repository.go:74.52,75.17 1 1
github.com/AlmatJuvashev/phd-students-portal/backend/internal/repository/journey_repository.go:75.17,77.3 1 1
github.com/AlmatJuvashev/phd-students-portal/backend/internal/repository/journey_repository.go:78.2,78.13 1 1
github.com/AlmatJuvashev/phd-students-portal/backend/internal/repository/journey_repository.go:82.100,84.16 2 1
github.com/AlmatJuvashev/phd-students-portal/backend/internal/repository/journey_repository.go:84.16,86.3 1 0
github.com/AlmatJuvashev/phd-students-portal/backend/internal/repository/journey_repository.go:87.2,90.35 3 1
github.com/AlmatJuvashev/phd-students-portal/backend/internal/repository/journey_repository.go:90.35,92.3 1 1
github.com/AlmatJuvashev/phd-students-portal/backend/internal/repository/journey_repository.go:94.2,94.20 1 1
github.com/AlmatJuvashev/phd-students-portal/backend/internal/repository/journey_repository.go:98.121,100.16 2 1
github.com/AlmatJuvashev/phd-students-portal/backend/internal/repository/journey_repository.go:100.16,102.3 1 0
github.com/AlmatJuvashev/phd-students-portal/backend/internal/repository/journey_repository.go:103.2,105.18 3 1
github.com/AlmatJuvashev/phd-students-portal/backend/internal/repository/journey_repository.go:105.18,107.46 2 1
github.com/AlmatJuvashev/phd-students-portal/backend/internal/repository/journey_repository.go:107.46,109.4 1 1
github.com/AlmatJuvashev/phd-students-portal/backend/internal/repository/journey_repository.go:111.2,111.15 1 1
github.com/AlmatJuvashev/phd-students-portal/backend/internal/repository/journey_repository.go:115.118,120.2 2 1
github.com/AlmatJuvashev/phd-students-portal/backend/internal/repository/journey_repository.go:123.97,125.16 2 0
github.com/AlmatJuvashev/phd-students-portal/backend/internal/repository/journey_repository.go:125.16,127.3 1 0
github.com/AlmatJuvashev/phd-students-portal/backend/internal/repository/journey_repository.go:128.2,129.12 2 0
github.com/AlmatJuvashev/phd-students-portal/backend/internal/repository/journey_repository.go:133.114,137.2 3 0
github.com/AlmatJuvashev/phd-students-portal/backend/internal/repository/journey_repository.go:140.104,141.22 1 0
github.com/AlmatJuvashev/phd-students-portal/backend/internal/repository/journey_repository.go:141.22,143.6 1 0
github.com/AlmatJuvashev/phd-students-portal/backend/internal/repository/journey_repository.go:144.5,145.19 2 0
github.com/AlmatJuvashev/phd-students-portal/backend/internal/repository/journey_repository.go:145.19,147.6 1 0
github.com/AlmatJuvashev/phd-students-portal/backend/internal/repository/journey_repository.go:148.5,151.22 4 0
github.com/AlmatJuvashev/phd-students-portal/backend/internal/repository/journey_repository.go:155.122,158.16 3 1
github.com/AlmatJuvashev/phd-students-portal/backend/internal/repository/journey_repository.go:158.16,159.27 1 0
github.com/AlmatJuvashev/phd-students-portal/backend/internal/repository/journey_repository.go:159.27,161.4 1 0
github.com/AlmatJuvashev/phd-students-portal/backend/internal/repository/journey_repository.go:162.3,162.18 1 0
github.com/AlmatJuvashev/phd-students-portal/backend/internal/repository/journey_repository.go:164.2,164.19 1 1
github.com/AlmatJuvashev/phd-students-portal/backend/internal/repository/journey_repository.go:167.122,171.2 3 1
github.com/AlmatJuvashev/phd-students-portal/backend/internal/repository/journey_repository.go:173.155,178.2 3 1
github.com/AlmatJuvashev/phd-students-portal/backend/internal/repository/journey_repository.go:180.122,182.16 2 1
github.com/AlmatJuvashev/phd-students-portal/backend/internal/repository/journey_repository.go:182.16,184.3 1 0
github.com/AlmatJuvashev/phd-students-portal/backend/internal/repository/journey_repository.go:185.2,186.15 2 1
github.com/AlmatJuvashev/phd-students-portal/backend/internal/repository/journey_repository.go:186.15,188.3 1 1
github.com/AlmatJuvashev/phd-students-portal/backend/internal/repository/journey_repository.go:189.2,189.12 1 1
github.com/AlmatJuvashev/phd-students-portal/backend/internal/repository/journey_repository.go:192.124,195.16 3 1
github.com/AlmatJuvashev/phd-students-portal/backend/internal/repository/journey_repository.go:195.16,197.3 1 0
github.com/AlmatJuvashev/phd-students-portal/backend/internal/repository/journey_repository.go:198.2,198.29 1 1
github.com/AlmatJuvashev/phd-students-portal/backend/internal/repository/journey_repository.go:201.128,205.2 3 1
github.com/AlmatJuvashev/phd-students-portal/backend/internal/repository/journey_repository.go:207.144,215.2 4 0
github.com/AlmatJuvashev/phd-students-portal/backend/internal/repository/journey_repository.go:217.131,230.16 2 1
github.com/AlmatJuvashev/phd-students-portal/backend/internal/repository/journey_repository.go:230.16,232.3 1 0
github.com/AlmatJuvashev/phd-students-portal/backend/internal/repository/journey_repository.go:233.2,266.18 5 1
github.com/AlmatJuvashev/phd-students-portal/backend/internal/repository/journey_repository.go:266.18,268.45 2 1
github.com/AlmatJuvashev/phd-students-portal/backend/internal/repository/journey_repository.go:268.45,270.4 1 0
github.com/AlmatJuvashev/phd-students-portal/backend/internal/repository/journey_repository.go:272.3,274.14 3 1
github.com/AlmatJuvashev/phd-students-portal/backend/internal/repository/journey_repository.go:274.14,285.4 3 1
github.com/AlmatJuvashev/phd-students-portal/backend/internal/repository/journey_repository.go:287.3,287.48 1 1
github.com/AlmatJuvashev/phd-students-portal/backend/internal/repository/journey_repository.go:287.48,295.26 2 1
github.com/AlmatJuvashev/phd-students-portal/backend/internal/repository/journey_repository.go:295.26,295.73 2 1
github.com/AlmatJuvashev/phd-students-portal/backend/internal/repository/journey_repository.go:296.4,296.22 1 1
github.com/AlmatJuvashev/phd-students-portal/backend/internal/repository/journey_repository.go:296.22,296.63 2 1
github.com/AlmatJuvashev/phd-students-portal/backend/internal/repository/journey_repository.go:297.4,297.26 1 1
github.com/AlmatJuvashev/phd-students-portal/backend/internal/repository/journey_repository.go:297.26,297.75 2 0
github.com/AlmatJuvashev/phd-students-portal/backend/internal/repository/journey_repository.go:298.4,298.26 1 1
github.com/AlmatJuvashev/phd-students-portal/backend/internal/repository/journey_repository.go:298.26,298.73 2 0
github.com/AlmatJuvashev/phd-students-portal/backend/internal/repository/journey_repository.go:299.4,299.26 1 1
github.com/AlmatJuvashev/phd-students-portal/backend/internal/repository/journey_repository.go:299.26,299.75 2 0
github.com/AlmatJuvashev/phd-students-portal/backend/internal/repository/journey_repository.go:301.4,301.41 1 1
github.com/AlmatJuvashev/phd-students-portal/backend/internal/repository/journey_repository.go:301.41,304.5 2 0
github.com/AlmatJuvashev/phd-students-portal/backend/internal/repository/journey_repository.go:305.4,305.26 1 1
github.com/AlmatJuvashev/phd-students-portal/backend/internal/repository/journey_repository.go:305.26,305.73 2 0
github.com/AlmatJuvashev/phd-students-portal/backend/internal/repository/journey_repository.go:306.4,306.26 1 1
github.com/AlmatJuvashev/phd-students-portal/backend/internal/repository/journey_repository.go:306.26,306.75 2 0
github.com/AlmatJuvashev/phd-students-portal/backend/internal/repository/journey_repository.go:307.4,307.33 1 1
github.com/AlmatJuvashev/phd-students-portal/backend/internal/repository/journey_repository.go:307.33,307.95 2 0
github.com/AlmatJuvashev/phd-students-portal/backend/internal/repository/journey_repository.go:308.4,308.32 1 1
github.com/AlmatJuvashev/phd-students-portal/backend/internal/repository/journey_repository.go:308.32,308.93 2 0
github.com/AlmatJuvashev/phd-students-portal/backend/internal/repository/journey_repository.go:309.4,309.30 1 1
github.com/AlmatJuvashev/phd-students-portal/backend/internal/repository/journey_repository.go:309.30,309.87 2 0
github.com/AlmatJuvashev/phd-students-portal/backend/internal/repository/journey_repository.go:311.4,311.52 1 1
github.com/AlmatJuvashev/phd-students-portal/backend/internal/repository/journey_repository.go:316.2,317.32 2 1
github.com/AlmatJuvashev/phd-students-portal/backend/internal/repository/journey_repository.go:317.32,319.3 1 1
github.com/AlmatJuvashev/phd-students-portal/backend/internal/repository/journey_repository.go:320.2,320.17 1 1
github.com/AlmatJuvashev/phd-students-portal/backend/internal/repository/journey_repository.go:323.118,327.2 3 0
github.com/AlmatJuvashev/phd-students-portal/backend/internal/repository/journey_repository.go:329.113,333.2 3 1
github.com/AlmatJuvashev/phd-students-portal/backend/internal/repository/journey_repository.go:335.136,338.2 2 1
github.com/AlmatJuvashev/phd-students-portal/backend/internal/repository/journey_repository.go:340.116,343.2 2 0
github.com/AlmatJuvashev/phd-students-portal/backend/internal/repository/journey_repository.go:345.127,348.2 2 0
github.com/AlmatJuvashev/phd-students-portal/backend/internal/repository/journey_repository.go:350.135,352.16 2 1
github.com/AlmatJuvashev/phd-students-portal/backend/internal/repository/journey_repository.go:352.16,354.3 1 0
github.com/AlmatJuvashev/phd-students-portal/backend/internal/repository/journey_repository.go:355.2,356.12 2 1
github.com/AlmatJuvashev/phd-students-portal/backend/internal/repository/journey_repository.go:359.169,362.20 3 1
github.com/AlmatJuvashev/phd-students-portal/backend/internal/repository/journey_repository.go:362.20,364.3 1 0
github.com/AlmatJuvashev/phd-students-portal/backend/internal/repository/journey_repository.go:365.2,367.16 2 1
github.com/AlmatJuvashev/phd-students-portal/backend/internal/repository/journey_repository.go:370.123,373.16 3 0
github.com/AlmatJuvashev/phd-students-portal/backend/internal/repository/journey_repository.go:373.16,375.3 1 0
github.com/AlmatJuvashev/phd-students-portal/backend/internal/repository/journey_repository.go:376.2,376.19 1 0
github.com/AlmatJuvashev/phd-students-portal/backend/internal/repository/journey_repository.go:379.158,384.2 3 0
github.com/AlmatJuvashev/phd-students-portal/backend/internal/repository/journey_repository.go:386.100,389.2 2 0
github.com/AlmatJuvashev/phd-students-portal/backend/internal/repository/journey_repository.go:391.134,392.22 1 0
github.com/AlmatJuvashev/phd-students-portal/backend/internal/repository/journey_repository.go:392.22,394.3 1 0
github.com/AlmatJuvashev/phd-students-portal/backend/internal/repository/journey_repository.go:397.2,398.16 2 0
github.com/AlmatJuvashev/phd-students-portal/backend/internal/repository/journey_repository.go:398.16,400.3 1 0
github.com/AlmatJuvashev/phd-students-portal/backend/internal/repository/journey_repository.go:402.2,407.16 2 0
github.com/AlmatJuvashev/phd-students-portal/backend/internal/repository/journey_repository.go:407.16,409.3 1 0
github.com/AlmatJuvashev/phd-students-portal/backend/internal/repository/journey_repository.go:412.2,416.35 4 0
github.com/AlmatJuvashev/phd-students-portal/backend/internal/repository/journey_repository.go:416.35,420.3 3 0
github.com/AlmatJuvashev/phd-students-portal/backend/internal/repository/journey_repository.go:422.2,427.12 4 0
github.com/AlmatJuvashev/phd-students-portal/backend/internal/repository/notification_repository.go:23.75,25.2 1 0
github.com/AlmatJuvashev/phd-students-portal/backend/internal/repository/notification_repository.go:27.99,34.16 3 0
github.com/AlmatJuvashev/phd-students-portal/backend/internal/repository/notification_repository.go:34.16,36.3 1 0
github.com/AlmatJuvashev/phd-students-portal/backend/internal/repository/notification_repository.go:37.2,38.17 2 0
github.com/AlmatJuvashev/phd-students-portal/backend/internal/repository/notification_repository.go:38.17,40.3 1 0
github.com/AlmatJuvashev/phd-students-portal/backend/internal/repository/notification_repository.go:41.2,41.12 1 0
github.com/AlmatJuvashev/phd-students-portal/backend/internal/repository/notification_repository.go:44.114,52.16 4 0
github.com/AlmatJuvashev/phd-students-portal/backend/internal/repository/notification_repository.go:52.16,54.3 1 0
github.com/AlmatJuvashev/phd-students-portal/backend/internal/repository/notification_repository.go:55.2,55.20 1 0
github.com/AlmatJuvashev/phd-students-portal/backend/internal/repository/notification_repository.go:58.106,61.16 3 0
github.com/AlmatJuvashev/phd-students-portal/backend/internal/repository/notification_repository.go:61.16,63.3 1 0
github.com/AlmatJuvashev/phd-students-portal/backend/internal/repository/notification_repository.go:64.2,65.19 2 0
github.com/AlmatJuvashev/phd-students-portal/backend/internal/repository/notification_repository.go:65.19,67.3 1 0
github.com/AlmatJuvashev/phd-students-portal/backend/internal/repository/notification_repository.go:68.2,68.12 1 0
github.com/AlmatJuvashev/phd-students-portal/backend/internal/repository/notification_repository.go:71.93,75.2 3 0
github.com/AlmatJuvashev/phd-students-portal/backend/internal/repository/notification_repository.go:77.131,86.16 4 0
github.com/AlmatJuvashev/phd-students-portal/backend/internal/repository/notification_repository.go:86.16,88.3 1 0
github.com/AlmatJuvashev/phd-students-portal/backend/internal/repository/notification_repository.go:89.2,89.20 1 0
github.com/AlmatJuvashev/phd-students-portal/backend/internal/repository/search_repository.go:20.63,22.2 1 0
github.com/AlmatJuvashev/phd-students-portal/backend/internal/repository/search_repository.go:24.148,26.85 1 0
github.com/AlmatJuvashev/phd-students-portal/backend/internal/repository/search_repository.go:26.85,28.3 1 0
github.com/AlmatJuvashev/phd-students-portal/backend/internal/repository/search_repository.go:30.2,37.23 3 0
github.com/AlmatJuvashev/phd-students-portal/backend/internal/repository/search_repository.go:37.23,40.3 2 0
github.com/AlmatJuvashev/phd-students-portal/backend/internal/repository/search_repository.go:42.2,46.16 4 0
github.com/AlmatJuvashev/phd-students-portal/backend/internal/repository/search_repository.go:46.16,48.3 1 0
github.com/AlmatJuvashev/phd-students-portal/backend/internal/repository/search_repository.go:49.2,52.18 3 0
github.com/AlmatJuvashev/phd-students-portal/backend/internal/repository/search_repository.go:52.18,60.88 2 0
github.com/AlmatJuvashev/phd-students-portal/backend/internal/repository/search_repository.go:60.88,61.12 1 0
github.com/AlmatJuvashev/phd-students-portal/backend/internal/repository/search_repository.go:64.3,65.26 2 0
github.com/AlmatJuvashev/phd-students-portal/backend/internal/repository/search_repository.go:65.26,67.4 1 0
github.com/AlmatJuvashev/phd-students-portal/backend/internal/repository/search_repository.go:69.3,76.5 1 0
github.com/AlmatJuvashev/phd-students-portal/backend/internal/repository/search_repository.go:78.2,78.21 1 0
github.com/AlmatJuvashev/phd-students-portal/backend/internal/repository/search_repository.go:81.152,92.23 3 0
github.com/AlmatJuvashev/phd-students-portal/backend/internal/repository/search_repository.go:92.23,95.3 2 0
github.com/AlmatJuvashev/phd-students-portal/backend/internal/repository/search_repository.go:95.8,95.30 1 0
github.com/AlmatJuvashev/phd-students-portal/backend/internal/repository/search_repository.go:95.30,98.3 2 0
github.com/AlmatJuvashev/phd-students-portal/backend/internal/repository/search_repository.go:101.2,105.16 4 0
github.com/AlmatJuvashev/phd-students-portal/backend/internal/repository/search_repository.go:105.16,107.3 1 0
github.com/AlmatJuvashev/phd-students-portal/backend/internal/repository/search_repository.go:108.2,111.18 3 0
github.com/AlmatJuvashev/phd-students-portal/backend/internal/repository/search_repository.go:111.18,119.93 2 0
github.com/AlmatJuvashev/phd-students-portal/backend/internal/repository/search_repository.go:119.93,120.12 1 0
github.com/AlmatJuvashev/phd-students-portal/backend/internal/repository/search_repository.go:123.3,130.5 1 0
github.com/AlmatJuvashev/phd-students-portal/backend/internal/repository/search_repository.go:132.2,132.21 1 0
github.com/AlmatJuvashev/phd-students-portal/backend/internal/repository/superadmin_repository.go:50.71,52.2 1 1
github.com/AlmatJuvashev/phd-students-portal/backend/internal/repository/superadmin_repository.go:56.116,69.20 3 1
github.com/AlmatJuvashev/phd-students-portal/backend/internal/repository/superadmin_repository.go:69.20,72.3 2 1
github.com/AlmatJuvashev/phd-students-portal/backend/internal/repository/superadmin_repository.go:73.2,77.20 4 1
github.com/AlmatJuvashev/phd-students-portal/backend/internal/repository/superadmin_repository.go:80.138,90.26 4 1
github.com/AlmatJuvashev/phd-students-portal/backend/internal/repository/superadmin_repository.go:90.26,92.3 1 0
github.com/AlmatJuvashev/phd-students-portal/backend/internal/repository/superadmin_repository.go:93.2,93.16 1 1
github.com/AlmatJuvashev/phd-students-portal/backend/internal/repository/superadmin_repository.go:93.16,95.3 1 0
github.com/AlmatJuvashev/phd-students-portal/backend/internal/repository/superadmin_repository.go:98.2,107.33 4 1
github.com/AlmatJuvashev/phd-students-portal/backend/internal/repository/superadmin_repository.go:110.117,112.16 2 1
github.com/AlmatJuvashev/phd-students-portal/backend/internal/repository/superadmin_repository.go:112.16,114.3 1 0
github.com/AlmatJuvashev/phd-students-portal/backend/internal/repository/superadmin_repository.go:115.2,124.16 5 1
github.com/AlmatJuvashev/phd-students-portal/backend/internal/repository/superadmin_repository.go:124.16,126.3 1 1
github.com/AlmatJuvashev/phd-students-portal/backend/internal/repository/superadmin_repository.go:128.2,128.44 1 1
github.com/AlmatJuvashev/phd-students-portal/backend/internal/repository/superadmin_repository.go:128.44,135.17 3 1
github.com/AlmatJuvashev/phd-students-portal/backend/internal/repository/superadmin_repository.go:135.17,137.4 1 0
github.com/AlmatJuvashev/phd-students-portal/backend/internal/repository/superadmin_repository.go:140.2,140.28 1 1
github.com/AlmatJuvashev/phd-students-portal/backend/internal/repository/superadmin_repository.go:143.128,145.16 2 1
github.com/AlmatJuvashev/phd-students-portal/backend/internal/repository/superadmin_repository.go:145.16,147.3 1 0
github.com/AlmatJuvashev/phd-students-portal/backend/internal/repository/superadmin_repository.go:148.2,164.16 5 1
github.com/AlmatJuvashev/phd-students-portal/backend/internal/repository/superadmin_repository.go:164.16,166.3 1 0
github.com/AlmatJuvashev/phd-students-portal/backend/internal/repository/superadmin_repository.go:168.2,168.29 1 1
github.com/AlmatJuvashev/phd-students-portal/backend/internal/repository/superadmin_repository.go:168.29,171.17 2 1
github.com/AlmatJuvashev/phd-students-portal/backend/internal/repository/superadmin_repository.go:171.17,173.4 1 0
github.com/AlmatJuvashev/phd-students-portal/backend/internal/repository/superadmin_repository.go:175.3,176.25 2 1
github.com/AlmatJuvashev/phd-students-portal/backend/internal/repository/superadmin_repository.go:176.25,178.4 1 1
github.com/AlmatJuvashev/phd-students-portal/backend/internal/repository/superadmin_repository.go:179.3,179.45 1 1
github.com/AlmatJuvashev/phd-students-portal/backend/internal/repository/superadmin_repository.go:179.45,185.18 3 1
github.com/AlmatJuvashev/phd-students-portal/backend/internal/repository/superadmin_repository.go:185.18,187.5 1 0
github.com/AlmatJuvashev/phd-students-portal/backend/internal/repository/superadmin_repository.go:191.2,191.30 1 1
github.com/AlmatJuvashev/phd-students-portal/backend/internal/repository/superadmin_repository.go:194.95,198.2 3 1
github.com/AlmatJuvashev/phd-students-portal/backend/internal/repository/superadmin_repository.go:200.118,204.2 3 1
github.com/AlmatJuvashev/phd-students-portal/backend/internal/repository/superadmin_repository.go:208.149,226.27 6 1
github.com/AlmatJuvashev/phd-students-portal/backend/internal/repository/superadmin_repository.go:226.27,231.3 5 1
github.com/AlmatJuvashev/phd-students-portal/backend/internal/repository/superadmin_repository.go:232.2,232.25 1 1
github.com/AlmatJuvashev/phd-students-portal/backend/internal/repository/superadmin_repository.go:232.25,237.3 5 0
github.com/AlmatJuvashev/phd-students-portal/backend/internal/repository/superadmin_repository.go:238.2,238.25 1 1
github.com/AlmatJuvashev/phd-students-portal/backend/internal/repository/superadmin_repository.go:238.25,243.3 5 0
github.com/AlmatJuvashev/phd-students-portal/backend/internal/repository/superadmin_repository.go:244.2,244.29 1 1
github.com/AlmatJuvashev/phd-students-portal/backend/internal/repository/superadmin_repository.go:244.29,249.3 5 0
github.com/AlmatJuvashev/phd-students-portal/backend/internal/repository/superadmin_repository.go:250.2,250.28 1 1
github.com/AlmatJuvashev/phd-students-portal/backend/internal/repository/superadmin_repository.go:250.28,255.3 5 0
github.com/AlmatJuvashev/phd-students-portal/backend/internal/repository/superadmin_repository.go:256.2,256.26 1 1
github.com/AlmatJuvashev/phd-students-portal/backend/internal/repository/superadmin_repository.go:256.26,261.3 5 0
github.com/AlmatJuvashev/phd-students-portal/backend/internal/repository/superadmin_repository.go:263.2,265.16 3 1
github.com/AlmatJuvashev/phd-students-portal/backend/internal/repository/superadmin_repository.go:265.16,267.3 1 0
github.com/AlmatJuvashev/phd-students-portal/backend/internal/repository/superadmin_repository.go:269.2,274.25 5 1
github.com/AlmatJuvashev/phd-students-portal/backend/internal/repository/superadmin_repository.go:277.102,290.32 6 1
github.com/AlmatJuvashev/phd-students-portal/backend/internal/repository/superadmin_repository.go:290.32,292.3 1 1
github.com/AlmatJuvashev/phd-students-portal/backend/internal/repository/superadmin_repository.go:295.2,313.20 3 1
github.com/AlmatJuvashev/phd-students-portal/backend/internal/repository/superadmin_repository.go:316.85,320.2 3 1
github.com/AlmatJuvashev/phd-students-portal/backend/internal/repository/superadmin_repository.go:322.89,326.2 3 1
github.com/AlmatJuvashev/phd-students-portal/backend/internal/repository/superadmin_repository.go:328.107,335.28 3 1
github.com/AlmatJuvashev/phd-students-portal/backend/internal/repository/superadmin_repository.go:335.28,337.3 1 1
github.com/AlmatJuvashev/phd-students-portal/backend/internal/repository/superadmin_repository.go:339.2,340.12 2 1
github.com/AlmatJuvashev/phd-students-portal/backend/internal/repository/superadmin_repository.go:345.120,351.20 3 1
github.com/AlmatJuvashev/phd-students-portal/backend/internal/repository/superadmin_repository.go:351.20,354.3 2 1
github.com/AlmatJuvashev/phd-students-portal/backend/internal/repository/superadmin_repository.go:355.2,359.22 4 1
github.com/AlmatJuvashev/phd-students-portal/backend/internal/repository/superadmin_repository.go:362.112,370.26 4 1
github.com/AlmatJuvashev/phd-students-portal/backend/internal/repository/superadmin_repository.go:370.26,372.3 1 1
github.com/AlmatJuvashev/phd-students-portal/backend/internal/repository/superadmin_repository.go:373.2,373.22 1 1
github.com/AlmatJuvashev/phd-students-portal/backend/internal/repository/superadmin_repository.go:376.150,378.16 2 1
github.com/AlmatJuvashev/phd-students-portal/backend/internal/repository/superadmin_repository.go:378.16,380.3 1 0
github.com/AlmatJuvashev/phd-students-portal/backend/internal/repository/superadmin_repository.go:382.2,395.16 4 1
github.com/AlmatJuvashev/phd-students-portal/backend/internal/repository/superadmin_repository.go:395.16,397.3 1 0
github.com/AlmatJuvashev/phd-students-portal/backend/internal/repository/superadmin_repository.go:398.2,398.22 1 1
github.com/AlmatJuvashev/phd-students-portal/backend/internal/repository/superadmin_repository.go:401.88,403.16 2 1
github.com/AlmatJuvashev/phd-students-portal/backend/internal/repository/superadmin_repository.go:403.16,405.3 1 0
github.com/AlmatJuvashev/phd-students-portal/backend/internal/repository/superadmin_repository.go:407.2,408.16 2 1
github.com/AlmatJuvashev/phd-students-portal/backend/internal/repository/superadmin_repository.go:408.16,410.3 1 0
github.com/AlmatJuvashev/phd-students-portal/backend/internal/repository/superadmin_repository.go:412.2,412.15 1 1
github.com/AlmatJuvashev/phd-students-portal/backend/internal/repository/superadmin_repository.go:412.15,414.3 1 0
github.com/AlmatJuvashev/phd-students-portal/backend/internal/repository/superadmin_repository.go:416.2,416.12 1 1
github.com/AlmatJuvashev/phd-students-portal/backend/internal/repository/superadmin_repository.go:419.88,423.2 3 1
github.com/AlmatJuvashev/phd-students-portal/backend/internal/repository/tenant_repository.go:37.63,39.2 1 1
github.com/AlmatJuvashev/phd-students-portal/backend/internal/repository/tenant_repository.go:41.95,47.26 3 1
github.com/AlmatJuvashev/phd-students-portal/backend/internal/repository/tenant_repository.go:47.26,49.3 1 0
github.com/AlmatJuvashev/phd-students-portal/backend/internal/repository/tenant_repository.go:50.2,50.16 1 1
github.com/AlmatJuvashev/phd-students-portal/backend/internal/repository/tenant_repository.go:53.99,59.26 3 1
github.com/AlmatJuvashev/phd-students-portal/backend/internal/repository/tenant_repository.go:59.26,61.3 1 0
github.com/AlmatJuvashev/phd-students-portal/backend/internal/repository/tenant_repository.go:62.2,62.16 1 1
github.com/AlmatJuvashev/phd-students-portal/backend/internal/repository/tenant_repository.go:65.118,76.2 4 1
github.com/AlmatJuvashev/phd-students-portal/backend/internal/repository/tenant_repository.go:78.103,105.2 4 1
github.com/AlmatJuvashev/phd-students-portal/backend/internal/repository/tenant_repository.go:107.109,134.26 4 1
github.com/AlmatJuvashev/phd-students-portal/backend/internal/repository/tenant_repository.go:134.26,136.3 1 0
github.com/AlmatJuvashev/phd-students-portal/backend/internal/repository/tenant_repository.go:137.2,137.16 1 1
github.com/AlmatJuvashev/phd-students-portal/backend/internal/repository/tenant_repository.go:140.93,148.2 3 1
github.com/AlmatJuvashev/phd-students-portal/backend/internal/repository/tenant_repository.go:150.126,155.28 4 1
github.com/AlmatJuvashev/phd-students-portal/backend/internal/repository/tenant_repository.go:155.28,159.3 3 1
github.com/AlmatJuvashev/phd-students-portal/backend/internal/repository/tenant_repository.go:161.2,167.16 5 1
github.com/AlmatJuvashev/phd-students-portal/backend/internal/repository/tenant_repository.go:167.16,169.3 1 0
github.com/AlmatJuvashev/phd-students-portal/backend/internal/repository/tenant_repository.go:170.2,170.16 1 1
github.com/AlmatJuvashev/phd-students-portal/backend/internal/repository/tenant_repository.go:174.76,177.2 2 1
github.com/AlmatJuvashev/phd-students-portal/backend/internal/repository/tenant_repository.go:179.113,183.2 3 1
github.com/AlmatJuvashev/phd-students-portal/backend/internal/repository/tenant_repository.go:185.92,188.2 2 1
github.com/AlmatJuvashev/phd-students-portal/backend/internal/repository/tenant_repository.go:190.84,194.2 3 1
github.com/AlmatJuvashev/phd-students-portal/backend/internal/repository/tenant_repository.go:196.121,203.2 2 1
github.com/AlmatJuvashev/phd-students-portal/backend/internal/repository/tenant_repository.go:205.133,214.26 4 1
github.com/AlmatJuvashev/phd-students-portal/backend/internal/repository/tenant_repository.go:214.26,216.3 1 1
github.com/AlmatJuvashev/phd-students-portal/backend/internal/repository/tenant_repository.go:217.2,217.16 1 1
github.com/AlmatJuvashev/phd-students-portal/backend/internal/repository/tenant_repository.go:220.101,223.26 3 1
github.com/AlmatJuvashev/phd-students-portal/backend/internal/repository/tenant_repository.go:223.26,225.3 1 0
github.com/AlmatJuvashev/phd-students-portal/backend/internal/repository/tenant_repository.go:226.2,226.18 1 1
github.com/AlmatJuvashev/phd-students-portal/backend/internal/repository/tenant_repository.go:229.94,232.2 2 1
github.com/AlmatJuvashev/phd-students-portal/backend/internal/repository/user_repository.go:80.59,82.2 1 1
github.com/AlmatJuvashev/phd-students-portal/backend/internal/repository/user_repository.go:84.89,99.16 4 1
github.com/AlmatJuvashev/phd-students-portal/backend/internal/repository/user_repository.go:99.16,101.3 1 0
github.com/AlmatJuvashev/phd-students-portal/backend/internal/repository/user_repository.go:102.2,102.16 1 1
github.com/AlmatJuvashev/phd-students-portal/backend/internal/repository/user_repository.go:105.91,109.26 4 1
github.com/AlmatJuvashev/phd-students-portal/backend/internal/repository/user_repository.go:109.26,111.3 1 0
github.com/AlmatJuvashev/phd-students-portal/backend/internal/repository/user_repository.go:112.2,112.16 1 1
github.com/AlmatJuvashev/phd-students-portal/backend/internal/repository/user_repository.go:112.16,114.3 1 0
github.com/AlmatJuvashev/phd-students-portal/backend/internal/repository/user_repository.go:115.2,115.16 1 1
github.com/AlmatJuvashev/phd-students-portal/backend/internal/repository/user_repository.go:118.97,122.26 4 1
github.com/AlmatJuvashev/phd-students-portal/backend/internal/repository/user_repository.go:122.26,124.3 1 1
github.com/AlmatJuvashev/phd-students-portal/backend/internal/repository/user_repository.go:125.2,125.16 1 1
github.com/AlmatJuvashev/phd-students-portal/backend/internal/repository/user_repository.go:125.16,127.3 1 1
github.com/AlmatJuvashev/phd-students-portal/backend/internal/repository/user_repository.go:128.2,128.16 1 1
github.com/AlmatJuvashev/phd-students-portal/backend/internal/repository/user_repository.go:131.103,135.26 4 1
github.com/AlmatJuvashev/phd-students-portal/backend/internal/repository/user_repository.go:135.26,137.3 1 0
github.com/AlmatJuvashev/phd-students-portal/backend/internal/repository/user_repository.go:138.2,138.16 1 1
github.com/AlmatJuvashev/phd-students-portal/backend/internal/repository/user_repository.go:138.16,140.3 1 0
github.com/AlmatJuvashev/phd-students-portal/backend/internal/repository/user_repository.go:141.2,141.16 1 1
github.com/AlmatJuvashev/phd-students-portal/backend/internal/repository/user_repository.go:144.79,159.2 3 1
github.com/AlmatJuvashev/phd-students-portal/backend/internal/repository/user_repository.go:161.95,164.2 2 1
github.com/AlmatJuvashev/phd-students-portal/backend/internal/repository/user_repository.go:166.98,169.2 2 1
github.com/AlmatJuvashev/phd-students-portal/backend/internal/repository/user_repository.go:171.90,174.2 2 1
github.com/AlmatJuvashev/phd-students-portal/backend/internal/repository/user_repository.go:176.88,180.2 3 1
github.com/AlmatJuvashev/phd-students-portal/backend/internal/repository/user_repository.go:182.112,186.25 4 1
github.com/AlmatJuvashev/phd-students-portal/backend/internal/repository/user_repository.go:186.25,189.3 2 0
github.com/AlmatJuvashev/phd-students-portal/backend/internal/repository/user_repository.go:190.2,191.23 2 1
github.com/AlmatJuvashev/phd-students-portal/backend/internal/repository/user_repository.go:194.107,200.2 2 1
github.com/AlmatJuvashev/phd-students-portal/backend/internal/repository/user_repository.go:202.128,204.16 2 1
github.com/AlmatJuvashev/phd-students-portal/backend/internal/repository/user_repository.go:204.16,206.3 1 0
github.com/AlmatJuvashev/phd-students-portal/backend/internal/repository/user_repository.go:207.2,211.16 3 1
github.com/AlmatJuvashev/phd-students-portal/backend/internal/repository/user_repository.go:211.16,213.3 1 1
github.com/AlmatJuvashev/phd-students-portal/backend/internal/repository/user_repository.go:216.2,217.33 2 1
github.com/AlmatJuvashev/phd-students-portal/backend/internal/repository/user_repository.go:217.33,219.17 2 1
github.com/AlmatJuvashev/phd-students-portal/backend/internal/repository/user_repository.go:219.17,221.4 1 0
github.com/AlmatJuvashev/phd-students-portal/backend/internal/repository/user_repository.go:224.2,224.20 1 1
github.com/AlmatJuvashev/phd-students-portal/backend/internal/repository/user_repository.go:229.125,253.23 6 1
github.com/AlmatJuvashev/phd-students-portal/backend/internal/repository/user_repository.go:253.23,257.3 3 1
github.com/AlmatJuvashev/phd-students-portal/backend/internal/repository/user_repository.go:262.2,262.26 1 1
github.com/AlmatJuvashev/phd-students-portal/backend/internal/repository/user_repository.go:262.26,266.3 3 1
github.com/AlmatJuvashev/phd-students-portal/backend/internal/repository/user_repository.go:267.2,267.29 1 1
github.com/AlmatJuvashev/phd-students-portal/backend/internal/repository/user_repository.go:267.29,271.3 3 0
github.com/AlmatJuvashev/phd-students-portal/backend/internal/repository/user_repository.go:272.2,272.25 1 1
github.com/AlmatJuvashev/phd-students-portal/backend/internal/repository/user_repository.go:272.25,276.3 3 0
github.com/AlmatJuvashev/phd-students-portal/backend/internal/repository/user_repository.go:277.2,277.28 1 1
github.com/AlmatJuvashev/phd-students-portal/backend/internal/repository/user_repository.go:277.28,281.3 3 0
github.com/AlmatJuvashev/phd-students-portal/backend/internal/repository/user_repository.go:283.2,283.26 1 1
github.com/AlmatJuvashev/phd-students-portal/backend/internal/repository/user_repository.go:283.26,287.3 3 0
github.com/AlmatJuvashev/phd-students-portal/backend/internal/repository/user_repository.go:289.2,289.25 1 1
github.com/AlmatJuvashev/phd-students-portal/backend/internal/repository/user_repository.go:289.25,295.3 4 0
github.com/AlmatJuvashev/phd-students-portal/backend/internal/repository/user_repository.go:297.2,297.25 1 1
github.com/AlmatJuvashev/phd-students-portal/backend/internal/repository/user_repository.go:297.25,301.3 3 1
github.com/AlmatJuvashev/phd-students-portal/backend/internal/repository/user_repository.go:304.2,306.16 3 1
github.com/AlmatJuvashev/phd-students-portal/backend/internal/repository/user_repository.go:306.16,308.3 1 1
github.com/AlmatJuvashev/phd-students-portal/backend/internal/repository/user_repository.go:311.2,316.16 5 1
github.com/AlmatJuvashev/phd-students-portal/backend/internal/repository/user_repository.go:316.16,318.3 1 0
github.com/AlmatJuvashev/phd-students-portal/backend/internal/repository/user_repository.go:320.2,320.26 1 1
github.com/AlmatJuvashev/phd-students-portal/backend/internal/repository/user_repository.go:325.128,331.2 2 1
github.com/AlmatJuvashev/phd-students-portal/backend/internal/repository/user_repository.go:333.117,340.26 4 1
github.com/AlmatJuvashev/phd-students-portal/backend/internal/repository/user_repository.go:340.26,342.3 1 0
github.com/AlmatJuvashev/phd-students-portal/backend/internal/repository/user_repository.go:343.2,343.31 1 1
github.com/AlmatJuvashev/phd-students-portal/backend/internal/repository/user_repository.go:346.99,349.2 2 1
github.com/AlmatJuvashev/phd-students-portal/backend/internal/repository/user_repository.go:351.105,357.26 3 0
github.com/AlmatJuvashev/phd-students-portal/backend/internal/repository/user_repository.go:357.26,359.3 1 0
github.com/AlmatJuvashev/phd-students-portal/backend/internal/repository/user_repository.go:360.2,360.18 1 0
github.com/AlmatJuvashev/phd-students-portal/backend/internal/repository/user_repository.go:367.123,381.2 5 1
github.com/AlmatJuvashev/phd-students-portal/backend/internal/repository/user_repository.go:383.95,386.2 2 1
github.com/AlmatJuvashev/phd-students-portal/backend/internal/repository/user_repository.go:389.138,395.2 2 1
github.com/AlmatJuvashev/phd-students-portal/backend/internal/repository/user_repository.go:397.109,404.26 3 1
github.com/AlmatJuvashev/phd-students-portal/backend/internal/repository/user_repository.go:404.26,406.3 1 0
github.com/AlmatJuvashev/phd-students-portal/backend/internal/repository/user_repository.go:407.2,407.22 1 1
github.com/AlmatJuvashev/phd-students-portal/backend/internal/repository/user_repository.go:410.122,422.26 4 0
github.com/AlmatJuvashev/phd-students-portal/backend/internal/repository/user_repository.go:422.26,424.3 1 0
github.com/AlmatJuvashev/phd-students-portal/backend/internal/repository/user_repository.go:425.2,425.16 1 0
github.com/AlmatJuvashev/phd-students-portal/backend/internal/repository/user_repository.go:425.16,427.3 1 0
github.com/AlmatJuvashev/phd-students-portal/backend/internal/repository/user_repository.go:428.2,428.62 1 0
github.com/AlmatJuvashev/phd-students-portal/backend/internal/repository/user_repository.go:431.99,434.2 2 0
github.com/AlmatJuvashev/phd-students-portal/backend/internal/repository/user_repository.go:437.125,443.2 2 1
github.com/AlmatJuvashev/phd-students-portal/backend/internal/repository/user_repository.go:445.139,446.24 1 1
github.com/AlmatJuvashev/phd-students-portal/backend/internal/repository/user_repository.go:446.24,446.38 1 0
github.com/AlmatJuvashev/phd-students-portal/backend/internal/repository/user_repository.go:447.2,448.16 2 1
github.com/AlmatJuvashev/phd-students-portal/backend/internal/repository/user_repository.go:448.16,448.30 1 0
github.com/AlmatJuvashev/phd-students-portal/backend/internal/repository/user_repository.go:450.2,455.12 2 1
github.com/AlmatJuvashev/phd-students-portal/backend/internal/repository/user_repository.go:459.29,460.32 1 1
github.com/AlmatJuvashev/phd-students-portal/backend/internal/repository/user_repository.go:460.32,462.3 1 1
github.com/AlmatJuvashev/phd-students-portal/backend/internal/repository/user_repository.go:463.2,463.10 1 1
