mode: set
/Users/almatjuvashev/Documents/Projects/KazNMU/kaznmu_phd_bot/checklist/phd-student-portal-starter-v8/backend/internal/repository/scheduler_repository.go:50.69,52.2 1 1
/Users/almatjuvashev/Documents/Projects/KazNMU/kaznmu_phd_bot/checklist/phd-student-portal-starter-v8/backend/internal/repository/scheduler_repository.go:56.99,61.16 3 1
/Users/almatjuvashev/Documents/Projects/KazNMU/kaznmu_phd_bot/checklist/phd-student-portal-starter-v8/backend/internal/repository/scheduler_repository.go:61.16,63.3 1 1
/Users/almatjuvashev/Documents/Projects/KazNMU/kaznmu_phd_bot/checklist/phd-student-portal-starter-v8/backend/internal/repository/scheduler_repository.go:64.2,65.17 2 1
/Users/almatjuvashev/Documents/Projects/KazNMU/kaznmu_phd_bot/checklist/phd-student-portal-starter-v8/backend/internal/repository/scheduler_repository.go:65.17,67.3 1 1
/Users/almatjuvashev/Documents/Projects/KazNMU/kaznmu_phd_bot/checklist/phd-student-portal-starter-v8/backend/internal/repository/scheduler_repository.go:68.2,68.12 1 0
/Users/almatjuvashev/Documents/Projects/KazNMU/kaznmu_phd_bot/checklist/phd-student-portal-starter-v8/backend/internal/repository/scheduler_repository.go:71.104,75.2 3 1
/Users/almatjuvashev/Documents/Projects/KazNMU/kaznmu_phd_bot/checklist/phd-student-portal-starter-v8/backend/internal/repository/scheduler_repository.go:77.113,81.2 3 1
/Users/almatjuvashev/Documents/Projects/KazNMU/kaznmu_phd_bot/checklist/phd-student-portal-starter-v8/backend/internal/repository/scheduler_repository.go:83.99,89.2 4 1
/Users/almatjuvashev/Documents/Projects/KazNMU/kaznmu_phd_bot/checklist/phd-student-portal-starter-v8/backend/internal/repository/scheduler_repository.go:91.83,94.2 2 1
/Users/almatjuvashev/Documents/Projects/KazNMU/kaznmu_phd_bot/checklist/phd-student-portal-starter-v8/backend/internal/repository/scheduler_repository.go:98.102,103.16 3 1
/Users/almatjuvashev/Documents/Projects/KazNMU/kaznmu_phd_bot/checklist/phd-student-portal-starter-v8/backend/internal/repository/scheduler_repository.go:103.16,105.3 1 0
/Users/almatjuvashev/Documents/Projects/KazNMU/kaznmu_phd_bot/checklist/phd-student-portal-starter-v8/backend/internal/repository/scheduler_repository.go:106.2,107.17 2 1
/Users/almatjuvashev/Documents/Projects/KazNMU/kaznmu_phd_bot/checklist/phd-student-portal-starter-v8/backend/internal/repository/scheduler_repository.go:107.17,109.3 1 1
/Users/almatjuvashev/Documents/Projects/KazNMU/kaznmu_phd_bot/checklist/phd-student-portal-starter-v8/backend/internal/repository/scheduler_repository.go:110.2,110.12 1 0
/Users/almatjuvashev/Documents/Projects/KazNMU/kaznmu_phd_bot/checklist/phd-student-portal-starter-v8/backend/internal/repository/scheduler_repository.go:113.150,124.2 4 1
/Users/almatjuvashev/Documents/Projects/KazNMU/kaznmu_phd_bot/checklist/phd-student-portal-starter-v8/backend/internal/repository/scheduler_repository.go:126.110,130.2 3 1
/Users/almatjuvashev/Documents/Projects/KazNMU/kaznmu_phd_bot/checklist/phd-student-portal-starter-v8/backend/internal/repository/scheduler_repository.go:132.134,135.18 3 1
/Users/almatjuvashev/Documents/Projects/KazNMU/kaznmu_phd_bot/checklist/phd-student-portal-starter-v8/backend/internal/repository/scheduler_repository.go:135.18,138.3 2 1
/Users/almatjuvashev/Documents/Projects/KazNMU/kaznmu_phd_bot/checklist/phd-student-portal-starter-v8/backend/internal/repository/scheduler_repository.go:139.2,142.18 4 1
/Users/almatjuvashev/Documents/Projects/KazNMU/kaznmu_phd_bot/checklist/phd-student-portal-starter-v8/backend/internal/repository/scheduler_repository.go:145.102,151.2 4 1
/Users/almatjuvashev/Documents/Projects/KazNMU/kaznmu_phd_bot/checklist/phd-student-portal-starter-v8/backend/internal/repository/scheduler_repository.go:155.93,160.16 3 1
/Users/almatjuvashev/Documents/Projects/KazNMU/kaznmu_phd_bot/checklist/phd-student-portal-starter-v8/backend/internal/repository/scheduler_repository.go:160.16,162.3 1 0
/Users/almatjuvashev/Documents/Projects/KazNMU/kaznmu_phd_bot/checklist/phd-student-portal-starter-v8/backend/internal/repository/scheduler_repository.go:163.2,164.17 2 1
/Users/almatjuvashev/Documents/Projects/KazNMU/kaznmu_phd_bot/checklist/phd-student-portal-starter-v8/backend/internal/repository/scheduler_repository.go:164.17,166.3 1 1
/Users/almatjuvashev/Documents/Projects/KazNMU/kaznmu_phd_bot/checklist/phd-student-portal-starter-v8/backend/internal/repository/scheduler_repository.go:167.2,167.12 1 0
/Users/almatjuvashev/Documents/Projects/KazNMU/kaznmu_phd_bot/checklist/phd-student-portal-starter-v8/backend/internal/repository/scheduler_repository.go:170.114,174.2 3 1
/Users/almatjuvashev/Documents/Projects/KazNMU/kaznmu_phd_bot/checklist/phd-student-portal-starter-v8/backend/internal/repository/scheduler_repository.go:176.84,179.2 2 1
/Users/almatjuvashev/Documents/Projects/KazNMU/kaznmu_phd_bot/checklist/phd-student-portal-starter-v8/backend/internal/repository/scheduler_repository.go:183.99,188.16 3 1
/Users/almatjuvashev/Documents/Projects/KazNMU/kaznmu_phd_bot/checklist/phd-student-portal-starter-v8/backend/internal/repository/scheduler_repository.go:188.16,190.3 1 0
/Users/almatjuvashev/Documents/Projects/KazNMU/kaznmu_phd_bot/checklist/phd-student-portal-starter-v8/backend/internal/repository/scheduler_repository.go:191.2,192.17 2 1
/Users/almatjuvashev/Documents/Projects/KazNMU/kaznmu_phd_bot/checklist/phd-student-portal-starter-v8/backend/internal/repository/scheduler_repository.go:192.17,194.3 1 1
/Users/almatjuvashev/Documents/Projects/KazNMU/kaznmu_phd_bot/checklist/phd-student-portal-starter-v8/backend/internal/repository/scheduler_repository.go:195.2,195.12 1 0
/Users/almatjuvashev/Documents/Projects/KazNMU/kaznmu_phd_bot/checklist/phd-student-portal-starter-v8/backend/internal/repository/scheduler_repository.go:198.148,203.2 4 1
/Users/almatjuvashev/Documents/Projects/KazNMU/kaznmu_phd_bot/checklist/phd-student-portal-starter-v8/backend/internal/repository/scheduler_repository.go:206.150,211.2 4 1
/Users/almatjuvashev/Documents/Projects/KazNMU/kaznmu_phd_bot/checklist/phd-student-portal-starter-v8/backend/internal/repository/scheduler_repository.go:214.162,222.2 4 1
/Users/almatjuvashev/Documents/Projects/KazNMU/kaznmu_phd_bot/checklist/phd-student-portal-starter-v8/backend/internal/repository/scheduler_repository.go:224.121,233.2 4 1
/Users/almatjuvashev/Documents/Projects/KazNMU/kaznmu_phd_bot/checklist/phd-student-portal-starter-v8/backend/internal/repository/scheduler_repository.go:235.99,239.21 3 1
/Users/almatjuvashev/Documents/Projects/KazNMU/kaznmu_phd_bot/checklist/phd-student-portal-starter-v8/backend/internal/repository/scheduler_repository.go:239.21,239.74 1 1
/Users/almatjuvashev/Documents/Projects/KazNMU/kaznmu_phd_bot/checklist/phd-student-portal-starter-v8/backend/internal/repository/scheduler_repository.go:240.2,240.27 1 1
/Users/almatjuvashev/Documents/Projects/KazNMU/kaznmu_phd_bot/checklist/phd-student-portal-starter-v8/backend/internal/repository/scheduler_repository.go:240.27,240.92 1 0
/Users/almatjuvashev/Documents/Projects/KazNMU/kaznmu_phd_bot/checklist/phd-student-portal-starter-v8/backend/internal/repository/scheduler_repository.go:241.2,245.12 4 1
/Users/almatjuvashev/Documents/Projects/KazNMU/kaznmu_phd_bot/checklist/phd-student-portal-starter-v8/backend/internal/repository/scheduler_repository.go:248.86,251.2 2 1
/Users/almatjuvashev/Documents/Projects/KazNMU/kaznmu_phd_bot/checklist/phd-student-portal-starter-v8/backend/internal/repository/scheduler_repository.go:255.117,259.2 3 1
/Users/almatjuvashev/Documents/Projects/KazNMU/kaznmu_phd_bot/checklist/phd-student-portal-starter-v8/backend/internal/repository/scheduler_repository.go:261.111,266.2 4 1
/Users/almatjuvashev/Documents/Projects/KazNMU/kaznmu_phd_bot/checklist/phd-student-portal-starter-v8/backend/internal/repository/scheduler_repository.go:268.159,269.25 1 1
/Users/almatjuvashev/Documents/Projects/KazNMU/kaznmu_phd_bot/checklist/phd-student-portal-starter-v8/backend/internal/repository/scheduler_repository.go:269.25,271.3 1 1
/Users/almatjuvashev/Documents/Projects/KazNMU/kaznmu_phd_bot/checklist/phd-student-portal-starter-v8/backend/internal/repository/scheduler_repository.go:272.2,280.16 2 1
/Users/almatjuvashev/Documents/Projects/KazNMU/kaznmu_phd_bot/checklist/phd-student-portal-starter-v8/backend/internal/repository/scheduler_repository.go:280.16,282.3 1 0
/Users/almatjuvashev/Documents/Projects/KazNMU/kaznmu_phd_bot/checklist/phd-student-portal-starter-v8/backend/internal/repository/scheduler_repository.go:284.2,288.18 4 1
