mode: set
github.com/AlmatJuvashev/phd-students-portal/backend/internal/services/debouncer/debouncer.go:18.56,20.21 2 1
github.com/AlmatJuvashev/phd-students-portal/backend/internal/services/debouncer/debouncer.go:20.21,22.3 1 1
github.com/AlmatJuvashev/phd-students-portal/backend/internal/services/debouncer/debouncer.go:24.2,27.66 3 1
github.com/AlmatJuvashev/phd-students-portal/backend/internal/services/debouncer/debouncer.go:27.66,28.63 1 0
github.com/AlmatJuvashev/phd-students-portal/backend/internal/services/debouncer/debouncer.go:28.63,30.4 1 0
github.com/AlmatJuvashev/phd-students-portal/backend/internal/services/debouncer/debouncer.go:33.2,44.47 5 1
github.com/AlmatJuvashev/phd-students-portal/backend/internal/services/debouncer/debouncer.go:44.47,47.3 2 1
github.com/AlmatJuvashev/phd-students-portal/backend/internal/services/debouncer/debouncer.go:49.2,53.3 1 1
github.com/AlmatJuvashev/phd-students-portal/backend/internal/services/debouncer/debouncer.go:58.113,59.16 1 1
github.com/AlmatJuvashev/phd-students-portal/backend/internal/services/debouncer/debouncer.go:59.16,61.3 1 1
github.com/AlmatJuvashev/phd-students-portal/backend/internal/services/debouncer/debouncer.go:63.2,67.16 3 0
github.com/AlmatJuvashev/phd-students-portal/backend/internal/services/debouncer/debouncer.go:67.16,70.3 2 0
github.com/AlmatJuvashev/phd-students-portal/backend/internal/services/debouncer/debouncer.go:72.2,72.16 1 0
github.com/AlmatJuvashev/phd-students-portal/backend/internal/services/debouncer/debouncer.go:72.16,75.3 1 0
github.com/AlmatJuvashev/phd-students-portal/backend/internal/services/debouncer/debouncer.go:78.2,78.82 1 0
github.com/AlmatJuvashev/phd-students-portal/backend/internal/services/debouncer/debouncer.go:78.82,80.3 1 0
github.com/AlmatJuvashev/phd-students-portal/backend/internal/services/debouncer/debouncer.go:82.2,82.13 1 0
github.com/AlmatJuvashev/phd-students-portal/backend/internal/services/debouncer/debouncer.go:85.90,87.2 1 1
github.com/AlmatJuvashev/phd-students-portal/backend/internal/services/debouncer/debouncer.go:89.47,90.21 1 1
github.com/AlmatJuvashev/phd-students-portal/backend/internal/services/debouncer/debouncer.go:90.21,92.3 1 1
github.com/AlmatJuvashev/phd-students-portal/backend/internal/services/debouncer/debouncer.go:93.2,93.12 1 1
github.com/AlmatJuvashev/phd-students-portal/backend/internal/services/mailer/mailer.go:20.26,28.2 1 1
github.com/AlmatJuvashev/phd-students-portal/backend/internal/services/mailer/mailer.go:30.72,31.34 1 1
github.com/AlmatJuvashev/phd-students-portal/backend/internal/services/mailer/mailer.go:31.34,34.3 2 1
github.com/AlmatJuvashev/phd-students-portal/backend/internal/services/mailer/mailer.go:36.2,40.38 4 0
github.com/AlmatJuvashev/phd-students-portal/backend/internal/services/mailer/mailer.go:40.38,42.3 1 0
github.com/AlmatJuvashev/phd-students-portal/backend/internal/services/mailer/mailer.go:44.2,45.16 2 0
github.com/AlmatJuvashev/phd-students-portal/backend/internal/services/mailer/mailer.go:45.16,48.3 2 0
github.com/AlmatJuvashev/phd-students-portal/backend/internal/services/mailer/mailer.go:50.2,51.12 2 0
github.com/AlmatJuvashev/phd-students-portal/backend/internal/services/mailer/mailer.go:54.117,104.16 4 1
github.com/AlmatJuvashev/phd-students-portal/backend/internal/services/mailer/mailer.go:104.16,106.3 1 0
github.com/AlmatJuvashev/phd-students-portal/backend/internal/services/mailer/mailer.go:108.2,116.16 3 1
github.com/AlmatJuvashev/phd-students-portal/backend/internal/services/mailer/mailer.go:116.16,118.3 1 0
github.com/AlmatJuvashev/phd-students-portal/backend/internal/services/mailer/mailer.go:120.2,120.59 1 1
github.com/AlmatJuvashev/phd-students-portal/backend/internal/services/mailer/mailer.go:123.64,132.2 8 1
github.com/AlmatJuvashev/phd-students-portal/backend/internal/services/playbook/manager.go:56.63,58.2 1 1
github.com/AlmatJuvashev/phd-students-portal/backend/internal/services/playbook/manager.go:60.89,62.2 1 0
github.com/AlmatJuvashev/phd-students-portal/backend/internal/services/playbook/manager.go:64.86,66.16 2 1
github.com/AlmatJuvashev/phd-students-portal/backend/internal/services/playbook/manager.go:66.16,68.3 1 1
github.com/AlmatJuvashev/phd-students-portal/backend/internal/services/playbook/manager.go:69.2,74.16 5 1
github.com/AlmatJuvashev/phd-students-portal/backend/internal/services/playbook/manager.go:74.16,76.50 2 1
github.com/AlmatJuvashev/phd-students-portal/backend/internal/services/playbook/manager.go:76.50,78.4 1 1
github.com/AlmatJuvashev/phd-students-portal/backend/internal/services/playbook/manager.go:79.3,81.17 2 1
github.com/AlmatJuvashev/phd-students-portal/backend/internal/services/playbook/manager.go:81.17,83.4 1 0
github.com/AlmatJuvashev/phd-students-portal/backend/internal/services/playbook/manager.go:84.3,87.73 2 1
github.com/AlmatJuvashev/phd-students-portal/backend/internal/services/playbook/manager.go:87.73,89.10 1 0
github.com/AlmatJuvashev/phd-students-portal/backend/internal/services/playbook/manager.go:91.3,91.167 1 1
github.com/AlmatJuvashev/phd-students-portal/backend/internal/services/playbook/manager.go:95.5,95.69 1 1
github.com/AlmatJuvashev/phd-students-portal/backend/internal/services/playbook/manager.go:95.69,97.6 1 0
github.com/AlmatJuvashev/phd-students-portal/backend/internal/services/playbook/manager.go:99.2,102.16 4 1
github.com/AlmatJuvashev/phd-students-portal/backend/internal/services/playbook/manager.go:102.16,104.3 1 0
github.com/AlmatJuvashev/phd-students-portal/backend/internal/services/playbook/manager.go:105.2,106.53 2 1
github.com/AlmatJuvashev/phd-students-portal/backend/internal/services/playbook/manager.go:106.53,108.3 1 0
github.com/AlmatJuvashev/phd-students-portal/backend/internal/services/playbook/manager.go:109.2,110.167 2 1
github.com/AlmatJuvashev/phd-students-portal/backend/internal/services/playbook/manager.go:113.70,117.16 2 1
github.com/AlmatJuvashev/phd-students-portal/backend/internal/services/playbook/manager.go:117.16,119.3 1 0
github.com/AlmatJuvashev/phd-students-portal/backend/internal/services/playbook/manager.go:120.5,120.15 1 1
github.com/AlmatJuvashev/phd-students-portal/backend/internal/services/playbook/manager.go:123.67,126.30 3 1
github.com/AlmatJuvashev/phd-students-portal/backend/internal/services/playbook/manager.go:126.30,127.29 1 1
github.com/AlmatJuvashev/phd-students-portal/backend/internal/services/playbook/manager.go:127.29,130.4 2 1
github.com/AlmatJuvashev/phd-students-portal/backend/internal/services/playbook/manager.go:132.2,132.26 1 1
github.com/AlmatJuvashev/phd-students-portal/backend/internal/services/playbook/manager.go:135.62,138.2 2 1
github.com/AlmatJuvashev/phd-students-portal/backend/internal/services/playbook/manager.go:140.53,142.2 1 0
github.com/AlmatJuvashev/phd-students-portal/backend/internal/services/playbook/manager.go:144.60,146.37 2 0
github.com/AlmatJuvashev/phd-students-portal/backend/internal/services/playbook/manager.go:146.37,147.21 1 0
github.com/AlmatJuvashev/phd-students-portal/backend/internal/services/playbook/manager.go:147.21,149.4 1 0
github.com/AlmatJuvashev/phd-students-portal/backend/internal/services/playbook/manager.go:151.2,151.14 1 0
